<?xml version="1.0" encoding="UTF-8"?>
<!-- Generated by org.testng.reporters.JUnitXMLReporter -->
<testsuite hostname="HW1562" ignored="12" name="Default test" tests="1" failures="1" timestamp="11 May 2018 11:19:11 GMT" time="2.388" errors="0">
  <testcase name="QA19_ViewAndModifyAnOrder_ViaOrderSets" time="2.036" classname="aut.tests.functionaltests.PhysicianPortalTestCases">
    <failure type="java.lang.NullPointerException">
      <![CDATA[java.lang.NullPointerException
	at aut.bluestrata.pages.PhysicianPortal.ModifyOrderPageDetail(PhysicianPortal.java:1964)
	at aut.tests.functionaltests.PhysicianPortalTestCases.QA19_ViewAndModifyAnOrder_ViaOrderSets(PhysicianPortalTestCases.java:2036)
	at sun.reflect.NativeMethodAccessorImpl.invoke0(Native Method)
	at sun.reflect.NativeMethodAccessorImpl.invoke(Unknown Source)
	at sun.reflect.DelegatingMethodAccessorImpl.invoke(Unknown Source)
	at java.lang.reflect.Method.invoke(Unknown Source)
	at org.testng.internal.MethodInvocationHelper.invokeMethod(MethodInvocationHelper.java:108)
	at org.testng.internal.Invoker.invokeMethod(Invoker.java:661)
	at org.testng.internal.Invoker.invokeTestMethod(Invoker.java:869)
	at org.testng.internal.Invoker.invokeTestMethods(Invoker.java:1193)
	at org.testng.internal.TestMethodWorker.invokeTestMethods(TestMethodWorker.java:126)
	at org.testng.internal.TestMethodWorker.run(TestMethodWorker.java:109)
	at org.testng.TestRunner.privateRun(TestRunner.java:744)
	at org.testng.TestRunner.run(TestRunner.java:602)
	at org.testng.SuiteRunner.runTest(SuiteRunner.java:380)
	at org.testng.SuiteRunner.runSequentially(SuiteRunner.java:375)
	at org.testng.SuiteRunner.privateRun(SuiteRunner.java:340)
	at org.testng.SuiteRunner.run(SuiteRunner.java:289)
	at org.testng.SuiteRunnerWorker.runSuite(SuiteRunnerWorker.java:52)
	at org.testng.SuiteRunnerWorker.run(SuiteRunnerWorker.java:86)
	at org.testng.TestNG.runSuitesSequentially(TestNG.java:1301)
	at org.testng.TestNG.runSuitesLocally(TestNG.java:1226)
	at org.testng.TestNG.runSuites(TestNG.java:1144)
	at org.testng.TestNG.run(TestNG.java:1115)
	at org.testng.remote.AbstractRemoteTestNG.run(AbstractRemoteTestNG.java:114)
	at org.testng.remote.RemoteTestNG.initAndRun(RemoteTestNG.java:251)
	at org.testng.remote.RemoteTestNG.main(RemoteTestNG.java:77)
]]>
    </failure>
  </testcase> <!-- QA19_ViewAndModifyAnOrder_ViaOrderSets -->
  <testcase name="QA17_ResidentOrders_CreateAnOrderWithFrequencyPRN" time="0.0" classname="aut.tests.functionaltests.PhysicianPortalTestCases">
    <ignored/>
  </testcase> <!-- QA17_ResidentOrders_CreateAnOrderWithFrequencyPRN -->
  <testcase name="QA10_ResidentOrders_CreateAnOrderWithFrequencyRoutine" time="0.0" classname="aut.tests.functionaltests.PhysicianPortalTestCases">
    <ignored/>
  </testcase> <!-- QA10_ResidentOrders_CreateAnOrderWithFrequencyRoutine -->
  <testcase name="QA16_ResidentOrders_CreateAnOrderWithFrequencyPRNEveryHour" time="0.0" classname="aut.tests.functionaltests.PhysicianPortalTestCases">
    <ignored/>
  </testcase> <!-- QA16_ResidentOrders_CreateAnOrderWithFrequencyPRNEveryHour -->
  <testcase name="QA15_ResidentOrders_CreateAnOrderWithFrequencyRoutine" time="0.0" classname="aut.tests.functionaltests.PhysicianPortalTestCases">
    <ignored/>
  </testcase> <!-- QA15_ResidentOrders_CreateAnOrderWithFrequencyRoutine -->
  <testcase name="QA11_HowOften_RoutineFrequencyType" time="0.0" classname="aut.tests.functionaltests.PhysicianPortalTestCases">
    <ignored/>
  </testcase> <!-- QA11_HowOften_RoutineFrequencyType -->
  <testcase name="QA13_ResidentOrders_CreateAnOrderWithFrequencyPRNEveryHour" time="0.0" classname="aut.tests.functionaltests.PhysicianPortalTestCases">
    <ignored/>
  </testcase> <!-- QA13_ResidentOrders_CreateAnOrderWithFrequencyPRNEveryHour -->
  <testcase name="QA08_ResidentOrders_CreateAnOrder" time="0.0" classname="aut.tests.functionaltests.PhysicianPortalTestCases">
    <ignored/>
  </testcase> <!-- QA08_ResidentOrders_CreateAnOrder -->
  <testcase name="QA14_ResidentOrders_CreateAnOrder" time="0.0" classname="aut.tests.functionaltests.PhysicianPortalTestCases">
    <ignored/>
  </testcase> <!-- QA14_ResidentOrders_CreateAnOrder -->
  <testcase name="QA12_ResidentOrders_CreateAnOrderWithFrequencyPRN" time="0.0" classname="aut.tests.functionaltests.PhysicianPortalTestCases">
    <ignored/>
  </testcase> <!-- QA12_ResidentOrders_CreateAnOrderWithFrequencyPRN -->
  <testcase name="QA09_ResidentOrders_CreateAnOrderWithFrequencyRoutine" time="0.0" classname="aut.tests.functionaltests.PhysicianPortalTestCases">
    <ignored/>
  </testcase> <!-- QA09_ResidentOrders_CreateAnOrderWithFrequencyRoutine -->
  <testcase name="QA18_CreateAnOrder_ViaOrderSets" time="0.0" classname="aut.tests.functionaltests.PhysicianPortalTestCases">
    <ignored/>
  </testcase> <!-- QA18_CreateAnOrder_ViaOrderSets -->
  <testcase name="QA07_ResidentOrders" time="0.0" classname="aut.tests.functionaltests.PhysicianPortalTestCases">
    <ignored/>
  </testcase> <!-- QA07_ResidentOrders -->
</testsuite> <!-- Default test -->
