<?xml version="1.0" encoding="UTF-8"?>
<testng-results skipped="0" failed="0" ignored="0" total="2" passed="2">
  <reporter-output>
  </reporter-output>
  <suite name="SuiteRegression" duration-ms="3259699" started-at="2018-07-06T06:24:21Z" finished-at="2018-07-06T07:18:41Z">
    <groups>
    </groups>
    <test name="Test" duration-ms="3259699" started-at="2018-07-06T06:24:21Z" finished-at="2018-07-06T07:18:41Z">
      <class name="aut.tests.functionaltests.PhysicianPortalTestCases">
        <test-method status="PASS" signature="beforeSuite(org.testng.ITestContext, org.testng.xml.XmlTest)[pri:0, instance:aut.tests.functionaltests.PhysicianPortalTestCases@8317c52]" name="beforeSuite" is-config="true" duration-ms="149" started-at="2018-07-06T11:54:21Z" finished-at="2018-07-06T11:54:21Z">
          <params>
            <param index="0">
              <value>
                <![CDATA[org.testng.TestRunner@17d35547]]>
              </value>
            </param>
            <param index="1">
              <value>
                <![CDATA[[Test: "Test" verbose:1[parameters:][metagroups:] [included: ][excluded: ]  classes: packages:] ]]>
              </value>
            </param>
          </params>
          <reporter-output>
          </reporter-output>
        </test-method> <!-- beforeSuite -->
        <test-method status="PASS" signature="beforeTest(org.testng.ITestContext)[pri:0, instance:aut.tests.functionaltests.PhysicianPortalTestCases@8317c52]" name="beforeTest" is-config="true" duration-ms="1" started-at="2018-07-06T11:54:21Z" finished-at="2018-07-06T11:54:21Z">
          <params>
            <param index="0">
              <value>
                <![CDATA[org.testng.TestRunner@17d35547]]>
              </value>
            </param>
          </params>
          <reporter-output>
          </reporter-output>
        </test-method> <!-- beforeTest -->
        <test-method status="PASS" signature="beforeMethod(org.testng.ITestContext, java.lang.reflect.Method)[pri:0, instance:aut.tests.functionaltests.PhysicianPortalTestCases@8317c52]" name="beforeMethod" is-config="true" duration-ms="76317" started-at="2018-07-06T11:54:21Z" finished-at="2018-07-06T11:55:37Z">
          <params>
            <param index="0">
              <value>
                <![CDATA[org.testng.TestRunner@17d35547]]>
              </value>
            </param>
            <param index="1">
              <value>
                <![CDATA[public void aut.tests.functionaltests.PhysicianPortalTestCases.QA022_SignAnOrder_ViaOrderSetsOrCreateAnOrder(org.testng.ITestContext) throws java.awt.AWTException]]>
              </value>
            </param>
          </params>
          <reporter-output>
          </reporter-output>
        </test-method> <!-- beforeMethod -->
        <test-method status="PASS" signature="QA022_SignAnOrder_ViaOrderSetsOrCreateAnOrder(org.testng.ITestContext)[pri:16, instance:aut.tests.functionaltests.PhysicianPortalTestCases@8317c52]" name="QA022_SignAnOrder_ViaOrderSetsOrCreateAnOrder" duration-ms="655494" started-at="2018-07-06T11:55:37Z" finished-at="2018-07-06T12:06:33Z">
          <params>
            <param index="0">
              <value>
                <![CDATA[org.testng.TestRunner@17d35547]]>
              </value>
            </param>
          </params>
          <reporter-output>
          </reporter-output>
        </test-method> <!-- QA022_SignAnOrder_ViaOrderSetsOrCreateAnOrder -->
        <test-method status="PASS" signature="afterMethod(org.testng.ITestContext, org.testng.ITestResult, java.lang.reflect.Method)[pri:0, instance:aut.tests.functionaltests.PhysicianPortalTestCases@8317c52]" name="afterMethod" is-config="true" duration-ms="762" started-at="2018-07-06T12:06:33Z" finished-at="2018-07-06T12:06:34Z">
          <params>
            <param index="0">
              <value>
                <![CDATA[org.testng.TestRunner@17d35547]]>
              </value>
            </param>
            <param index="1">
              <value>
                <![CDATA[[TestResult name=QA022_SignAnOrder_ViaOrderSetsOrCreateAnOrder status=SUCCESS method=PhysicianPortalTestCases.QA022_SignAnOrder_ViaOrderSetsOrCreateAnOrder(org.testng.ITestContext)[pri:16, instance:aut.tests.functionaltests.PhysicianPortalTestCases@8317c52] output={null}]]]>
              </value>
            </param>
            <param index="2">
              <value>
                <![CDATA[public void aut.tests.functionaltests.PhysicianPortalTestCases.QA022_SignAnOrder_ViaOrderSetsOrCreateAnOrder(org.testng.ITestContext) throws java.awt.AWTException]]>
              </value>
            </param>
          </params>
          <reporter-output>
          </reporter-output>
        </test-method> <!-- afterMethod -->
        <test-method status="PASS" signature="beforeMethod(org.testng.ITestContext, java.lang.reflect.Method)[pri:0, instance:aut.tests.functionaltests.PhysicianPortalTestCases@8317c52]" name="beforeMethod" is-config="true" duration-ms="75338" started-at="2018-07-06T12:06:34Z" finished-at="2018-07-06T12:07:49Z">
          <params>
            <param index="0">
              <value>
                <![CDATA[org.testng.TestRunner@17d35547]]>
              </value>
            </param>
            <param index="1">
              <value>
                <![CDATA[public void aut.tests.functionaltests.PhysicianPortalTestCases.QA023_ViewAndModifyAnOrder_ViaOrderSetsOrCreateAnOrder(org.testng.ITestContext) throws java.awt.AWTException]]>
              </value>
            </param>
          </params>
          <reporter-output>
          </reporter-output>
        </test-method> <!-- beforeMethod -->
        <test-method status="PASS" signature="QA023_ViewAndModifyAnOrder_ViaOrderSetsOrCreateAnOrder(org.testng.ITestContext)[pri:17, instance:aut.tests.functionaltests.PhysicianPortalTestCases@8317c52]" name="QA023_ViewAndModifyAnOrder_ViaOrderSetsOrCreateAnOrder" duration-ms="2451077" started-at="2018-07-06T12:07:49Z" finished-at="2018-07-06T12:48:40Z">
          <params>
            <param index="0">
              <value>
                <![CDATA[org.testng.TestRunner@17d35547]]>
              </value>
            </param>
          </params>
          <reporter-output>
          </reporter-output>
        </test-method> <!-- QA023_ViewAndModifyAnOrder_ViaOrderSetsOrCreateAnOrder -->
        <test-method status="PASS" signature="afterMethod(org.testng.ITestContext, org.testng.ITestResult, java.lang.reflect.Method)[pri:0, instance:aut.tests.functionaltests.PhysicianPortalTestCases@8317c52]" name="afterMethod" is-config="true" duration-ms="630" started-at="2018-07-06T12:48:40Z" finished-at="2018-07-06T12:48:41Z">
          <params>
            <param index="0">
              <value>
                <![CDATA[org.testng.TestRunner@17d35547]]>
              </value>
            </param>
            <param index="1">
              <value>
                <![CDATA[[TestResult name=QA023_ViewAndModifyAnOrder_ViaOrderSetsOrCreateAnOrder status=SUCCESS method=PhysicianPortalTestCases.QA023_ViewAndModifyAnOrder_ViaOrderSetsOrCreateAnOrder(org.testng.ITestContext)[pri:17, instance:aut.tests.functionaltests.PhysicianPortalTestCases@8317c52] output={null}]]]>
              </value>
            </param>
            <param index="2">
              <value>
                <![CDATA[public void aut.tests.functionaltests.PhysicianPortalTestCases.QA023_ViewAndModifyAnOrder_ViaOrderSetsOrCreateAnOrder(org.testng.ITestContext) throws java.awt.AWTException]]>
              </value>
            </param>
          </params>
          <reporter-output>
          </reporter-output>
        </test-method> <!-- afterMethod -->
        <test-method status="PASS" signature="afterTest(org.testng.ITestContext)[pri:0, instance:aut.tests.functionaltests.PhysicianPortalTestCases@8317c52]" name="afterTest" is-config="true" duration-ms="64" started-at="2018-07-06T12:48:41Z" finished-at="2018-07-06T12:48:41Z">
          <params>
            <param index="0">
              <value>
                <![CDATA[org.testng.TestRunner@17d35547]]>
              </value>
            </param>
          </params>
          <reporter-output>
          </reporter-output>
        </test-method> <!-- afterTest -->
        <test-method status="PASS" signature="afterSuite(org.testng.ITestContext)[pri:0, instance:aut.tests.functionaltests.PhysicianPortalTestCases@8317c52]" name="afterSuite" is-config="true" duration-ms="69" started-at="2018-07-06T12:48:41Z" finished-at="2018-07-06T12:48:41Z">
          <params>
            <param index="0">
              <value>
                <![CDATA[org.testng.TestRunner@17d35547]]>
              </value>
            </param>
          </params>
          <reporter-output>
          </reporter-output>
        </test-method> <!-- afterSuite -->
      </class> <!-- aut.tests.functionaltests.PhysicianPortalTestCases -->
    </test> <!-- Test -->
  </suite> <!-- SuiteRegression -->
</testng-results>
