<?xml version="1.0" encoding="UTF-8"?>
<testng-results skipped="0" failed="0" ignored="0" total="1" passed="1">
  <reporter-output>
  </reporter-output>
  <suite name="SuiteRegression" duration-ms="2099757" started-at="2018-09-07T12:44:39Z" finished-at="2018-09-07T13:19:39Z">
    <groups>
    </groups>
    <test name="test" duration-ms="2099757" started-at="2018-09-07T12:44:39Z" finished-at="2018-09-07T13:19:39Z">
      <class name="bluestrata.tests.functionaltests.PhysicianPortalTestCases">
        <test-method status="PASS" signature="beforeSuite(org.testng.ITestContext, org.testng.xml.XmlTest)[pri:0, instance:bluestrata.tests.functionaltests.PhysicianPortalTestCases@770d3326]" name="beforeSuite" is-config="true" duration-ms="159" started-at="2018-09-07T18:14:39Z" finished-at="2018-09-07T18:14:39Z">
          <params>
            <param index="0">
              <value>
                <![CDATA[org.testng.TestRunner@2b9382c0]]>
              </value>
            </param>
            <param index="1">
              <value>
                <![CDATA[[Test: "test" verbose:1[parameters:][metagroups:] [included: ][excluded: ]  classes: packages:] ]]>
              </value>
            </param>
          </params>
          <reporter-output>
          </reporter-output>
        </test-method> <!-- beforeSuite -->
        <test-method status="PASS" signature="beforeTest(org.testng.ITestContext)[pri:0, instance:bluestrata.tests.functionaltests.PhysicianPortalTestCases@770d3326]" name="beforeTest" is-config="true" duration-ms="1" started-at="2018-09-07T18:14:39Z" finished-at="2018-09-07T18:14:39Z">
          <params>
            <param index="0">
              <value>
                <![CDATA[org.testng.TestRunner@2b9382c0]]>
              </value>
            </param>
          </params>
          <reporter-output>
          </reporter-output>
        </test-method> <!-- beforeTest -->
        <test-method status="PASS" signature="beforeMethod(org.testng.ITestContext, java.lang.reflect.Method)[pri:0, instance:bluestrata.tests.functionaltests.PhysicianPortalTestCases@770d3326]" name="beforeMethod" is-config="true" duration-ms="43244" started-at="2018-09-07T18:14:39Z" finished-at="2018-09-07T18:15:22Z">
          <params>
            <param index="0">
              <value>
                <![CDATA[org.testng.TestRunner@2b9382c0]]>
              </value>
            </param>
            <param index="1">
              <value>
                <![CDATA[public void bluestrata.tests.functionaltests.PhysicianPortalTestCases.QA019_ViewAndModifyAnOrder_ViaOrderSets(org.testng.ITestContext) throws java.awt.AWTException,java.lang.InterruptedException]]>
              </value>
            </param>
          </params>
          <reporter-output>
          </reporter-output>
        </test-method> <!-- beforeMethod -->
        <test-method status="PASS" signature="QA019_ViewAndModifyAnOrder_ViaOrderSets(org.testng.ITestContext)[pri:13, instance:bluestrata.tests.functionaltests.PhysicianPortalTestCases@770d3326]" name="QA019_ViewAndModifyAnOrder_ViaOrderSets" duration-ms="2050340" started-at="2018-09-07T18:15:22Z" finished-at="2018-09-07T18:49:33Z">
          <params>
            <param index="0">
              <value>
                <![CDATA[org.testng.TestRunner@2b9382c0]]>
              </value>
            </param>
          </params>
          <reporter-output>
          </reporter-output>
        </test-method> <!-- QA019_ViewAndModifyAnOrder_ViaOrderSets -->
        <test-method status="PASS" signature="afterMethod(org.testng.ITestContext, org.testng.ITestResult, java.lang.reflect.Method)[pri:0, instance:bluestrata.tests.functionaltests.PhysicianPortalTestCases@770d3326]" name="afterMethod" is-config="true" duration-ms="6096" started-at="2018-09-07T18:49:33Z" finished-at="2018-09-07T18:49:39Z">
          <params>
            <param index="0">
              <value>
                <![CDATA[org.testng.TestRunner@2b9382c0]]>
              </value>
            </param>
            <param index="1">
              <value>
                <![CDATA[[TestResult name=QA019_ViewAndModifyAnOrder_ViaOrderSets status=SUCCESS method=PhysicianPortalTestCases.QA019_ViewAndModifyAnOrder_ViaOrderSets(org.testng.ITestContext)[pri:13, instance:bluestrata.tests.functionaltests.PhysicianPortalTestCases@770d3326] output={null}]]]>
              </value>
            </param>
            <param index="2">
              <value>
                <![CDATA[public void bluestrata.tests.functionaltests.PhysicianPortalTestCases.QA019_ViewAndModifyAnOrder_ViaOrderSets(org.testng.ITestContext) throws java.awt.AWTException,java.lang.InterruptedException]]>
              </value>
            </param>
          </params>
          <reporter-output>
          </reporter-output>
        </test-method> <!-- afterMethod -->
        <test-method status="PASS" signature="afterTest(org.testng.ITestContext)[pri:0, instance:bluestrata.tests.functionaltests.PhysicianPortalTestCases@770d3326]" name="afterTest" is-config="true" duration-ms="61" started-at="2018-09-07T18:49:39Z" finished-at="2018-09-07T18:49:39Z">
          <params>
            <param index="0">
              <value>
                <![CDATA[org.testng.TestRunner@2b9382c0]]>
              </value>
            </param>
          </params>
          <reporter-output>
          </reporter-output>
        </test-method> <!-- afterTest -->
        <test-method status="PASS" signature="afterSuite(org.testng.ITestContext)[pri:0, instance:bluestrata.tests.functionaltests.PhysicianPortalTestCases@770d3326]" name="afterSuite" is-config="true" duration-ms="89" started-at="2018-09-07T18:49:39Z" finished-at="2018-09-07T18:49:39Z">
          <params>
            <param index="0">
              <value>
                <![CDATA[org.testng.TestRunner@2b9382c0]]>
              </value>
            </param>
          </params>
          <reporter-output>
          </reporter-output>
        </test-method> <!-- afterSuite -->
      </class> <!-- bluestrata.tests.functionaltests.PhysicianPortalTestCases -->
    </test> <!-- test -->
  </suite> <!-- SuiteRegression -->
</testng-results>
