<?xml version="1.0" encoding="UTF-8"?>
<testng-results skipped="0" failed="0" ignored="0" total="1" passed="1">
  <reporter-output>
  </reporter-output>
  <suite name="SuiteRegression" duration-ms="974999" started-at="2018-10-09T11:32:17Z" finished-at="2018-10-09T11:48:32Z">
    <groups>
    </groups>
    <test name="test" duration-ms="974999" started-at="2018-10-09T11:32:17Z" finished-at="2018-10-09T11:48:32Z">
      <class name="POC.tests.functionalTests.CarePlan_ADLs_TestCases">
        <test-method status="PASS" signature="beforeSuite(org.testng.ITestContext, org.testng.xml.XmlTest)[pri:0, instance:POC.tests.functionalTests.CarePlan_ADLs_TestCases@1563da5]" name="beforeSuite" is-config="true" duration-ms="225" started-at="2018-10-09T17:02:16Z" finished-at="2018-10-09T17:02:17Z">
          <params>
            <param index="0">
              <value>
                <![CDATA[org.testng.TestRunner@6d5c93ba]]>
              </value>
            </param>
            <param index="1">
              <value>
                <![CDATA[[Test: "test" verbose:1[parameters:][metagroups:] [included: ][excluded: ]  classes: packages:] ]]>
              </value>
            </param>
          </params>
          <reporter-output>
          </reporter-output>
        </test-method> <!-- beforeSuite -->
        <test-method status="PASS" signature="beforeTest(org.testng.ITestContext)[pri:0, instance:POC.tests.functionalTests.CarePlan_ADLs_TestCases@1563da5]" name="beforeTest" is-config="true" duration-ms="1" started-at="2018-10-09T17:02:17Z" finished-at="2018-10-09T17:02:17Z">
          <params>
            <param index="0">
              <value>
                <![CDATA[org.testng.TestRunner@6d5c93ba]]>
              </value>
            </param>
          </params>
          <reporter-output>
          </reporter-output>
        </test-method> <!-- beforeTest -->
        <test-method status="PASS" signature="beforeMethod(org.testng.ITestContext, java.lang.reflect.Method)[pri:0, instance:POC.tests.functionalTests.CarePlan_ADLs_TestCases@1563da5]" name="beforeMethod" is-config="true" duration-ms="43986" started-at="2018-10-09T17:02:17Z" finished-at="2018-10-09T17:03:01Z">
          <params>
            <param index="0">
              <value>
                <![CDATA[org.testng.TestRunner@6d5c93ba]]>
              </value>
            </param>
            <param index="1">
              <value>
                <![CDATA[public void POC.tests.functionalTests.CarePlan_ADLs_TestCases.POC_QA284_Color_Change_For_ADLs_Icon(org.testng.ITestContext) throws java.awt.AWTException]]>
              </value>
            </param>
          </params>
          <reporter-output>
          </reporter-output>
        </test-method> <!-- beforeMethod -->
        <test-method status="PASS" signature="POC_QA284_Color_Change_For_ADLs_Icon(org.testng.ITestContext)[pri:0, instance:POC.tests.functionalTests.CarePlan_ADLs_TestCases@1563da5]" name="POC_QA284_Color_Change_For_ADLs_Icon" duration-ms="924365" started-at="2018-10-09T17:03:01Z" finished-at="2018-10-09T17:18:25Z">
          <params>
            <param index="0">
              <value>
                <![CDATA[org.testng.TestRunner@6d5c93ba]]>
              </value>
            </param>
          </params>
          <reporter-output>
          </reporter-output>
        </test-method> <!-- POC_QA284_Color_Change_For_ADLs_Icon -->
        <test-method status="PASS" signature="afterMethod(org.testng.ITestContext, org.testng.ITestResult, java.lang.reflect.Method)[pri:0, instance:POC.tests.functionalTests.CarePlan_ADLs_TestCases@1563da5]" name="afterMethod" is-config="true" duration-ms="6563" started-at="2018-10-09T17:18:25Z" finished-at="2018-10-09T17:18:32Z">
          <params>
            <param index="0">
              <value>
                <![CDATA[org.testng.TestRunner@6d5c93ba]]>
              </value>
            </param>
            <param index="1">
              <value>
                <![CDATA[[TestResult name=POC_QA284_Color_Change_For_ADLs_Icon status=SUCCESS method=CarePlan_ADLs_TestCases.POC_QA284_Color_Change_For_ADLs_Icon(org.testng.ITestContext)[pri:0, instance:POC.tests.functionalTests.CarePlan_ADLs_TestCases@1563da5] output={null}]]]>
              </value>
            </param>
            <param index="2">
              <value>
                <![CDATA[public void POC.tests.functionalTests.CarePlan_ADLs_TestCases.POC_QA284_Color_Change_For_ADLs_Icon(org.testng.ITestContext) throws java.awt.AWTException]]>
              </value>
            </param>
          </params>
          <reporter-output>
          </reporter-output>
        </test-method> <!-- afterMethod -->
        <test-method status="PASS" signature="afterTest(org.testng.ITestContext)[pri:0, instance:POC.tests.functionalTests.CarePlan_ADLs_TestCases@1563da5]" name="afterTest" is-config="true" duration-ms="71" started-at="2018-10-09T17:18:32Z" finished-at="2018-10-09T17:18:32Z">
          <params>
            <param index="0">
              <value>
                <![CDATA[org.testng.TestRunner@6d5c93ba]]>
              </value>
            </param>
          </params>
          <reporter-output>
          </reporter-output>
        </test-method> <!-- afterTest -->
        <test-method status="PASS" signature="afterSuite(org.testng.ITestContext)[pri:0, instance:POC.tests.functionalTests.CarePlan_ADLs_TestCases@1563da5]" name="afterSuite" is-config="true" duration-ms="46" started-at="2018-10-09T17:18:32Z" finished-at="2018-10-09T17:18:32Z">
          <params>
            <param index="0">
              <value>
                <![CDATA[org.testng.TestRunner@6d5c93ba]]>
              </value>
            </param>
          </params>
          <reporter-output>
          </reporter-output>
        </test-method> <!-- afterSuite -->
      </class> <!-- POC.tests.functionalTests.CarePlan_ADLs_TestCases -->
    </test> <!-- test -->
  </suite> <!-- SuiteRegression -->
</testng-results>
