<?xml version="1.0" encoding="UTF-8"?>
<testng-results skipped="0" failed="0" ignored="0" total="18" passed="18">
  <reporter-output>
  </reporter-output>
  <suite name="SuiteRegression" duration-ms="17800038" started-at="2018-09-05T10:30:22Z" finished-at="2018-09-05T15:27:02Z">
    <groups>
    </groups>
    <test name="test" duration-ms="17800038" started-at="2018-09-05T10:30:22Z" finished-at="2018-09-05T15:27:02Z">
      <class name="aut.tests.functionaltests.FacilityAppTestCases">
        <test-method status="PASS" signature="beforeSuite(org.testng.ITestContext, org.testng.xml.XmlTest)[pri:0, instance:aut.tests.functionaltests.FacilityAppTestCases@77eca502]" name="beforeSuite" is-config="true" duration-ms="242" started-at="2018-09-05T16:00:22Z" finished-at="2018-09-05T16:00:22Z">
          <params>
            <param index="0">
              <value>
                <![CDATA[org.testng.TestRunner@38db98b2]]>
              </value>
            </param>
            <param index="1">
              <value>
                <![CDATA[[Test: "test" verbose:1[parameters:][metagroups:] [included: ][excluded: ]  classes: packages:] ]]>
              </value>
            </param>
          </params>
          <reporter-output>
          </reporter-output>
        </test-method> <!-- beforeSuite -->
        <test-method status="PASS" signature="beforeTest(org.testng.ITestContext)[pri:0, instance:aut.tests.functionaltests.FacilityAppTestCases@77eca502]" name="beforeTest" is-config="true" duration-ms="1" started-at="2018-09-05T16:00:22Z" finished-at="2018-09-05T16:00:22Z">
          <params>
            <param index="0">
              <value>
                <![CDATA[org.testng.TestRunner@38db98b2]]>
              </value>
            </param>
          </params>
          <reporter-output>
          </reporter-output>
        </test-method> <!-- beforeTest -->
        <test-method status="PASS" signature="beforeMethod(org.testng.ITestContext, java.lang.reflect.Method)[pri:0, instance:aut.tests.functionaltests.FacilityAppTestCases@77eca502]" name="beforeMethod" is-config="true" duration-ms="35628" started-at="2018-09-05T16:00:22Z" finished-at="2018-09-05T16:00:58Z">
          <params>
            <param index="0">
              <value>
                <![CDATA[org.testng.TestRunner@38db98b2]]>
              </value>
            </param>
            <param index="1">
              <value>
                <![CDATA[public void aut.tests.functionaltests.FacilityAppTestCases.QA037_CreateAnOrderSetsviaFacilityAppfor_DetailsType()]]>
              </value>
            </param>
          </params>
          <reporter-output>
          </reporter-output>
        </test-method> <!-- beforeMethod -->
        <test-method status="PASS" signature="QA037_CreateAnOrderSetsviaFacilityAppfor_DetailsType()[pri:1, instance:aut.tests.functionaltests.FacilityAppTestCases@77eca502]" name="QA037_CreateAnOrderSetsviaFacilityAppfor_DetailsType" duration-ms="101358" started-at="2018-09-05T16:00:58Z" finished-at="2018-09-05T16:02:39Z">
          <reporter-output>
          </reporter-output>
        </test-method> <!-- QA037_CreateAnOrderSetsviaFacilityAppfor_DetailsType -->
        <test-method status="PASS" signature="afterMethod(org.testng.ITestContext, org.testng.ITestResult, java.lang.reflect.Method)[pri:0, instance:aut.tests.functionaltests.FacilityAppTestCases@77eca502]" name="afterMethod" is-config="true" duration-ms="5811" started-at="2018-09-05T16:02:39Z" finished-at="2018-09-05T16:02:45Z">
          <params>
            <param index="0">
              <value>
                <![CDATA[org.testng.TestRunner@38db98b2]]>
              </value>
            </param>
            <param index="1">
              <value>
                <![CDATA[[TestResult name=QA037_CreateAnOrderSetsviaFacilityAppfor_DetailsType status=SUCCESS method=FacilityAppTestCases.QA037_CreateAnOrderSetsviaFacilityAppfor_DetailsType()[pri:1, instance:aut.tests.functionaltests.FacilityAppTestCases@77eca502] output={null}]]]>
              </value>
            </param>
            <param index="2">
              <value>
                <![CDATA[public void aut.tests.functionaltests.FacilityAppTestCases.QA037_CreateAnOrderSetsviaFacilityAppfor_DetailsType()]]>
              </value>
            </param>
          </params>
          <reporter-output>
          </reporter-output>
        </test-method> <!-- afterMethod -->
        <test-method status="PASS" signature="beforeMethod(org.testng.ITestContext, java.lang.reflect.Method)[pri:0, instance:aut.tests.functionaltests.FacilityAppTestCases@77eca502]" name="beforeMethod" is-config="true" duration-ms="34053" started-at="2018-09-05T16:02:45Z" finished-at="2018-09-05T16:03:19Z">
          <params>
            <param index="0">
              <value>
                <![CDATA[org.testng.TestRunner@38db98b2]]>
              </value>
            </param>
            <param index="1">
              <value>
                <![CDATA[public void aut.tests.functionaltests.FacilityAppTestCases.QA038_AddingFrequencyInNewlyCreatedOrderSetsViaFacilityAppFor_DetailsType_WithFrequencyType_Routine()]]>
              </value>
            </param>
          </params>
          <reporter-output>
          </reporter-output>
        </test-method> <!-- beforeMethod -->
        <test-method status="PASS" signature="QA038_AddingFrequencyInNewlyCreatedOrderSetsViaFacilityAppFor_DetailsType_WithFrequencyType_Routine()[pri:2, instance:aut.tests.functionaltests.FacilityAppTestCases@77eca502]" name="QA038_AddingFrequencyInNewlyCreatedOrderSetsViaFacilityAppFor_DetailsType_WithFrequencyType_Routine" duration-ms="609999" started-at="2018-09-05T16:03:19Z" finished-at="2018-09-05T16:13:29Z">
          <reporter-output>
          </reporter-output>
        </test-method> <!-- QA038_AddingFrequencyInNewlyCreatedOrderSetsViaFacilityAppFor_DetailsType_WithFrequencyType_Routine -->
        <test-method status="PASS" signature="afterMethod(org.testng.ITestContext, org.testng.ITestResult, java.lang.reflect.Method)[pri:0, instance:aut.tests.functionaltests.FacilityAppTestCases@77eca502]" name="afterMethod" is-config="true" duration-ms="5611" started-at="2018-09-05T16:13:29Z" finished-at="2018-09-05T16:13:35Z">
          <params>
            <param index="0">
              <value>
                <![CDATA[org.testng.TestRunner@38db98b2]]>
              </value>
            </param>
            <param index="1">
              <value>
                <![CDATA[[TestResult name=QA038_AddingFrequencyInNewlyCreatedOrderSetsViaFacilityAppFor_DetailsType_WithFrequencyType_Routine status=SUCCESS method=FacilityAppTestCases.QA038_AddingFrequencyInNewlyCreatedOrderSetsViaFacilityAppFor_DetailsType_WithFrequencyType_Routine()[pri:2, instance:aut.tests.functionaltests.FacilityAppTestCases@77eca502] output={null}]]]>
              </value>
            </param>
            <param index="2">
              <value>
                <![CDATA[public void aut.tests.functionaltests.FacilityAppTestCases.QA038_AddingFrequencyInNewlyCreatedOrderSetsViaFacilityAppFor_DetailsType_WithFrequencyType_Routine()]]>
              </value>
            </param>
          </params>
          <reporter-output>
          </reporter-output>
        </test-method> <!-- afterMethod -->
        <test-method status="PASS" signature="beforeMethod(org.testng.ITestContext, java.lang.reflect.Method)[pri:0, instance:aut.tests.functionaltests.FacilityAppTestCases@77eca502]" name="beforeMethod" is-config="true" duration-ms="34818" started-at="2018-09-05T16:13:35Z" finished-at="2018-09-05T16:14:10Z">
          <params>
            <param index="0">
              <value>
                <![CDATA[org.testng.TestRunner@38db98b2]]>
              </value>
            </param>
            <param index="1">
              <value>
                <![CDATA[public void aut.tests.functionaltests.FacilityAppTestCases.QA039_FrequencyFieldSelection_WithFrequencyType_Routine()]]>
              </value>
            </param>
          </params>
          <reporter-output>
          </reporter-output>
        </test-method> <!-- beforeMethod -->
        <test-method status="PASS" signature="QA039_FrequencyFieldSelection_WithFrequencyType_Routine()[pri:3, instance:aut.tests.functionaltests.FacilityAppTestCases@77eca502]" name="QA039_FrequencyFieldSelection_WithFrequencyType_Routine" duration-ms="8688535" started-at="2018-09-05T16:14:10Z" finished-at="2018-09-05T18:38:58Z">
          <reporter-output>
          </reporter-output>
        </test-method> <!-- QA039_FrequencyFieldSelection_WithFrequencyType_Routine -->
        <test-method status="PASS" signature="afterMethod(org.testng.ITestContext, org.testng.ITestResult, java.lang.reflect.Method)[pri:0, instance:aut.tests.functionaltests.FacilityAppTestCases@77eca502]" name="afterMethod" is-config="true" duration-ms="6051" started-at="2018-09-05T18:38:58Z" finished-at="2018-09-05T18:39:04Z">
          <params>
            <param index="0">
              <value>
                <![CDATA[org.testng.TestRunner@38db98b2]]>
              </value>
            </param>
            <param index="1">
              <value>
                <![CDATA[[TestResult name=QA039_FrequencyFieldSelection_WithFrequencyType_Routine status=SUCCESS method=FacilityAppTestCases.QA039_FrequencyFieldSelection_WithFrequencyType_Routine()[pri:3, instance:aut.tests.functionaltests.FacilityAppTestCases@77eca502] output={null}]]]>
              </value>
            </param>
            <param index="2">
              <value>
                <![CDATA[public void aut.tests.functionaltests.FacilityAppTestCases.QA039_FrequencyFieldSelection_WithFrequencyType_Routine()]]>
              </value>
            </param>
          </params>
          <reporter-output>
          </reporter-output>
        </test-method> <!-- afterMethod -->
        <test-method status="PASS" signature="beforeMethod(org.testng.ITestContext, java.lang.reflect.Method)[pri:0, instance:aut.tests.functionaltests.FacilityAppTestCases@77eca502]" name="beforeMethod" is-config="true" duration-ms="35944" started-at="2018-09-05T18:39:04Z" finished-at="2018-09-05T18:39:40Z">
          <params>
            <param index="0">
              <value>
                <![CDATA[org.testng.TestRunner@38db98b2]]>
              </value>
            </param>
            <param index="1">
              <value>
                <![CDATA[public void aut.tests.functionaltests.FacilityAppTestCases.QA040_HowOftenFieldSelection_WithFrequencyType_Routine()]]>
              </value>
            </param>
          </params>
          <reporter-output>
          </reporter-output>
        </test-method> <!-- beforeMethod -->
        <test-method status="PASS" signature="QA040_HowOftenFieldSelection_WithFrequencyType_Routine()[pri:4, instance:aut.tests.functionaltests.FacilityAppTestCases@77eca502]" name="QA040_HowOftenFieldSelection_WithFrequencyType_Routine" duration-ms="2587452" started-at="2018-09-05T18:39:40Z" finished-at="2018-09-05T19:22:48Z">
          <reporter-output>
          </reporter-output>
        </test-method> <!-- QA040_HowOftenFieldSelection_WithFrequencyType_Routine -->
        <test-method status="PASS" signature="afterMethod(org.testng.ITestContext, org.testng.ITestResult, java.lang.reflect.Method)[pri:0, instance:aut.tests.functionaltests.FacilityAppTestCases@77eca502]" name="afterMethod" is-config="true" duration-ms="5773" started-at="2018-09-05T19:22:48Z" finished-at="2018-09-05T19:22:53Z">
          <params>
            <param index="0">
              <value>
                <![CDATA[org.testng.TestRunner@38db98b2]]>
              </value>
            </param>
            <param index="1">
              <value>
                <![CDATA[[TestResult name=QA040_HowOftenFieldSelection_WithFrequencyType_Routine status=SUCCESS method=FacilityAppTestCases.QA040_HowOftenFieldSelection_WithFrequencyType_Routine()[pri:4, instance:aut.tests.functionaltests.FacilityAppTestCases@77eca502] output={null}]]]>
              </value>
            </param>
            <param index="2">
              <value>
                <![CDATA[public void aut.tests.functionaltests.FacilityAppTestCases.QA040_HowOftenFieldSelection_WithFrequencyType_Routine()]]>
              </value>
            </param>
          </params>
          <reporter-output>
          </reporter-output>
        </test-method> <!-- afterMethod -->
        <test-method status="PASS" signature="beforeMethod(org.testng.ITestContext, java.lang.reflect.Method)[pri:0, instance:aut.tests.functionaltests.FacilityAppTestCases@77eca502]" name="beforeMethod" is-config="true" duration-ms="35106" started-at="2018-09-05T19:22:53Z" finished-at="2018-09-05T19:23:29Z">
          <params>
            <param index="0">
              <value>
                <![CDATA[org.testng.TestRunner@38db98b2]]>
              </value>
            </param>
            <param index="1">
              <value>
                <![CDATA[public void aut.tests.functionaltests.FacilityAppTestCases.QA041_AddingFrequencyInNewCreatedOrderSetsVia_FacilityAppForDetailsType_WithFrequencyType_PNR()]]>
              </value>
            </param>
          </params>
          <reporter-output>
          </reporter-output>
        </test-method> <!-- beforeMethod -->
        <test-method status="PASS" signature="QA041_AddingFrequencyInNewCreatedOrderSetsVia_FacilityAppForDetailsType_WithFrequencyType_PNR()[pri:5, instance:aut.tests.functionaltests.FacilityAppTestCases@77eca502]" name="QA041_AddingFrequencyInNewCreatedOrderSetsVia_FacilityAppForDetailsType_WithFrequencyType_PNR" duration-ms="1029427" started-at="2018-09-05T19:23:29Z" finished-at="2018-09-05T19:40:38Z">
          <reporter-output>
          </reporter-output>
        </test-method> <!-- QA041_AddingFrequencyInNewCreatedOrderSetsVia_FacilityAppForDetailsType_WithFrequencyType_PNR -->
        <test-method status="PASS" signature="afterMethod(org.testng.ITestContext, org.testng.ITestResult, java.lang.reflect.Method)[pri:0, instance:aut.tests.functionaltests.FacilityAppTestCases@77eca502]" name="afterMethod" is-config="true" duration-ms="5790" started-at="2018-09-05T19:40:38Z" finished-at="2018-09-05T19:40:44Z">
          <params>
            <param index="0">
              <value>
                <![CDATA[org.testng.TestRunner@38db98b2]]>
              </value>
            </param>
            <param index="1">
              <value>
                <![CDATA[[TestResult name=QA041_AddingFrequencyInNewCreatedOrderSetsVia_FacilityAppForDetailsType_WithFrequencyType_PNR status=SUCCESS method=FacilityAppTestCases.QA041_AddingFrequencyInNewCreatedOrderSetsVia_FacilityAppForDetailsType_WithFrequencyType_PNR()[pri:5, instance:aut.tests.functionaltests.FacilityAppTestCases@77eca502] output={null}]]]>
              </value>
            </param>
            <param index="2">
              <value>
                <![CDATA[public void aut.tests.functionaltests.FacilityAppTestCases.QA041_AddingFrequencyInNewCreatedOrderSetsVia_FacilityAppForDetailsType_WithFrequencyType_PNR()]]>
              </value>
            </param>
          </params>
          <reporter-output>
          </reporter-output>
        </test-method> <!-- afterMethod -->
        <test-method status="PASS" signature="beforeMethod(org.testng.ITestContext, java.lang.reflect.Method)[pri:0, instance:aut.tests.functionaltests.FacilityAppTestCases@77eca502]" name="beforeMethod" is-config="true" duration-ms="34555" started-at="2018-09-05T19:40:44Z" finished-at="2018-09-05T19:41:18Z">
          <params>
            <param index="0">
              <value>
                <![CDATA[org.testng.TestRunner@38db98b2]]>
              </value>
            </param>
            <param index="1">
              <value>
                <![CDATA[public void aut.tests.functionaltests.FacilityAppTestCases.QA042_AddingFrequencyInNewCreatedOrderSetsVia_FacilityAppForDetailsType_WithFrequencyType_PNREveryHour()]]>
              </value>
            </param>
          </params>
          <reporter-output>
          </reporter-output>
        </test-method> <!-- beforeMethod -->
        <test-method status="PASS" signature="QA042_AddingFrequencyInNewCreatedOrderSetsVia_FacilityAppForDetailsType_WithFrequencyType_PNREveryHour()[pri:6, instance:aut.tests.functionaltests.FacilityAppTestCases@77eca502]" name="QA042_AddingFrequencyInNewCreatedOrderSetsVia_FacilityAppForDetailsType_WithFrequencyType_PNREveryHour" duration-ms="1024331" started-at="2018-09-05T19:41:18Z" finished-at="2018-09-05T19:58:23Z">
          <reporter-output>
          </reporter-output>
        </test-method> <!-- QA042_AddingFrequencyInNewCreatedOrderSetsVia_FacilityAppForDetailsType_WithFrequencyType_PNREveryHour -->
        <test-method status="PASS" signature="afterMethod(org.testng.ITestContext, org.testng.ITestResult, java.lang.reflect.Method)[pri:0, instance:aut.tests.functionaltests.FacilityAppTestCases@77eca502]" name="afterMethod" is-config="true" duration-ms="5809" started-at="2018-09-05T19:58:23Z" finished-at="2018-09-05T19:58:28Z">
          <params>
            <param index="0">
              <value>
                <![CDATA[org.testng.TestRunner@38db98b2]]>
              </value>
            </param>
            <param index="1">
              <value>
                <![CDATA[[TestResult name=QA042_AddingFrequencyInNewCreatedOrderSetsVia_FacilityAppForDetailsType_WithFrequencyType_PNREveryHour status=SUCCESS method=FacilityAppTestCases.QA042_AddingFrequencyInNewCreatedOrderSetsVia_FacilityAppForDetailsType_WithFrequencyType_PNREveryHour()[pri:6, instance:aut.tests.functionaltests.FacilityAppTestCases@77eca502] output={null}]]]>
              </value>
            </param>
            <param index="2">
              <value>
                <![CDATA[public void aut.tests.functionaltests.FacilityAppTestCases.QA042_AddingFrequencyInNewCreatedOrderSetsVia_FacilityAppForDetailsType_WithFrequencyType_PNREveryHour()]]>
              </value>
            </param>
          </params>
          <reporter-output>
          </reporter-output>
        </test-method> <!-- afterMethod -->
        <test-method status="PASS" signature="beforeMethod(org.testng.ITestContext, java.lang.reflect.Method)[pri:0, instance:aut.tests.functionaltests.FacilityAppTestCases@77eca502]" name="beforeMethod" is-config="true" duration-ms="34449" started-at="2018-09-05T19:58:28Z" finished-at="2018-09-05T19:59:03Z">
          <params>
            <param index="0">
              <value>
                <![CDATA[org.testng.TestRunner@38db98b2]]>
              </value>
            </param>
            <param index="1">
              <value>
                <![CDATA[public void aut.tests.functionaltests.FacilityAppTestCases.QA043_CreateAnOrderSetsVia_FacilityApp_ForDetailsType_TreatmentWithMedication_And_Medication()]]>
              </value>
            </param>
          </params>
          <reporter-output>
          </reporter-output>
        </test-method> <!-- beforeMethod -->
        <test-method status="PASS" signature="QA043_CreateAnOrderSetsVia_FacilityApp_ForDetailsType_TreatmentWithMedication_And_Medication()[pri:7, instance:aut.tests.functionaltests.FacilityAppTestCases@77eca502]" name="QA043_CreateAnOrderSetsVia_FacilityApp_ForDetailsType_TreatmentWithMedication_And_Medication" duration-ms="202813" started-at="2018-09-05T19:59:03Z" finished-at="2018-09-05T20:02:26Z">
          <reporter-output>
          </reporter-output>
        </test-method> <!-- QA043_CreateAnOrderSetsVia_FacilityApp_ForDetailsType_TreatmentWithMedication_And_Medication -->
        <test-method status="PASS" signature="afterMethod(org.testng.ITestContext, org.testng.ITestResult, java.lang.reflect.Method)[pri:0, instance:aut.tests.functionaltests.FacilityAppTestCases@77eca502]" name="afterMethod" is-config="true" duration-ms="5746" started-at="2018-09-05T20:02:26Z" finished-at="2018-09-05T20:02:31Z">
          <params>
            <param index="0">
              <value>
                <![CDATA[org.testng.TestRunner@38db98b2]]>
              </value>
            </param>
            <param index="1">
              <value>
                <![CDATA[[TestResult name=QA043_CreateAnOrderSetsVia_FacilityApp_ForDetailsType_TreatmentWithMedication_And_Medication status=SUCCESS method=FacilityAppTestCases.QA043_CreateAnOrderSetsVia_FacilityApp_ForDetailsType_TreatmentWithMedication_And_Medication()[pri:7, instance:aut.tests.functionaltests.FacilityAppTestCases@77eca502] output={null}]]]>
              </value>
            </param>
            <param index="2">
              <value>
                <![CDATA[public void aut.tests.functionaltests.FacilityAppTestCases.QA043_CreateAnOrderSetsVia_FacilityApp_ForDetailsType_TreatmentWithMedication_And_Medication()]]>
              </value>
            </param>
          </params>
          <reporter-output>
          </reporter-output>
        </test-method> <!-- afterMethod -->
        <test-method status="PASS" signature="beforeMethod(org.testng.ITestContext, java.lang.reflect.Method)[pri:0, instance:aut.tests.functionaltests.FacilityAppTestCases@77eca502]" name="beforeMethod" is-config="true" duration-ms="33376" started-at="2018-09-05T20:02:31Z" finished-at="2018-09-05T20:03:05Z">
          <params>
            <param index="0">
              <value>
                <![CDATA[org.testng.TestRunner@38db98b2]]>
              </value>
            </param>
            <param index="1">
              <value>
                <![CDATA[public void aut.tests.functionaltests.FacilityAppTestCases.QA044_AddingFrequencyIn_NewCreateAnOrderSetsVia_FacilityApp_ForDetailsType_TreatmentWithMedication_And_Medication_WithFrequencyType_Routine()]]>
              </value>
            </param>
          </params>
          <reporter-output>
          </reporter-output>
        </test-method> <!-- beforeMethod -->
        <test-method status="PASS" signature="QA044_AddingFrequencyIn_NewCreateAnOrderSetsVia_FacilityApp_ForDetailsType_TreatmentWithMedication_And_Medication_WithFrequencyType_Routine()[pri:8, instance:aut.tests.functionaltests.FacilityAppTestCases@77eca502]" name="QA044_AddingFrequencyIn_NewCreateAnOrderSetsVia_FacilityApp_ForDetailsType_TreatmentWithMedication_And_Medication_WithFrequencyType_Routine" duration-ms="926194" started-at="2018-09-05T20:03:05Z" finished-at="2018-09-05T20:18:31Z">
          <reporter-output>
          </reporter-output>
        </test-method> <!-- QA044_AddingFrequencyIn_NewCreateAnOrderSetsVia_FacilityApp_ForDetailsType_TreatmentWithMedication_And_Medication_WithFrequencyType_Routine -->
        <test-method status="PASS" signature="afterMethod(org.testng.ITestContext, org.testng.ITestResult, java.lang.reflect.Method)[pri:0, instance:aut.tests.functionaltests.FacilityAppTestCases@77eca502]" name="afterMethod" is-config="true" duration-ms="5915" started-at="2018-09-05T20:18:31Z" finished-at="2018-09-05T20:18:37Z">
          <params>
            <param index="0">
              <value>
                <![CDATA[org.testng.TestRunner@38db98b2]]>
              </value>
            </param>
            <param index="1">
              <value>
                <![CDATA[[TestResult name=QA044_AddingFrequencyIn_NewCreateAnOrderSetsVia_FacilityApp_ForDetailsType_TreatmentWithMedication_And_Medication_WithFrequencyType_Routine status=SUCCESS method=FacilityAppTestCases.QA044_AddingFrequencyIn_NewCreateAnOrderSetsVia_FacilityApp_ForDetailsType_TreatmentWithMedication_And_Medication_WithFrequencyType_Routine()[pri:8, instance:aut.tests.functionaltests.FacilityAppTestCases@77eca502] output={null}]]]>
              </value>
            </param>
            <param index="2">
              <value>
                <![CDATA[public void aut.tests.functionaltests.FacilityAppTestCases.QA044_AddingFrequencyIn_NewCreateAnOrderSetsVia_FacilityApp_ForDetailsType_TreatmentWithMedication_And_Medication_WithFrequencyType_Routine()]]>
              </value>
            </param>
          </params>
          <reporter-output>
          </reporter-output>
        </test-method> <!-- afterMethod -->
        <test-method status="PASS" signature="beforeMethod(org.testng.ITestContext, java.lang.reflect.Method)[pri:0, instance:aut.tests.functionaltests.FacilityAppTestCases@77eca502]" name="beforeMethod" is-config="true" duration-ms="34016" started-at="2018-09-05T20:18:37Z" finished-at="2018-09-05T20:19:11Z">
          <params>
            <param index="0">
              <value>
                <![CDATA[org.testng.TestRunner@38db98b2]]>
              </value>
            </param>
            <param index="1">
              <value>
                <![CDATA[public void aut.tests.functionaltests.FacilityAppTestCases.QA045_AddingFrequencyIn_NewCreateAnOrderSetsVia_FacilityApp_ForDetailsType_TreatmentWithMedication_And_Medication_WithFrequencyType_PNR()]]>
              </value>
            </param>
          </params>
          <reporter-output>
          </reporter-output>
        </test-method> <!-- beforeMethod -->
        <test-method status="PASS" signature="QA045_AddingFrequencyIn_NewCreateAnOrderSetsVia_FacilityApp_ForDetailsType_TreatmentWithMedication_And_Medication_WithFrequencyType_PNR()[pri:9, instance:aut.tests.functionaltests.FacilityAppTestCases@77eca502]" name="QA045_AddingFrequencyIn_NewCreateAnOrderSetsVia_FacilityApp_ForDetailsType_TreatmentWithMedication_And_Medication_WithFrequencyType_PNR" duration-ms="391144" started-at="2018-09-05T20:19:11Z" finished-at="2018-09-05T20:25:42Z">
          <reporter-output>
          </reporter-output>
        </test-method> <!-- QA045_AddingFrequencyIn_NewCreateAnOrderSetsVia_FacilityApp_ForDetailsType_TreatmentWithMedication_And_Medication_WithFrequencyType_PNR -->
        <test-method status="PASS" signature="afterMethod(org.testng.ITestContext, org.testng.ITestResult, java.lang.reflect.Method)[pri:0, instance:aut.tests.functionaltests.FacilityAppTestCases@77eca502]" name="afterMethod" is-config="true" duration-ms="5797" started-at="2018-09-05T20:25:42Z" finished-at="2018-09-05T20:25:48Z">
          <params>
            <param index="0">
              <value>
                <![CDATA[org.testng.TestRunner@38db98b2]]>
              </value>
            </param>
            <param index="1">
              <value>
                <![CDATA[[TestResult name=QA045_AddingFrequencyIn_NewCreateAnOrderSetsVia_FacilityApp_ForDetailsType_TreatmentWithMedication_And_Medication_WithFrequencyType_PNR status=SUCCESS method=FacilityAppTestCases.QA045_AddingFrequencyIn_NewCreateAnOrderSetsVia_FacilityApp_ForDetailsType_TreatmentWithMedication_And_Medication_WithFrequencyType_PNR()[pri:9, instance:aut.tests.functionaltests.FacilityAppTestCases@77eca502] output={null}]]]>
              </value>
            </param>
            <param index="2">
              <value>
                <![CDATA[public void aut.tests.functionaltests.FacilityAppTestCases.QA045_AddingFrequencyIn_NewCreateAnOrderSetsVia_FacilityApp_ForDetailsType_TreatmentWithMedication_And_Medication_WithFrequencyType_PNR()]]>
              </value>
            </param>
          </params>
          <reporter-output>
          </reporter-output>
        </test-method> <!-- afterMethod -->
        <test-method status="PASS" signature="beforeMethod(org.testng.ITestContext, java.lang.reflect.Method)[pri:0, instance:aut.tests.functionaltests.FacilityAppTestCases@77eca502]" name="beforeMethod" is-config="true" duration-ms="34014" started-at="2018-09-05T20:25:48Z" finished-at="2018-09-05T20:26:22Z">
          <params>
            <param index="0">
              <value>
                <![CDATA[org.testng.TestRunner@38db98b2]]>
              </value>
            </param>
            <param index="1">
              <value>
                <![CDATA[public void aut.tests.functionaltests.FacilityAppTestCases.QA046_AddingFrequencyIn_NewCreateAnOrderSetsVia_FacilityApp_ForDetailsType_TreatmentWithMedication_And_Medication_WithFrequencyType_PNREveryHour()]]>
              </value>
            </param>
          </params>
          <reporter-output>
          </reporter-output>
        </test-method> <!-- beforeMethod -->
        <test-method status="PASS" signature="QA046_AddingFrequencyIn_NewCreateAnOrderSetsVia_FacilityApp_ForDetailsType_TreatmentWithMedication_And_Medication_WithFrequencyType_PNREveryHour()[pri:10, instance:aut.tests.functionaltests.FacilityAppTestCases@77eca502]" name="QA046_AddingFrequencyIn_NewCreateAnOrderSetsVia_FacilityApp_ForDetailsType_TreatmentWithMedication_And_Medication_WithFrequencyType_PNREveryHour" duration-ms="397686" started-at="2018-09-05T20:26:22Z" finished-at="2018-09-05T20:33:00Z">
          <reporter-output>
          </reporter-output>
        </test-method> <!-- QA046_AddingFrequencyIn_NewCreateAnOrderSetsVia_FacilityApp_ForDetailsType_TreatmentWithMedication_And_Medication_WithFrequencyType_PNREveryHour -->
        <test-method status="PASS" signature="afterMethod(org.testng.ITestContext, org.testng.ITestResult, java.lang.reflect.Method)[pri:0, instance:aut.tests.functionaltests.FacilityAppTestCases@77eca502]" name="afterMethod" is-config="true" duration-ms="5779" started-at="2018-09-05T20:33:00Z" finished-at="2018-09-05T20:33:05Z">
          <params>
            <param index="0">
              <value>
                <![CDATA[org.testng.TestRunner@38db98b2]]>
              </value>
            </param>
            <param index="1">
              <value>
                <![CDATA[[TestResult name=QA046_AddingFrequencyIn_NewCreateAnOrderSetsVia_FacilityApp_ForDetailsType_TreatmentWithMedication_And_Medication_WithFrequencyType_PNREveryHour status=SUCCESS method=FacilityAppTestCases.QA046_AddingFrequencyIn_NewCreateAnOrderSetsVia_FacilityApp_ForDetailsType_TreatmentWithMedication_And_Medication_WithFrequencyType_PNREveryHour()[pri:10, instance:aut.tests.functionaltests.FacilityAppTestCases@77eca502] output={null}]]]>
              </value>
            </param>
            <param index="2">
              <value>
                <![CDATA[public void aut.tests.functionaltests.FacilityAppTestCases.QA046_AddingFrequencyIn_NewCreateAnOrderSetsVia_FacilityApp_ForDetailsType_TreatmentWithMedication_And_Medication_WithFrequencyType_PNREveryHour()]]>
              </value>
            </param>
          </params>
          <reporter-output>
          </reporter-output>
        </test-method> <!-- afterMethod -->
        <test-method status="PASS" signature="beforeMethod(org.testng.ITestContext, java.lang.reflect.Method)[pri:0, instance:aut.tests.functionaltests.FacilityAppTestCases@77eca502]" name="beforeMethod" is-config="true" duration-ms="34230" started-at="2018-09-05T20:33:05Z" finished-at="2018-09-05T20:33:40Z">
          <params>
            <param index="0">
              <value>
                <![CDATA[org.testng.TestRunner@38db98b2]]>
              </value>
            </param>
            <param index="1">
              <value>
                <![CDATA[public void aut.tests.functionaltests.FacilityAppTestCases.QA047_AddMultipleOrdersetsWithinOneOrdersetTemplate()]]>
              </value>
            </param>
          </params>
          <reporter-output>
          </reporter-output>
        </test-method> <!-- beforeMethod -->
        <test-method status="PASS" signature="QA047_AddMultipleOrdersetsWithinOneOrdersetTemplate()[pri:11, instance:aut.tests.functionaltests.FacilityAppTestCases@77eca502]" name="QA047_AddMultipleOrdersetsWithinOneOrdersetTemplate" duration-ms="279620" started-at="2018-09-05T20:33:40Z" finished-at="2018-09-05T20:38:19Z">
          <reporter-output>
          </reporter-output>
        </test-method> <!-- QA047_AddMultipleOrdersetsWithinOneOrdersetTemplate -->
        <test-method status="PASS" signature="afterMethod(org.testng.ITestContext, org.testng.ITestResult, java.lang.reflect.Method)[pri:0, instance:aut.tests.functionaltests.FacilityAppTestCases@77eca502]" name="afterMethod" is-config="true" duration-ms="5814" started-at="2018-09-05T20:38:19Z" finished-at="2018-09-05T20:38:25Z">
          <params>
            <param index="0">
              <value>
                <![CDATA[org.testng.TestRunner@38db98b2]]>
              </value>
            </param>
            <param index="1">
              <value>
                <![CDATA[[TestResult name=QA047_AddMultipleOrdersetsWithinOneOrdersetTemplate status=SUCCESS method=FacilityAppTestCases.QA047_AddMultipleOrdersetsWithinOneOrdersetTemplate()[pri:11, instance:aut.tests.functionaltests.FacilityAppTestCases@77eca502] output={null}]]]>
              </value>
            </param>
            <param index="2">
              <value>
                <![CDATA[public void aut.tests.functionaltests.FacilityAppTestCases.QA047_AddMultipleOrdersetsWithinOneOrdersetTemplate()]]>
              </value>
            </param>
          </params>
          <reporter-output>
          </reporter-output>
        </test-method> <!-- afterMethod -->
        <test-method status="PASS" signature="beforeMethod(org.testng.ITestContext, java.lang.reflect.Method)[pri:0, instance:aut.tests.functionaltests.FacilityAppTestCases@77eca502]" name="beforeMethod" is-config="true" duration-ms="34175" started-at="2018-09-05T20:38:25Z" finished-at="2018-09-05T20:38:59Z">
          <params>
            <param index="0">
              <value>
                <![CDATA[org.testng.TestRunner@38db98b2]]>
              </value>
            </param>
            <param index="1">
              <value>
                <![CDATA[public void aut.tests.functionaltests.FacilityAppTestCases.QA048_UpdatingOrRemovingOrder_LibrariesViaFacilityAppForDetailsType()]]>
              </value>
            </param>
          </params>
          <reporter-output>
          </reporter-output>
        </test-method> <!-- beforeMethod -->
        <test-method status="PASS" signature="QA048_UpdatingOrRemovingOrder_LibrariesViaFacilityAppForDetailsType()[pri:12, instance:aut.tests.functionaltests.FacilityAppTestCases@77eca502]" name="QA048_UpdatingOrRemovingOrder_LibrariesViaFacilityAppForDetailsType" duration-ms="691672" started-at="2018-09-05T20:38:59Z" finished-at="2018-09-05T20:50:31Z">
          <reporter-output>
          </reporter-output>
        </test-method> <!-- QA048_UpdatingOrRemovingOrder_LibrariesViaFacilityAppForDetailsType -->
        <test-method status="PASS" signature="afterMethod(org.testng.ITestContext, org.testng.ITestResult, java.lang.reflect.Method)[pri:0, instance:aut.tests.functionaltests.FacilityAppTestCases@77eca502]" name="afterMethod" is-config="true" duration-ms="5865" started-at="2018-09-05T20:50:31Z" finished-at="2018-09-05T20:50:37Z">
          <params>
            <param index="0">
              <value>
                <![CDATA[org.testng.TestRunner@38db98b2]]>
              </value>
            </param>
            <param index="1">
              <value>
                <![CDATA[[TestResult name=QA048_UpdatingOrRemovingOrder_LibrariesViaFacilityAppForDetailsType status=SUCCESS method=FacilityAppTestCases.QA048_UpdatingOrRemovingOrder_LibrariesViaFacilityAppForDetailsType()[pri:12, instance:aut.tests.functionaltests.FacilityAppTestCases@77eca502] output={null}]]]>
              </value>
            </param>
            <param index="2">
              <value>
                <![CDATA[public void aut.tests.functionaltests.FacilityAppTestCases.QA048_UpdatingOrRemovingOrder_LibrariesViaFacilityAppForDetailsType()]]>
              </value>
            </param>
          </params>
          <reporter-output>
          </reporter-output>
        </test-method> <!-- afterMethod -->
        <test-method status="PASS" signature="beforeMethod(org.testng.ITestContext, java.lang.reflect.Method)[pri:0, instance:aut.tests.functionaltests.FacilityAppTestCases@77eca502]" name="beforeMethod" is-config="true" duration-ms="33712" started-at="2018-09-05T20:50:37Z" finished-at="2018-09-05T20:51:10Z">
          <params>
            <param index="0">
              <value>
                <![CDATA[org.testng.TestRunner@38db98b2]]>
              </value>
            </param>
            <param index="1">
              <value>
                <![CDATA[public void aut.tests.functionaltests.FacilityAppTestCases.Gen_QA209_BS_EHR_LoginPage(org.testng.ITestContext) throws java.lang.Throwable]]>
              </value>
            </param>
          </params>
          <reporter-output>
          </reporter-output>
        </test-method> <!-- beforeMethod -->
        <test-method status="PASS" signature="Gen_QA209_BS_EHR_LoginPage(org.testng.ITestContext)[pri:13, instance:aut.tests.functionaltests.FacilityAppTestCases@77eca502]" name="Gen_QA209_BS_EHR_LoginPage" duration-ms="8213" started-at="2018-09-05T20:51:10Z" finished-at="2018-09-05T20:51:19Z">
          <params>
            <param index="0">
              <value>
                <![CDATA[org.testng.TestRunner@38db98b2]]>
              </value>
            </param>
          </params>
          <reporter-output>
          </reporter-output>
        </test-method> <!-- Gen_QA209_BS_EHR_LoginPage -->
        <test-method status="PASS" signature="afterMethod(org.testng.ITestContext, org.testng.ITestResult, java.lang.reflect.Method)[pri:0, instance:aut.tests.functionaltests.FacilityAppTestCases@77eca502]" name="afterMethod" is-config="true" duration-ms="5847" started-at="2018-09-05T20:51:19Z" finished-at="2018-09-05T20:51:25Z">
          <params>
            <param index="0">
              <value>
                <![CDATA[org.testng.TestRunner@38db98b2]]>
              </value>
            </param>
            <param index="1">
              <value>
                <![CDATA[[TestResult name=Gen_QA209_BS_EHR_LoginPage status=SUCCESS method=FacilityAppTestCases.Gen_QA209_BS_EHR_LoginPage(org.testng.ITestContext)[pri:13, instance:aut.tests.functionaltests.FacilityAppTestCases@77eca502] output={null}]]]>
              </value>
            </param>
            <param index="2">
              <value>
                <![CDATA[public void aut.tests.functionaltests.FacilityAppTestCases.Gen_QA209_BS_EHR_LoginPage(org.testng.ITestContext) throws java.lang.Throwable]]>
              </value>
            </param>
          </params>
          <reporter-output>
          </reporter-output>
        </test-method> <!-- afterMethod -->
        <test-method status="PASS" signature="beforeMethod(org.testng.ITestContext, java.lang.reflect.Method)[pri:0, instance:aut.tests.functionaltests.FacilityAppTestCases@77eca502]" name="beforeMethod" is-config="true" duration-ms="33804" started-at="2018-09-05T20:51:25Z" finished-at="2018-09-05T20:51:58Z">
          <params>
            <param index="0">
              <value>
                <![CDATA[org.testng.TestRunner@38db98b2]]>
              </value>
            </param>
            <param index="1">
              <value>
                <![CDATA[public void aut.tests.functionaltests.FacilityAppTestCases.Gen_QA210_Login_Credential_Verification(org.testng.ITestContext) throws java.lang.Throwable]]>
              </value>
            </param>
          </params>
          <reporter-output>
          </reporter-output>
        </test-method> <!-- beforeMethod -->
        <test-method status="PASS" signature="Gen_QA210_Login_Credential_Verification(org.testng.ITestContext)[pri:14, instance:aut.tests.functionaltests.FacilityAppTestCases@77eca502]" name="Gen_QA210_Login_Credential_Verification" duration-ms="17108" started-at="2018-09-05T20:51:58Z" finished-at="2018-09-05T20:52:15Z">
          <params>
            <param index="0">
              <value>
                <![CDATA[org.testng.TestRunner@38db98b2]]>
              </value>
            </param>
          </params>
          <reporter-output>
          </reporter-output>
        </test-method> <!-- Gen_QA210_Login_Credential_Verification -->
        <test-method status="PASS" signature="afterMethod(org.testng.ITestContext, org.testng.ITestResult, java.lang.reflect.Method)[pri:0, instance:aut.tests.functionaltests.FacilityAppTestCases@77eca502]" name="afterMethod" is-config="true" duration-ms="5862" started-at="2018-09-05T20:52:15Z" finished-at="2018-09-05T20:52:21Z">
          <params>
            <param index="0">
              <value>
                <![CDATA[org.testng.TestRunner@38db98b2]]>
              </value>
            </param>
            <param index="1">
              <value>
                <![CDATA[[TestResult name=Gen_QA210_Login_Credential_Verification status=SUCCESS method=FacilityAppTestCases.Gen_QA210_Login_Credential_Verification(org.testng.ITestContext)[pri:14, instance:aut.tests.functionaltests.FacilityAppTestCases@77eca502] output={null}]]]>
              </value>
            </param>
            <param index="2">
              <value>
                <![CDATA[public void aut.tests.functionaltests.FacilityAppTestCases.Gen_QA210_Login_Credential_Verification(org.testng.ITestContext) throws java.lang.Throwable]]>
              </value>
            </param>
          </params>
          <reporter-output>
          </reporter-output>
        </test-method> <!-- afterMethod -->
        <test-method status="PASS" signature="beforeMethod(org.testng.ITestContext, java.lang.reflect.Method)[pri:0, instance:aut.tests.functionaltests.FacilityAppTestCases@77eca502]" name="beforeMethod" is-config="true" duration-ms="33914" started-at="2018-09-05T20:52:21Z" finished-at="2018-09-05T20:52:55Z">
          <params>
            <param index="0">
              <value>
                <![CDATA[org.testng.TestRunner@38db98b2]]>
              </value>
            </param>
            <param index="1">
              <value>
                <![CDATA[public void aut.tests.functionaltests.FacilityAppTestCases.Gen_QA211_MyDashBoardPage(org.testng.ITestContext) throws java.lang.Throwable]]>
              </value>
            </param>
          </params>
          <reporter-output>
          </reporter-output>
        </test-method> <!-- beforeMethod -->
        <test-method status="PASS" signature="Gen_QA211_MyDashBoardPage(org.testng.ITestContext)[pri:15, instance:aut.tests.functionaltests.FacilityAppTestCases@77eca502]" name="Gen_QA211_MyDashBoardPage" duration-ms="56407" started-at="2018-09-05T20:52:55Z" finished-at="2018-09-05T20:53:52Z">
          <params>
            <param index="0">
              <value>
                <![CDATA[org.testng.TestRunner@38db98b2]]>
              </value>
            </param>
          </params>
          <reporter-output>
          </reporter-output>
        </test-method> <!-- Gen_QA211_MyDashBoardPage -->
        <test-method status="PASS" signature="afterMethod(org.testng.ITestContext, org.testng.ITestResult, java.lang.reflect.Method)[pri:0, instance:aut.tests.functionaltests.FacilityAppTestCases@77eca502]" name="afterMethod" is-config="true" duration-ms="5838" started-at="2018-09-05T20:53:52Z" finished-at="2018-09-05T20:53:57Z">
          <params>
            <param index="0">
              <value>
                <![CDATA[org.testng.TestRunner@38db98b2]]>
              </value>
            </param>
            <param index="1">
              <value>
                <![CDATA[[TestResult name=Gen_QA211_MyDashBoardPage status=SUCCESS method=FacilityAppTestCases.Gen_QA211_MyDashBoardPage(org.testng.ITestContext)[pri:15, instance:aut.tests.functionaltests.FacilityAppTestCases@77eca502] output={null}]]]>
              </value>
            </param>
            <param index="2">
              <value>
                <![CDATA[public void aut.tests.functionaltests.FacilityAppTestCases.Gen_QA211_MyDashBoardPage(org.testng.ITestContext) throws java.lang.Throwable]]>
              </value>
            </param>
          </params>
          <reporter-output>
          </reporter-output>
        </test-method> <!-- afterMethod -->
        <test-method status="PASS" signature="beforeMethod(org.testng.ITestContext, java.lang.reflect.Method)[pri:0, instance:aut.tests.functionaltests.FacilityAppTestCases@77eca502]" name="beforeMethod" is-config="true" duration-ms="34158" started-at="2018-09-05T20:53:57Z" finished-at="2018-09-05T20:54:32Z">
          <params>
            <param index="0">
              <value>
                <![CDATA[org.testng.TestRunner@38db98b2]]>
              </value>
            </param>
            <param index="1">
              <value>
                <![CDATA[public void aut.tests.functionaltests.FacilityAppTestCases.Gen_QA212_UserNamePreferences_TopRightOf_ResidentDahsboard_Or_HomePage(org.testng.ITestContext) throws java.lang.Throwable]]>
              </value>
            </param>
          </params>
          <reporter-output>
          </reporter-output>
        </test-method> <!-- beforeMethod -->
        <test-method status="PASS" signature="Gen_QA212_UserNamePreferences_TopRightOf_ResidentDahsboard_Or_HomePage(org.testng.ITestContext)[pri:16, instance:aut.tests.functionaltests.FacilityAppTestCases@77eca502]" name="Gen_QA212_UserNamePreferences_TopRightOf_ResidentDahsboard_Or_HomePage" duration-ms="26717" started-at="2018-09-05T20:54:32Z" finished-at="2018-09-05T20:54:58Z">
          <params>
            <param index="0">
              <value>
                <![CDATA[org.testng.TestRunner@38db98b2]]>
              </value>
            </param>
          </params>
          <reporter-output>
          </reporter-output>
        </test-method> <!-- Gen_QA212_UserNamePreferences_TopRightOf_ResidentDahsboard_Or_HomePage -->
        <test-method status="PASS" signature="afterMethod(org.testng.ITestContext, org.testng.ITestResult, java.lang.reflect.Method)[pri:0, instance:aut.tests.functionaltests.FacilityAppTestCases@77eca502]" name="afterMethod" is-config="true" duration-ms="5845" started-at="2018-09-05T20:54:58Z" finished-at="2018-09-05T20:55:04Z">
          <params>
            <param index="0">
              <value>
                <![CDATA[org.testng.TestRunner@38db98b2]]>
              </value>
            </param>
            <param index="1">
              <value>
                <![CDATA[[TestResult name=Gen_QA212_UserNamePreferences_TopRightOf_ResidentDahsboard_Or_HomePage status=SUCCESS method=FacilityAppTestCases.Gen_QA212_UserNamePreferences_TopRightOf_ResidentDahsboard_Or_HomePage(org.testng.ITestContext)[pri:16, instance:aut.tests.functionaltests.FacilityAppTestCases@77eca502] output={null}]]]>
              </value>
            </param>
            <param index="2">
              <value>
                <![CDATA[public void aut.tests.functionaltests.FacilityAppTestCases.Gen_QA212_UserNamePreferences_TopRightOf_ResidentDahsboard_Or_HomePage(org.testng.ITestContext) throws java.lang.Throwable]]>
              </value>
            </param>
          </params>
          <reporter-output>
          </reporter-output>
        </test-method> <!-- afterMethod -->
        <test-method status="PASS" signature="beforeMethod(org.testng.ITestContext, java.lang.reflect.Method)[pri:0, instance:aut.tests.functionaltests.FacilityAppTestCases@77eca502]" name="beforeMethod" is-config="true" duration-ms="33820" started-at="2018-09-05T20:55:04Z" finished-at="2018-09-05T20:55:38Z">
          <params>
            <param index="0">
              <value>
                <![CDATA[org.testng.TestRunner@38db98b2]]>
              </value>
            </param>
            <param index="1">
              <value>
                <![CDATA[public void aut.tests.functionaltests.FacilityAppTestCases.Gen_QA213_HelpMenuWith_HelpSiteAbout(org.testng.ITestContext) throws java.lang.Throwable]]>
              </value>
            </param>
          </params>
          <reporter-output>
          </reporter-output>
        </test-method> <!-- beforeMethod -->
        <test-method status="PASS" signature="Gen_QA213_HelpMenuWith_HelpSiteAbout(org.testng.ITestContext)[pri:17, instance:aut.tests.functionaltests.FacilityAppTestCases@77eca502]" name="Gen_QA213_HelpMenuWith_HelpSiteAbout" duration-ms="21281" started-at="2018-09-05T20:55:38Z" finished-at="2018-09-05T20:55:59Z">
          <params>
            <param index="0">
              <value>
                <![CDATA[org.testng.TestRunner@38db98b2]]>
              </value>
            </param>
          </params>
          <reporter-output>
          </reporter-output>
        </test-method> <!-- Gen_QA213_HelpMenuWith_HelpSiteAbout -->
        <test-method status="PASS" signature="afterMethod(org.testng.ITestContext, org.testng.ITestResult, java.lang.reflect.Method)[pri:0, instance:aut.tests.functionaltests.FacilityAppTestCases@77eca502]" name="afterMethod" is-config="true" duration-ms="5873" started-at="2018-09-05T20:55:59Z" finished-at="2018-09-05T20:56:05Z">
          <params>
            <param index="0">
              <value>
                <![CDATA[org.testng.TestRunner@38db98b2]]>
              </value>
            </param>
            <param index="1">
              <value>
                <![CDATA[[TestResult name=Gen_QA213_HelpMenuWith_HelpSiteAbout status=SUCCESS method=FacilityAppTestCases.Gen_QA213_HelpMenuWith_HelpSiteAbout(org.testng.ITestContext)[pri:17, instance:aut.tests.functionaltests.FacilityAppTestCases@77eca502] output={null}]]]>
              </value>
            </param>
            <param index="2">
              <value>
                <![CDATA[public void aut.tests.functionaltests.FacilityAppTestCases.Gen_QA213_HelpMenuWith_HelpSiteAbout(org.testng.ITestContext) throws java.lang.Throwable]]>
              </value>
            </param>
          </params>
          <reporter-output>
          </reporter-output>
        </test-method> <!-- afterMethod -->
        <test-method status="PASS" signature="beforeMethod(org.testng.ITestContext, java.lang.reflect.Method)[pri:0, instance:aut.tests.functionaltests.FacilityAppTestCases@77eca502]" name="beforeMethod" is-config="true" duration-ms="34173" started-at="2018-09-05T20:56:05Z" finished-at="2018-09-05T20:56:39Z">
          <params>
            <param index="0">
              <value>
                <![CDATA[org.testng.TestRunner@38db98b2]]>
              </value>
            </param>
            <param index="1">
              <value>
                <![CDATA[public void aut.tests.functionaltests.FacilityAppTestCases.Gen_QA214_HelpMenuWith_HelpSiteAbout(org.testng.ITestContext) throws java.lang.Throwable]]>
              </value>
            </param>
          </params>
          <reporter-output>
          </reporter-output>
        </test-method> <!-- beforeMethod -->
        <test-method status="PASS" signature="Gen_QA214_HelpMenuWith_HelpSiteAbout(org.testng.ITestContext)[pri:18, instance:aut.tests.functionaltests.FacilityAppTestCases@77eca502]" name="Gen_QA214_HelpMenuWith_HelpSiteAbout" duration-ms="16924" started-at="2018-09-05T20:56:39Z" finished-at="2018-09-05T20:56:56Z">
          <params>
            <param index="0">
              <value>
                <![CDATA[org.testng.TestRunner@38db98b2]]>
              </value>
            </param>
          </params>
          <reporter-output>
          </reporter-output>
        </test-method> <!-- Gen_QA214_HelpMenuWith_HelpSiteAbout -->
        <test-method status="PASS" signature="afterMethod(org.testng.ITestContext, org.testng.ITestResult, java.lang.reflect.Method)[pri:0, instance:aut.tests.functionaltests.FacilityAppTestCases@77eca502]" name="afterMethod" is-config="true" duration-ms="5855" started-at="2018-09-05T20:56:56Z" finished-at="2018-09-05T20:57:02Z">
          <params>
            <param index="0">
              <value>
                <![CDATA[org.testng.TestRunner@38db98b2]]>
              </value>
            </param>
            <param index="1">
              <value>
                <![CDATA[[TestResult name=Gen_QA214_HelpMenuWith_HelpSiteAbout status=SUCCESS method=FacilityAppTestCases.Gen_QA214_HelpMenuWith_HelpSiteAbout(org.testng.ITestContext)[pri:18, instance:aut.tests.functionaltests.FacilityAppTestCases@77eca502] output={null}]]]>
              </value>
            </param>
            <param index="2">
              <value>
                <![CDATA[public void aut.tests.functionaltests.FacilityAppTestCases.Gen_QA214_HelpMenuWith_HelpSiteAbout(org.testng.ITestContext) throws java.lang.Throwable]]>
              </value>
            </param>
          </params>
          <reporter-output>
          </reporter-output>
        </test-method> <!-- afterMethod -->
        <test-method status="PASS" signature="afterTest(org.testng.ITestContext)[pri:0, instance:aut.tests.functionaltests.FacilityAppTestCases@77eca502]" name="afterTest" is-config="true" duration-ms="268" started-at="2018-09-05T20:57:02Z" finished-at="2018-09-05T20:57:02Z">
          <params>
            <param index="0">
              <value>
                <![CDATA[org.testng.TestRunner@38db98b2]]>
              </value>
            </param>
          </params>
          <reporter-output>
          </reporter-output>
        </test-method> <!-- afterTest -->
        <test-method status="PASS" signature="afterSuite(org.testng.ITestContext)[pri:0, instance:aut.tests.functionaltests.FacilityAppTestCases@77eca502]" name="afterSuite" is-config="true" duration-ms="266" started-at="2018-09-05T20:57:02Z" finished-at="2018-09-05T20:57:03Z">
          <params>
            <param index="0">
              <value>
                <![CDATA[org.testng.TestRunner@38db98b2]]>
              </value>
            </param>
          </params>
          <reporter-output>
          </reporter-output>
        </test-method> <!-- afterSuite -->
      </class> <!-- aut.tests.functionaltests.FacilityAppTestCases -->
    </test> <!-- test -->
  </suite> <!-- SuiteRegression -->
</testng-results>
