<?xml version="1.0" encoding="UTF-8"?>
<testng-results skipped="1" failed="0" ignored="19" total="20" passed="0">
  <reporter-output>
  </reporter-output>
  <suite name="SuiteRegression" duration-ms="15847" started-at="2018-09-25T07:30:59Z" finished-at="2018-09-25T07:31:14Z">
    <groups>
    </groups>
    <test name="test" duration-ms="15847" started-at="2018-09-25T07:30:59Z" finished-at="2018-09-25T07:31:14Z">
      <class name="bluestrata.tests.functionalTests.ClinicalTestCases">
        <test-method status="PASS" signature="beforeSuite(org.testng.ITestContext, org.testng.xml.XmlTest)[pri:0, instance:bluestrata.tests.functionalTests.ClinicalTestCases@61386958]" name="beforeSuite" is-config="true" duration-ms="240" started-at="2018-09-25T13:00:58Z" finished-at="2018-09-25T13:00:59Z">
          <params>
            <param index="0">
              <value>
                <![CDATA[org.testng.TestRunner@75a0cf24]]>
              </value>
            </param>
            <param index="1">
              <value>
                <![CDATA[[Test: "test" verbose:1[parameters:][metagroups:] [included: ][excluded: ]  classes: packages:] ]]>
              </value>
            </param>
          </params>
          <reporter-output>
          </reporter-output>
        </test-method> <!-- beforeSuite -->
        <test-method status="PASS" signature="beforeTest(org.testng.ITestContext)[pri:0, instance:bluestrata.tests.functionalTests.ClinicalTestCases@61386958]" name="beforeTest" is-config="true" duration-ms="2" started-at="2018-09-25T13:00:59Z" finished-at="2018-09-25T13:00:59Z">
          <params>
            <param index="0">
              <value>
                <![CDATA[org.testng.TestRunner@75a0cf24]]>
              </value>
            </param>
          </params>
          <reporter-output>
          </reporter-output>
        </test-method> <!-- beforeTest -->
        <test-method status="FAIL" signature="beforeMethod(org.testng.ITestContext, java.lang.reflect.Method)[pri:0, instance:bluestrata.tests.functionalTests.ClinicalTestCases@61386958]" name="beforeMethod" is-config="true" duration-ms="15823" started-at="2018-09-25T13:00:59Z" finished-at="2018-09-25T13:01:14Z">
          <params>
            <param index="0">
              <value>
                <![CDATA[org.testng.TestRunner@75a0cf24]]>
              </value>
            </param>
            <param index="1">
              <value>
                <![CDATA[public void bluestrata.tests.functionalTests.ClinicalTestCases.QA097_ResidentOrders_CreateAnOrderUsingDetailsTypeTreatmentWithMedication_And_Medication(org.testng.ITestContext)]]>
              </value>
            </param>
          </params>
          <exception class="java.lang.Error">
            <message>
              <![CDATA[Unresolved compilation problem: 
	The constructor PageTemplate(WebDriver, IReporter) is undefined
]]>
            </message>
            <full-stacktrace>
              <![CDATA[java.lang.Error: Unresolved compilation problem: 
	The constructor PageTemplate(WebDriver, IReporter) is undefined

	at bluestrata.pages.LoginPage.<init>(LoginPage.java:21)
	at dweb.aut.pages.templates.TestTemplateMethodLevelInit.beforeMethod(TestTemplateMethodLevelInit.java:208)
	at sun.reflect.NativeMethodAccessorImpl.invoke0(Native Method)
	at sun.reflect.NativeMethodAccessorImpl.invoke(NativeMethodAccessorImpl.java:62)
	at sun.reflect.DelegatingMethodAccessorImpl.invoke(DelegatingMethodAccessorImpl.java:43)
	at java.lang.reflect.Method.invoke(Method.java:498)
	at org.testng.internal.MethodInvocationHelper.invokeMethod(MethodInvocationHelper.java:108)
	at org.testng.internal.Invoker.invokeConfigurationMethod(Invoker.java:523)
	at org.testng.internal.Invoker.invokeConfigurations(Invoker.java:224)
	at org.testng.internal.Invoker.invokeMethod(Invoker.java:599)
	at org.testng.internal.Invoker.invokeTestMethod(Invoker.java:869)
	at org.testng.internal.Invoker.invokeTestMethods(Invoker.java:1193)
	at org.testng.internal.TestMethodWorker.invokeTestMethods(TestMethodWorker.java:126)
	at org.testng.internal.TestMethodWorker.run(TestMethodWorker.java:109)
	at org.testng.TestRunner.privateRun(TestRunner.java:744)
	at org.testng.TestRunner.run(TestRunner.java:602)
	at org.testng.SuiteRunner.runTest(SuiteRunner.java:380)
	at org.testng.SuiteRunner.access$000(SuiteRunner.java:39)
	at org.testng.SuiteRunner$SuiteWorker.run(SuiteRunner.java:414)
	at org.testng.internal.thread.ThreadUtil$1.call(ThreadUtil.java:52)
	at java.util.concurrent.FutureTask.run(FutureTask.java:266)
	at java.util.concurrent.ThreadPoolExecutor.runWorker(ThreadPoolExecutor.java:1142)
	at java.util.concurrent.ThreadPoolExecutor$Worker.run(ThreadPoolExecutor.java:617)
	at java.lang.Thread.run(Thread.java:745)
]]>
            </full-stacktrace>
          </exception> <!-- java.lang.Error -->
          <reporter-output>
          </reporter-output>
        </test-method> <!-- beforeMethod -->
        <test-method status="SKIP" signature="QA097_ResidentOrders_CreateAnOrderUsingDetailsTypeTreatmentWithMedication_And_Medication(org.testng.ITestContext)[pri:0, instance:bluestrata.tests.functionalTests.ClinicalTestCases@61386958]" name="QA097_ResidentOrders_CreateAnOrderUsingDetailsTypeTreatmentWithMedication_And_Medication" duration-ms="0" started-at="2018-09-25T13:01:14Z" finished-at="2018-09-25T13:01:14Z">
          <exception class="java.lang.Error">
            <message>
              <![CDATA[Unresolved compilation problem: 
	The constructor PageTemplate(WebDriver, IReporter) is undefined
]]>
            </message>
            <full-stacktrace>
              <![CDATA[java.lang.Error: Unresolved compilation problem: 
	The constructor PageTemplate(WebDriver, IReporter) is undefined

	at bluestrata.pages.LoginPage.<init>(LoginPage.java:21)
	at dweb.aut.pages.templates.TestTemplateMethodLevelInit.beforeMethod(TestTemplateMethodLevelInit.java:208)
	at sun.reflect.NativeMethodAccessorImpl.invoke0(Native Method)
	at sun.reflect.NativeMethodAccessorImpl.invoke(NativeMethodAccessorImpl.java:62)
	at sun.reflect.DelegatingMethodAccessorImpl.invoke(DelegatingMethodAccessorImpl.java:43)
	at java.lang.reflect.Method.invoke(Method.java:498)
	at org.testng.internal.MethodInvocationHelper.invokeMethod(MethodInvocationHelper.java:108)
	at org.testng.internal.Invoker.invokeConfigurationMethod(Invoker.java:523)
	at org.testng.internal.Invoker.invokeConfigurations(Invoker.java:224)
	at org.testng.internal.Invoker.invokeMethod(Invoker.java:599)
	at org.testng.internal.Invoker.invokeTestMethod(Invoker.java:869)
	at org.testng.internal.Invoker.invokeTestMethods(Invoker.java:1193)
	at org.testng.internal.TestMethodWorker.invokeTestMethods(TestMethodWorker.java:126)
	at org.testng.internal.TestMethodWorker.run(TestMethodWorker.java:109)
	at org.testng.TestRunner.privateRun(TestRunner.java:744)
	at org.testng.TestRunner.run(TestRunner.java:602)
	at org.testng.SuiteRunner.runTest(SuiteRunner.java:380)
	at org.testng.SuiteRunner.access$000(SuiteRunner.java:39)
	at org.testng.SuiteRunner$SuiteWorker.run(SuiteRunner.java:414)
	at org.testng.internal.thread.ThreadUtil$1.call(ThreadUtil.java:52)
	at java.util.concurrent.FutureTask.run(FutureTask.java:266)
	at java.util.concurrent.ThreadPoolExecutor.runWorker(ThreadPoolExecutor.java:1142)
	at java.util.concurrent.ThreadPoolExecutor$Worker.run(ThreadPoolExecutor.java:617)
	at java.lang.Thread.run(Thread.java:745)
]]>
            </full-stacktrace>
          </exception> <!-- java.lang.Error -->
          <reporter-output>
          </reporter-output>
        </test-method> <!-- QA097_ResidentOrders_CreateAnOrderUsingDetailsTypeTreatmentWithMedication_And_Medication -->
        <test-method status="SKIP" signature="afterTest(org.testng.ITestContext)[pri:0, instance:bluestrata.tests.functionalTests.ClinicalTestCases@61386958]" name="afterTest" is-config="true" duration-ms="0" started-at="2018-09-25T13:01:14Z" finished-at="2018-09-25T13:01:14Z">
          <reporter-output>
          </reporter-output>
        </test-method> <!-- afterTest -->
        <test-method status="SKIP" signature="afterSuite(org.testng.ITestContext)[pri:0, instance:bluestrata.tests.functionalTests.ClinicalTestCases@61386958]" name="afterSuite" is-config="true" duration-ms="0" started-at="2018-09-25T13:01:15Z" finished-at="2018-09-25T13:01:15Z">
          <reporter-output>
          </reporter-output>
        </test-method> <!-- afterSuite -->
      </class> <!-- bluestrata.tests.functionalTests.ClinicalTestCases -->
    </test> <!-- test -->
  </suite> <!-- SuiteRegression -->
</testng-results>
