<?xml version="1.0" encoding="UTF-8"?>
<testng-results skipped="0" failed="0" ignored="0" total="3" passed="3">
  <reporter-output>
  </reporter-output>
  <suite name="SuiteRegression" duration-ms="310863" started-at="2018-11-29T13:59:41Z" finished-at="2018-11-29T14:04:52Z">
    <groups>
    </groups>
    <test name="test" duration-ms="310863" started-at="2018-11-29T13:59:41Z" finished-at="2018-11-29T14:04:52Z">
      <class name="POC.tests.functionalTests.CarePlan_MealAndSnack_TestCases">
        <test-method status="PASS" signature="beforeSuite(org.testng.ITestContext, org.testng.xml.XmlTest)[pri:0, instance:POC.tests.functionalTests.CarePlan_MealAndSnack_TestCases@1563da5]" name="beforeSuite" is-config="true" duration-ms="219" started-at="2018-11-29T19:29:41Z" finished-at="2018-11-29T19:29:41Z">
          <params>
            <param index="0">
              <value>
                <![CDATA[org.testng.TestRunner@53a9f10f]]>
              </value>
            </param>
            <param index="1">
              <value>
                <![CDATA[[Test: "test" verbose:1[parameters:][metagroups:] [included: ][excluded: ]  classes: packages:] ]]>
              </value>
            </param>
          </params>
          <reporter-output>
          </reporter-output>
        </test-method> <!-- beforeSuite -->
        <test-method status="PASS" signature="beforeTest(org.testng.ITestContext)[pri:0, instance:POC.tests.functionalTests.CarePlan_MealAndSnack_TestCases@1563da5]" name="beforeTest" is-config="true" duration-ms="0" started-at="2018-11-29T19:29:41Z" finished-at="2018-11-29T19:29:41Z">
          <params>
            <param index="0">
              <value>
                <![CDATA[org.testng.TestRunner@53a9f10f]]>
              </value>
            </param>
          </params>
          <reporter-output>
          </reporter-output>
        </test-method> <!-- beforeTest -->
        <test-method status="PASS" signature="beforeMethod(org.testng.ITestContext, java.lang.reflect.Method)[pri:0, instance:POC.tests.functionalTests.CarePlan_MealAndSnack_TestCases@1563da5]" name="beforeMethod" is-config="true" duration-ms="19738" started-at="2018-11-29T19:29:41Z" finished-at="2018-11-29T19:30:01Z">
          <params>
            <param index="0">
              <value>
                <![CDATA[org.testng.TestRunner@53a9f10f]]>
              </value>
            </param>
            <param index="1">
              <value>
                <![CDATA[public void POC.tests.functionalTests.CarePlan_MealAndSnack_TestCases.POC_QA298_Verify_Hydration__Meal_And_Snack_For_Resident(org.testng.ITestContext) throws java.lang.InterruptedException,java.awt.AWTException]]>
              </value>
            </param>
          </params>
          <reporter-output>
          </reporter-output>
        </test-method> <!-- beforeMethod -->
        <test-method status="PASS" signature="POC_QA298_Verify_Hydration__Meal_And_Snack_For_Resident(org.testng.ITestContext)[pri:0, instance:POC.tests.functionalTests.CarePlan_MealAndSnack_TestCases@1563da5]" name="POC_QA298_Verify_Hydration__Meal_And_Snack_For_Resident" duration-ms="68386" started-at="2018-11-29T19:30:01Z" finished-at="2018-11-29T19:31:09Z">
          <params>
            <param index="0">
              <value>
                <![CDATA[org.testng.TestRunner@53a9f10f]]>
              </value>
            </param>
          </params>
          <reporter-output>
          </reporter-output>
        </test-method> <!-- POC_QA298_Verify_Hydration__Meal_And_Snack_For_Resident -->
        <test-method status="PASS" signature="afterMethod(org.testng.ITestContext, org.testng.ITestResult, java.lang.reflect.Method)[pri:0, instance:POC.tests.functionalTests.CarePlan_MealAndSnack_TestCases@1563da5]" name="afterMethod" is-config="true" duration-ms="6159" started-at="2018-11-29T19:31:09Z" finished-at="2018-11-29T19:31:16Z">
          <params>
            <param index="0">
              <value>
                <![CDATA[org.testng.TestRunner@53a9f10f]]>
              </value>
            </param>
            <param index="1">
              <value>
                <![CDATA[[TestResult name=POC_QA298_Verify_Hydration__Meal_And_Snack_For_Resident status=SUCCESS method=CarePlan_MealAndSnack_TestCases.POC_QA298_Verify_Hydration__Meal_And_Snack_For_Resident(org.testng.ITestContext)[pri:0, instance:POC.tests.functionalTests.CarePlan_MealAndSnack_TestCases@1563da5] output={null}]]]>
              </value>
            </param>
            <param index="2">
              <value>
                <![CDATA[public void POC.tests.functionalTests.CarePlan_MealAndSnack_TestCases.POC_QA298_Verify_Hydration__Meal_And_Snack_For_Resident(org.testng.ITestContext) throws java.lang.InterruptedException,java.awt.AWTException]]>
              </value>
            </param>
          </params>
          <reporter-output>
          </reporter-output>
        </test-method> <!-- afterMethod -->
        <test-method status="PASS" signature="beforeMethod(org.testng.ITestContext, java.lang.reflect.Method)[pri:0, instance:POC.tests.functionalTests.CarePlan_MealAndSnack_TestCases@1563da5]" name="beforeMethod" is-config="true" duration-ms="20801" started-at="2018-11-29T19:31:16Z" finished-at="2018-11-29T19:31:36Z">
          <params>
            <param index="0">
              <value>
                <![CDATA[org.testng.TestRunner@53a9f10f]]>
              </value>
            </param>
            <param index="1">
              <value>
                <![CDATA[public void POC.tests.functionalTests.CarePlan_MealAndSnack_TestCases.POC_QA299_Verify_Lunch__Meal_And_Snack_For_Resident(org.testng.ITestContext) throws java.lang.InterruptedException,java.awt.AWTException]]>
              </value>
            </param>
          </params>
          <reporter-output>
          </reporter-output>
        </test-method> <!-- beforeMethod -->
        <test-method status="PASS" signature="POC_QA299_Verify_Lunch__Meal_And_Snack_For_Resident(org.testng.ITestContext)[pri:0, instance:POC.tests.functionalTests.CarePlan_MealAndSnack_TestCases@1563da5]" name="POC_QA299_Verify_Lunch__Meal_And_Snack_For_Resident" duration-ms="80981" started-at="2018-11-29T19:31:36Z" finished-at="2018-11-29T19:32:57Z">
          <params>
            <param index="0">
              <value>
                <![CDATA[org.testng.TestRunner@53a9f10f]]>
              </value>
            </param>
          </params>
          <reporter-output>
          </reporter-output>
        </test-method> <!-- POC_QA299_Verify_Lunch__Meal_And_Snack_For_Resident -->
        <test-method status="PASS" signature="afterMethod(org.testng.ITestContext, org.testng.ITestResult, java.lang.reflect.Method)[pri:0, instance:POC.tests.functionalTests.CarePlan_MealAndSnack_TestCases@1563da5]" name="afterMethod" is-config="true" duration-ms="5901" started-at="2018-11-29T19:32:57Z" finished-at="2018-11-29T19:33:03Z">
          <params>
            <param index="0">
              <value>
                <![CDATA[org.testng.TestRunner@53a9f10f]]>
              </value>
            </param>
            <param index="1">
              <value>
                <![CDATA[[TestResult name=POC_QA299_Verify_Lunch__Meal_And_Snack_For_Resident status=SUCCESS method=CarePlan_MealAndSnack_TestCases.POC_QA299_Verify_Lunch__Meal_And_Snack_For_Resident(org.testng.ITestContext)[pri:0, instance:POC.tests.functionalTests.CarePlan_MealAndSnack_TestCases@1563da5] output={null}]]]>
              </value>
            </param>
            <param index="2">
              <value>
                <![CDATA[public void POC.tests.functionalTests.CarePlan_MealAndSnack_TestCases.POC_QA299_Verify_Lunch__Meal_And_Snack_For_Resident(org.testng.ITestContext) throws java.lang.InterruptedException,java.awt.AWTException]]>
              </value>
            </param>
          </params>
          <reporter-output>
          </reporter-output>
        </test-method> <!-- afterMethod -->
        <test-method status="PASS" signature="beforeMethod(org.testng.ITestContext, java.lang.reflect.Method)[pri:0, instance:POC.tests.functionalTests.CarePlan_MealAndSnack_TestCases@1563da5]" name="beforeMethod" is-config="true" duration-ms="19051" started-at="2018-11-29T19:33:03Z" finished-at="2018-11-29T19:33:22Z">
          <params>
            <param index="0">
              <value>
                <![CDATA[org.testng.TestRunner@53a9f10f]]>
              </value>
            </param>
            <param index="1">
              <value>
                <![CDATA[public void POC.tests.functionalTests.CarePlan_MealAndSnack_TestCases.POC_QA300_Verify_Test2__Meal_And_Snack_For_Resident(org.testng.ITestContext) throws java.lang.InterruptedException,java.awt.AWTException]]>
              </value>
            </param>
          </params>
          <reporter-output>
          </reporter-output>
        </test-method> <!-- beforeMethod -->
        <test-method status="PASS" signature="POC_QA300_Verify_Test2__Meal_And_Snack_For_Resident(org.testng.ITestContext)[pri:0, instance:POC.tests.functionalTests.CarePlan_MealAndSnack_TestCases@1563da5]" name="POC_QA300_Verify_Test2__Meal_And_Snack_For_Resident" duration-ms="83807" started-at="2018-11-29T19:33:22Z" finished-at="2018-11-29T19:34:46Z">
          <params>
            <param index="0">
              <value>
                <![CDATA[org.testng.TestRunner@53a9f10f]]>
              </value>
            </param>
          </params>
          <reporter-output>
          </reporter-output>
        </test-method> <!-- POC_QA300_Verify_Test2__Meal_And_Snack_For_Resident -->
        <test-method status="PASS" signature="afterMethod(org.testng.ITestContext, org.testng.ITestResult, java.lang.reflect.Method)[pri:0, instance:POC.tests.functionalTests.CarePlan_MealAndSnack_TestCases@1563da5]" name="afterMethod" is-config="true" duration-ms="5968" started-at="2018-11-29T19:34:46Z" finished-at="2018-11-29T19:34:52Z">
          <params>
            <param index="0">
              <value>
                <![CDATA[org.testng.TestRunner@53a9f10f]]>
              </value>
            </param>
            <param index="1">
              <value>
                <![CDATA[[TestResult name=POC_QA300_Verify_Test2__Meal_And_Snack_For_Resident status=SUCCESS method=CarePlan_MealAndSnack_TestCases.POC_QA300_Verify_Test2__Meal_And_Snack_For_Resident(org.testng.ITestContext)[pri:0, instance:POC.tests.functionalTests.CarePlan_MealAndSnack_TestCases@1563da5] output={null}]]]>
              </value>
            </param>
            <param index="2">
              <value>
                <![CDATA[public void POC.tests.functionalTests.CarePlan_MealAndSnack_TestCases.POC_QA300_Verify_Test2__Meal_And_Snack_For_Resident(org.testng.ITestContext) throws java.lang.InterruptedException,java.awt.AWTException]]>
              </value>
            </param>
          </params>
          <reporter-output>
          </reporter-output>
        </test-method> <!-- afterMethod -->
        <test-method status="PASS" signature="afterTest(org.testng.ITestContext)[pri:0, instance:POC.tests.functionalTests.CarePlan_MealAndSnack_TestCases@1563da5]" name="afterTest" is-config="true" duration-ms="70" started-at="2018-11-29T19:34:52Z" finished-at="2018-11-29T19:34:52Z">
          <params>
            <param index="0">
              <value>
                <![CDATA[org.testng.TestRunner@53a9f10f]]>
              </value>
            </param>
          </params>
          <reporter-output>
          </reporter-output>
        </test-method> <!-- afterTest -->
        <test-method status="PASS" signature="afterSuite(org.testng.ITestContext)[pri:0, instance:POC.tests.functionalTests.CarePlan_MealAndSnack_TestCases@1563da5]" name="afterSuite" is-config="true" duration-ms="32" started-at="2018-11-29T19:34:52Z" finished-at="2018-11-29T19:34:52Z">
          <params>
            <param index="0">
              <value>
                <![CDATA[org.testng.TestRunner@53a9f10f]]>
              </value>
            </param>
          </params>
          <reporter-output>
          </reporter-output>
        </test-method> <!-- afterSuite -->
      </class> <!-- POC.tests.functionalTests.CarePlan_MealAndSnack_TestCases -->
    </test> <!-- test -->
  </suite> <!-- SuiteRegression -->
</testng-results>
