<?xml version="1.0" encoding="UTF-8"?>
<testng-results skipped="0" failed="2" ignored="0" total="20" passed="18">
  <reporter-output>
  </reporter-output>
  <suite name="SuiteRegression" duration-ms="22406742" started-at="2018-06-12T13:40:01Z" finished-at="2018-06-12T19:53:27Z">
    <groups>
    </groups>
    <test name="Test" duration-ms="22406742" started-at="2018-06-12T13:40:01Z" finished-at="2018-06-12T19:53:27Z">
      <class name="aut.tests.functionaltests.ClinicalTestCases">
        <test-method status="PASS" signature="beforeSuite(org.testng.ITestContext, org.testng.xml.XmlTest)[pri:0, instance:aut.tests.functionaltests.ClinicalTestCases@8317c52]" name="beforeSuite" is-config="true" duration-ms="156" started-at="2018-06-12T19:10:01Z" finished-at="2018-06-12T19:10:01Z">
          <params>
            <param index="0">
              <value>
                <![CDATA[org.testng.TestRunner@45007ed7]]>
              </value>
            </param>
            <param index="1">
              <value>
                <![CDATA[[Test: "Test" verbose:1[parameters:][metagroups:] [included: ][excluded: ]  classes: packages:] ]]>
              </value>
            </param>
          </params>
          <reporter-output>
          </reporter-output>
        </test-method> <!-- beforeSuite -->
        <test-method status="PASS" signature="beforeTest(org.testng.ITestContext)[pri:0, instance:aut.tests.functionaltests.ClinicalTestCases@8317c52]" name="beforeTest" is-config="true" duration-ms="1" started-at="2018-06-12T19:10:01Z" finished-at="2018-06-12T19:10:01Z">
          <params>
            <param index="0">
              <value>
                <![CDATA[org.testng.TestRunner@45007ed7]]>
              </value>
            </param>
          </params>
          <reporter-output>
          </reporter-output>
        </test-method> <!-- beforeTest -->
        <test-method status="PASS" signature="beforeMethod(org.testng.ITestContext, java.lang.reflect.Method)[pri:0, instance:aut.tests.functionaltests.ClinicalTestCases@8317c52]" name="beforeMethod" is-config="true" duration-ms="78656" started-at="2018-06-12T19:10:01Z" finished-at="2018-06-12T19:11:19Z">
          <params>
            <param index="0">
              <value>
                <![CDATA[org.testng.TestRunner@45007ed7]]>
              </value>
            </param>
            <param index="1">
              <value>
                <![CDATA[public void aut.tests.functionaltests.ClinicalTestCases.QA090_OrderCreationViaClinicalAPP() throws java.net.URISyntaxException]]>
              </value>
            </param>
          </params>
          <reporter-output>
          </reporter-output>
        </test-method> <!-- beforeMethod -->
        <test-method status="PASS" signature="QA090_OrderCreationViaClinicalAPP()[pri:1, instance:aut.tests.functionaltests.ClinicalTestCases@8317c52]" name="QA090_OrderCreationViaClinicalAPP" duration-ms="117639" started-at="2018-06-12T19:11:19Z" finished-at="2018-06-12T19:13:17Z">
          <reporter-output>
          </reporter-output>
        </test-method> <!-- QA090_OrderCreationViaClinicalAPP -->
        <test-method status="PASS" signature="afterMethod(org.testng.ITestContext, org.testng.ITestResult, java.lang.reflect.Method)[pri:0, instance:aut.tests.functionaltests.ClinicalTestCases@8317c52]" name="afterMethod" is-config="true" duration-ms="929" started-at="2018-06-12T19:13:17Z" finished-at="2018-06-12T19:13:18Z">
          <params>
            <param index="0">
              <value>
                <![CDATA[org.testng.TestRunner@45007ed7]]>
              </value>
            </param>
            <param index="1">
              <value>
                <![CDATA[[TestResult name=QA090_OrderCreationViaClinicalAPP status=SUCCESS method=ClinicalTestCases.QA090_OrderCreationViaClinicalAPP()[pri:1, instance:aut.tests.functionaltests.ClinicalTestCases@8317c52] output={null}]]]>
              </value>
            </param>
            <param index="2">
              <value>
                <![CDATA[public void aut.tests.functionaltests.ClinicalTestCases.QA090_OrderCreationViaClinicalAPP() throws java.net.URISyntaxException]]>
              </value>
            </param>
          </params>
          <reporter-output>
          </reporter-output>
        </test-method> <!-- afterMethod -->
        <test-method status="PASS" signature="beforeMethod(org.testng.ITestContext, java.lang.reflect.Method)[pri:0, instance:aut.tests.functionaltests.ClinicalTestCases@8317c52]" name="beforeMethod" is-config="true" duration-ms="67093" started-at="2018-06-12T19:13:18Z" finished-at="2018-06-12T19:14:25Z">
          <params>
            <param index="0">
              <value>
                <![CDATA[org.testng.TestRunner@45007ed7]]>
              </value>
            </param>
            <param index="1">
              <value>
                <![CDATA[public void aut.tests.functionaltests.ClinicalTestCases.QA091_ResidentOrders_CreateAnOrderUsingDetailsType(org.testng.ITestContext)]]>
              </value>
            </param>
          </params>
          <reporter-output>
          </reporter-output>
        </test-method> <!-- beforeMethod -->
        <test-method status="PASS" signature="QA091_ResidentOrders_CreateAnOrderUsingDetailsType(org.testng.ITestContext)[pri:2, instance:aut.tests.functionaltests.ClinicalTestCases@8317c52]" name="QA091_ResidentOrders_CreateAnOrderUsingDetailsType" duration-ms="677909" started-at="2018-06-12T19:14:25Z" finished-at="2018-06-12T19:25:43Z">
          <params>
            <param index="0">
              <value>
                <![CDATA[org.testng.TestRunner@45007ed7]]>
              </value>
            </param>
          </params>
          <reporter-output>
          </reporter-output>
        </test-method> <!-- QA091_ResidentOrders_CreateAnOrderUsingDetailsType -->
        <test-method status="PASS" signature="afterMethod(org.testng.ITestContext, org.testng.ITestResult, java.lang.reflect.Method)[pri:0, instance:aut.tests.functionaltests.ClinicalTestCases@8317c52]" name="afterMethod" is-config="true" duration-ms="616" started-at="2018-06-12T19:25:43Z" finished-at="2018-06-12T19:25:44Z">
          <params>
            <param index="0">
              <value>
                <![CDATA[org.testng.TestRunner@45007ed7]]>
              </value>
            </param>
            <param index="1">
              <value>
                <![CDATA[[TestResult name=QA091_ResidentOrders_CreateAnOrderUsingDetailsType status=SUCCESS method=ClinicalTestCases.QA091_ResidentOrders_CreateAnOrderUsingDetailsType(org.testng.ITestContext)[pri:2, instance:aut.tests.functionaltests.ClinicalTestCases@8317c52] output={null}]]]>
              </value>
            </param>
            <param index="2">
              <value>
                <![CDATA[public void aut.tests.functionaltests.ClinicalTestCases.QA091_ResidentOrders_CreateAnOrderUsingDetailsType(org.testng.ITestContext)]]>
              </value>
            </param>
          </params>
          <reporter-output>
          </reporter-output>
        </test-method> <!-- afterMethod -->
        <test-method status="PASS" signature="beforeMethod(org.testng.ITestContext, java.lang.reflect.Method)[pri:0, instance:aut.tests.functionaltests.ClinicalTestCases@8317c52]" name="beforeMethod" is-config="true" duration-ms="63908" started-at="2018-06-12T19:25:44Z" finished-at="2018-06-12T19:26:47Z">
          <params>
            <param index="0">
              <value>
                <![CDATA[org.testng.TestRunner@45007ed7]]>
              </value>
            </param>
            <param index="1">
              <value>
                <![CDATA[public void aut.tests.functionaltests.ClinicalTestCases.QA092_AddingFrequencyFromResidentOrders_CreateAnOrderWithFrequencyRoutine(org.testng.ITestContext)]]>
              </value>
            </param>
          </params>
          <reporter-output>
          </reporter-output>
        </test-method> <!-- beforeMethod -->
        <test-method status="PASS" signature="QA092_AddingFrequencyFromResidentOrders_CreateAnOrderWithFrequencyRoutine(org.testng.ITestContext)[pri:3, instance:aut.tests.functionaltests.ClinicalTestCases@8317c52]" name="QA092_AddingFrequencyFromResidentOrders_CreateAnOrderWithFrequencyRoutine" duration-ms="916502" started-at="2018-06-12T19:26:47Z" finished-at="2018-06-12T19:42:04Z">
          <params>
            <param index="0">
              <value>
                <![CDATA[org.testng.TestRunner@45007ed7]]>
              </value>
            </param>
          </params>
          <reporter-output>
          </reporter-output>
        </test-method> <!-- QA092_AddingFrequencyFromResidentOrders_CreateAnOrderWithFrequencyRoutine -->
        <test-method status="PASS" signature="afterMethod(org.testng.ITestContext, org.testng.ITestResult, java.lang.reflect.Method)[pri:0, instance:aut.tests.functionaltests.ClinicalTestCases@8317c52]" name="afterMethod" is-config="true" duration-ms="690" started-at="2018-06-12T19:42:04Z" finished-at="2018-06-12T19:42:05Z">
          <params>
            <param index="0">
              <value>
                <![CDATA[org.testng.TestRunner@45007ed7]]>
              </value>
            </param>
            <param index="1">
              <value>
                <![CDATA[[TestResult name=QA092_AddingFrequencyFromResidentOrders_CreateAnOrderWithFrequencyRoutine status=SUCCESS method=ClinicalTestCases.QA092_AddingFrequencyFromResidentOrders_CreateAnOrderWithFrequencyRoutine(org.testng.ITestContext)[pri:3, instance:aut.tests.functionaltests.ClinicalTestCases@8317c52] output={null}]]]>
              </value>
            </param>
            <param index="2">
              <value>
                <![CDATA[public void aut.tests.functionaltests.ClinicalTestCases.QA092_AddingFrequencyFromResidentOrders_CreateAnOrderWithFrequencyRoutine(org.testng.ITestContext)]]>
              </value>
            </param>
          </params>
          <reporter-output>
          </reporter-output>
        </test-method> <!-- afterMethod -->
        <test-method status="PASS" signature="beforeMethod(org.testng.ITestContext, java.lang.reflect.Method)[pri:0, instance:aut.tests.functionaltests.ClinicalTestCases@8317c52]" name="beforeMethod" is-config="true" duration-ms="62177" started-at="2018-06-12T19:42:05Z" finished-at="2018-06-12T19:43:07Z">
          <params>
            <param index="0">
              <value>
                <![CDATA[org.testng.TestRunner@45007ed7]]>
              </value>
            </param>
            <param index="1">
              <value>
                <![CDATA[public void aut.tests.functionaltests.ClinicalTestCases.QA093_FrequencyFieldSelectionWhen_FrequencyTypeRoutine(org.testng.ITestContext)]]>
              </value>
            </param>
          </params>
          <reporter-output>
          </reporter-output>
        </test-method> <!-- beforeMethod -->
        <test-method status="FAIL" signature="QA093_FrequencyFieldSelectionWhen_FrequencyTypeRoutine(org.testng.ITestContext)[pri:4, instance:aut.tests.functionaltests.ClinicalTestCases@8317c52]" name="QA093_FrequencyFieldSelectionWhen_FrequencyTypeRoutine" duration-ms="230864" started-at="2018-06-12T19:43:07Z" finished-at="2018-06-12T19:46:58Z">
          <params>
            <param index="0">
              <value>
                <![CDATA[org.testng.TestRunner@45007ed7]]>
              </value>
            </param>
          </params>
          <exception class="org.openqa.selenium.NoSuchElementException">
            <message>
              <![CDATA[Unable to find element with css selector == #query
For documentation on this error, please visit: http://seleniumhq.org/exceptions/no_such_element.html
Build info: version: '3.6.0', revision: '6fbf3ec767', time: '2017-09-27T15:28:36.4Z'
System info: host: 'HW1562', ip: '10.11.4.36', os.name: 'Windows 7', os.arch: 'amd64', os.version: '6.1', java.version: '1.8.0_141'
Driver info: org.openqa.selenium.ie.InternetExplorerDriver
Capabilities [{proxy=Proxy(), acceptInsecureCerts=false, browserVersion=11, se:ieOptions={nativeEvents=true, browserAttachTimeout=0, ie.ensureCleanSession=true, elementScrollBehavior=0, enablePersistentHover=true, ie.browserCommandLineSwitches=, ie.forceCreateProcessApi=false, requireWindowFocus=false, initialBrowserUrl=http://localhost:35698/, ignoreZoomSetting=false, ie.fileUploadDialogTimeout=3000, ignoreProtectedModeSettings=false}, timeouts={implicit=0, pageLoad=300000, script=30000}, browserName=internet explorer, pageLoadStrategy=normal, javascriptEnabled=true, platformName=WINDOWS, setWindowRect=true, platform=WINDOWS}]
Session ID: 94b97bfd-d5e6-4b28-8953-2bb335d943ae
*** Element info: {Using=id, value=query}]]>
            </message>
            <full-stacktrace>
              <![CDATA[org.openqa.selenium.NoSuchElementException: Unable to find element with css selector == #query
For documentation on this error, please visit: http://seleniumhq.org/exceptions/no_such_element.html
Build info: version: '3.6.0', revision: '6fbf3ec767', time: '2017-09-27T15:28:36.4Z'
System info: host: 'HW1562', ip: '10.11.4.36', os.name: 'Windows 7', os.arch: 'amd64', os.version: '6.1', java.version: '1.8.0_141'
Driver info: org.openqa.selenium.ie.InternetExplorerDriver
Capabilities [{proxy=Proxy(), acceptInsecureCerts=false, browserVersion=11, se:ieOptions={nativeEvents=true, browserAttachTimeout=0, ie.ensureCleanSession=true, elementScrollBehavior=0, enablePersistentHover=true, ie.browserCommandLineSwitches=, ie.forceCreateProcessApi=false, requireWindowFocus=false, initialBrowserUrl=http://localhost:35698/, ignoreZoomSetting=false, ie.fileUploadDialogTimeout=3000, ignoreProtectedModeSettings=false}, timeouts={implicit=0, pageLoad=300000, script=30000}, browserName=internet explorer, pageLoadStrategy=normal, javascriptEnabled=true, platformName=WINDOWS, setWindowRect=true, platform=WINDOWS}]
Session ID: 94b97bfd-d5e6-4b28-8953-2bb335d943ae
*** Element info: {Using=id, value=query}
	at sun.reflect.NativeConstructorAccessorImpl.newInstance0(Native Method)
	at sun.reflect.NativeConstructorAccessorImpl.newInstance(Unknown Source)
	at sun.reflect.DelegatingConstructorAccessorImpl.newInstance(Unknown Source)
	at java.lang.reflect.Constructor.newInstance(Unknown Source)
	at org.openqa.selenium.remote.http.W3CHttpResponseCodec.createException(W3CHttpResponseCodec.java:187)
	at org.openqa.selenium.remote.http.W3CHttpResponseCodec.decode(W3CHttpResponseCodec.java:122)
	at org.openqa.selenium.remote.http.W3CHttpResponseCodec.decode(W3CHttpResponseCodec.java:49)
	at org.openqa.selenium.remote.HttpCommandExecutor.execute(HttpCommandExecutor.java:158)
	at org.openqa.selenium.remote.service.DriverCommandExecutor.execute(DriverCommandExecutor.java:83)
	at org.openqa.selenium.remote.RemoteWebDriver.execute(RemoteWebDriver.java:545)
	at org.openqa.selenium.remote.RemoteWebDriver.findElement(RemoteWebDriver.java:319)
	at org.openqa.selenium.remote.RemoteWebDriver.findElementById(RemoteWebDriver.java:365)
	at org.openqa.selenium.By$ById.findElement(By.java:218)
	at org.openqa.selenium.remote.RemoteWebDriver.findElement(RemoteWebDriver.java:311)
	at dweb.aut.pages.templates.PageTemplate.SendKeysToElementClearFirst(PageTemplate.java:520)
	at aut.bluestrata.pages.PhysicianPortalPage.CreateAnOrderWithOrderDetails(PhysicianPortalPage.java:317)
	at aut.tests.functionaltests.ClinicalTestCases.QA093_FrequencyFieldSelectionWhen_FrequencyTypeRoutine(ClinicalTestCases.java:413)
	at sun.reflect.NativeMethodAccessorImpl.invoke0(Native Method)
	at sun.reflect.NativeMethodAccessorImpl.invoke(Unknown Source)
	at sun.reflect.DelegatingMethodAccessorImpl.invoke(Unknown Source)
	at java.lang.reflect.Method.invoke(Unknown Source)
	at org.testng.internal.MethodInvocationHelper.invokeMethod(MethodInvocationHelper.java:108)
	at org.testng.internal.Invoker.invokeMethod(Invoker.java:661)
	at org.testng.internal.Invoker.invokeTestMethod(Invoker.java:869)
	at org.testng.internal.Invoker.invokeTestMethods(Invoker.java:1193)
	at org.testng.internal.TestMethodWorker.invokeTestMethods(TestMethodWorker.java:126)
	at org.testng.internal.TestMethodWorker.run(TestMethodWorker.java:109)
	at org.testng.TestRunner.privateRun(TestRunner.java:744)
	at org.testng.TestRunner.run(TestRunner.java:602)
	at org.testng.SuiteRunner.runTest(SuiteRunner.java:380)
	at org.testng.SuiteRunner.access$000(SuiteRunner.java:39)
	at org.testng.SuiteRunner$SuiteWorker.run(SuiteRunner.java:414)
	at org.testng.internal.thread.ThreadUtil$1.call(ThreadUtil.java:52)
	at java.util.concurrent.FutureTask.run(Unknown Source)
	at java.util.concurrent.ThreadPoolExecutor.runWorker(Unknown Source)
	at java.util.concurrent.ThreadPoolExecutor$Worker.run(Unknown Source)
	at java.lang.Thread.run(Unknown Source)
]]>
            </full-stacktrace>
          </exception> <!-- org.openqa.selenium.NoSuchElementException -->
          <reporter-output>
          </reporter-output>
        </test-method> <!-- QA093_FrequencyFieldSelectionWhen_FrequencyTypeRoutine -->
        <test-method status="PASS" signature="afterMethod(org.testng.ITestContext, org.testng.ITestResult, java.lang.reflect.Method)[pri:0, instance:aut.tests.functionaltests.ClinicalTestCases@8317c52]" name="afterMethod" is-config="true" duration-ms="688" started-at="2018-06-12T19:46:58Z" finished-at="2018-06-12T19:46:58Z">
          <params>
            <param index="0">
              <value>
                <![CDATA[org.testng.TestRunner@45007ed7]]>
              </value>
            </param>
            <param index="1">
              <value>
                <![CDATA[[TestResult name=QA093_FrequencyFieldSelectionWhen_FrequencyTypeRoutine status=FAILURE method=ClinicalTestCases.QA093_FrequencyFieldSelectionWhen_FrequencyTypeRoutine(org.testng.ITestContext)[pri:4, instance:aut.tests.functionaltests.ClinicalTestCases@8317c52] output={null}]]]>
              </value>
            </param>
            <param index="2">
              <value>
                <![CDATA[public void aut.tests.functionaltests.ClinicalTestCases.QA093_FrequencyFieldSelectionWhen_FrequencyTypeRoutine(org.testng.ITestContext)]]>
              </value>
            </param>
          </params>
          <reporter-output>
          </reporter-output>
        </test-method> <!-- afterMethod -->
        <test-method status="PASS" signature="beforeMethod(org.testng.ITestContext, java.lang.reflect.Method)[pri:0, instance:aut.tests.functionaltests.ClinicalTestCases@8317c52]" name="beforeMethod" is-config="true" duration-ms="77164" started-at="2018-06-12T19:46:58Z" finished-at="2018-06-12T19:48:16Z">
          <params>
            <param index="0">
              <value>
                <![CDATA[org.testng.TestRunner@45007ed7]]>
              </value>
            </param>
            <param index="1">
              <value>
                <![CDATA[public void aut.tests.functionaltests.ClinicalTestCases.QA094_HowOftenFieldSelectionWhen_FrequencyTypeRoutine() throws java.net.URISyntaxException]]>
              </value>
            </param>
          </params>
          <reporter-output>
          </reporter-output>
        </test-method> <!-- beforeMethod -->
        <test-method status="PASS" signature="QA094_HowOftenFieldSelectionWhen_FrequencyTypeRoutine()[pri:5, instance:aut.tests.functionaltests.ClinicalTestCases@8317c52]" name="QA094_HowOftenFieldSelectionWhen_FrequencyTypeRoutine" duration-ms="2202713" started-at="2018-06-12T19:48:16Z" finished-at="2018-06-12T20:24:58Z">
          <reporter-output>
          </reporter-output>
        </test-method> <!-- QA094_HowOftenFieldSelectionWhen_FrequencyTypeRoutine -->
        <test-method status="PASS" signature="afterMethod(org.testng.ITestContext, org.testng.ITestResult, java.lang.reflect.Method)[pri:0, instance:aut.tests.functionaltests.ClinicalTestCases@8317c52]" name="afterMethod" is-config="true" duration-ms="615" started-at="2018-06-12T20:24:58Z" finished-at="2018-06-12T20:24:59Z">
          <params>
            <param index="0">
              <value>
                <![CDATA[org.testng.TestRunner@45007ed7]]>
              </value>
            </param>
            <param index="1">
              <value>
                <![CDATA[[TestResult name=QA094_HowOftenFieldSelectionWhen_FrequencyTypeRoutine status=SUCCESS method=ClinicalTestCases.QA094_HowOftenFieldSelectionWhen_FrequencyTypeRoutine()[pri:5, instance:aut.tests.functionaltests.ClinicalTestCases@8317c52] output={null}]]]>
              </value>
            </param>
            <param index="2">
              <value>
                <![CDATA[public void aut.tests.functionaltests.ClinicalTestCases.QA094_HowOftenFieldSelectionWhen_FrequencyTypeRoutine() throws java.net.URISyntaxException]]>
              </value>
            </param>
          </params>
          <reporter-output>
          </reporter-output>
        </test-method> <!-- afterMethod -->
        <test-method status="PASS" signature="beforeMethod(org.testng.ITestContext, java.lang.reflect.Method)[pri:0, instance:aut.tests.functionaltests.ClinicalTestCases@8317c52]" name="beforeMethod" is-config="true" duration-ms="65479" started-at="2018-06-12T20:24:59Z" finished-at="2018-06-12T20:26:04Z">
          <params>
            <param index="0">
              <value>
                <![CDATA[org.testng.TestRunner@45007ed7]]>
              </value>
            </param>
            <param index="1">
              <value>
                <![CDATA[public void aut.tests.functionaltests.ClinicalTestCases.QA095_AddingFrequencyFromOrders_WithFrequencyPRN(org.testng.ITestContext)]]>
              </value>
            </param>
          </params>
          <reporter-output>
          </reporter-output>
        </test-method> <!-- beforeMethod -->
        <test-method status="PASS" signature="QA095_AddingFrequencyFromOrders_WithFrequencyPRN(org.testng.ITestContext)[pri:6, instance:aut.tests.functionaltests.ClinicalTestCases@8317c52]" name="QA095_AddingFrequencyFromOrders_WithFrequencyPRN" duration-ms="860100" started-at="2018-06-12T20:26:04Z" finished-at="2018-06-12T20:40:24Z">
          <params>
            <param index="0">
              <value>
                <![CDATA[org.testng.TestRunner@45007ed7]]>
              </value>
            </param>
          </params>
          <reporter-output>
          </reporter-output>
        </test-method> <!-- QA095_AddingFrequencyFromOrders_WithFrequencyPRN -->
        <test-method status="PASS" signature="afterMethod(org.testng.ITestContext, org.testng.ITestResult, java.lang.reflect.Method)[pri:0, instance:aut.tests.functionaltests.ClinicalTestCases@8317c52]" name="afterMethod" is-config="true" duration-ms="622" started-at="2018-06-12T20:40:24Z" finished-at="2018-06-12T20:40:25Z">
          <params>
            <param index="0">
              <value>
                <![CDATA[org.testng.TestRunner@45007ed7]]>
              </value>
            </param>
            <param index="1">
              <value>
                <![CDATA[[TestResult name=QA095_AddingFrequencyFromOrders_WithFrequencyPRN status=SUCCESS method=ClinicalTestCases.QA095_AddingFrequencyFromOrders_WithFrequencyPRN(org.testng.ITestContext)[pri:6, instance:aut.tests.functionaltests.ClinicalTestCases@8317c52] output={null}]]]>
              </value>
            </param>
            <param index="2">
              <value>
                <![CDATA[public void aut.tests.functionaltests.ClinicalTestCases.QA095_AddingFrequencyFromOrders_WithFrequencyPRN(org.testng.ITestContext)]]>
              </value>
            </param>
          </params>
          <reporter-output>
          </reporter-output>
        </test-method> <!-- afterMethod -->
        <test-method status="PASS" signature="beforeMethod(org.testng.ITestContext, java.lang.reflect.Method)[pri:0, instance:aut.tests.functionaltests.ClinicalTestCases@8317c52]" name="beforeMethod" is-config="true" duration-ms="61015" started-at="2018-06-12T20:40:25Z" finished-at="2018-06-12T20:41:26Z">
          <params>
            <param index="0">
              <value>
                <![CDATA[org.testng.TestRunner@45007ed7]]>
              </value>
            </param>
            <param index="1">
              <value>
                <![CDATA[public void aut.tests.functionaltests.ClinicalTestCases.QA096_AddingFrequencyFromResidentOrder_WithFrequencyPRNEveryHour(org.testng.ITestContext)]]>
              </value>
            </param>
          </params>
          <reporter-output>
          </reporter-output>
        </test-method> <!-- beforeMethod -->
        <test-method status="PASS" signature="QA096_AddingFrequencyFromResidentOrder_WithFrequencyPRNEveryHour(org.testng.ITestContext)[pri:7, instance:aut.tests.functionaltests.ClinicalTestCases@8317c52]" name="QA096_AddingFrequencyFromResidentOrder_WithFrequencyPRNEveryHour" duration-ms="870076" started-at="2018-06-12T20:41:26Z" finished-at="2018-06-12T20:55:56Z">
          <params>
            <param index="0">
              <value>
                <![CDATA[org.testng.TestRunner@45007ed7]]>
              </value>
            </param>
          </params>
          <reporter-output>
          </reporter-output>
        </test-method> <!-- QA096_AddingFrequencyFromResidentOrder_WithFrequencyPRNEveryHour -->
        <test-method status="PASS" signature="afterMethod(org.testng.ITestContext, org.testng.ITestResult, java.lang.reflect.Method)[pri:0, instance:aut.tests.functionaltests.ClinicalTestCases@8317c52]" name="afterMethod" is-config="true" duration-ms="720" started-at="2018-06-12T20:55:56Z" finished-at="2018-06-12T20:55:57Z">
          <params>
            <param index="0">
              <value>
                <![CDATA[org.testng.TestRunner@45007ed7]]>
              </value>
            </param>
            <param index="1">
              <value>
                <![CDATA[[TestResult name=QA096_AddingFrequencyFromResidentOrder_WithFrequencyPRNEveryHour status=SUCCESS method=ClinicalTestCases.QA096_AddingFrequencyFromResidentOrder_WithFrequencyPRNEveryHour(org.testng.ITestContext)[pri:7, instance:aut.tests.functionaltests.ClinicalTestCases@8317c52] output={null}]]]>
              </value>
            </param>
            <param index="2">
              <value>
                <![CDATA[public void aut.tests.functionaltests.ClinicalTestCases.QA096_AddingFrequencyFromResidentOrder_WithFrequencyPRNEveryHour(org.testng.ITestContext)]]>
              </value>
            </param>
          </params>
          <reporter-output>
          </reporter-output>
        </test-method> <!-- afterMethod -->
        <test-method status="PASS" signature="beforeMethod(org.testng.ITestContext, java.lang.reflect.Method)[pri:0, instance:aut.tests.functionaltests.ClinicalTestCases@8317c52]" name="beforeMethod" is-config="true" duration-ms="68042" started-at="2018-06-12T20:55:57Z" finished-at="2018-06-12T20:57:05Z">
          <params>
            <param index="0">
              <value>
                <![CDATA[org.testng.TestRunner@45007ed7]]>
              </value>
            </param>
            <param index="1">
              <value>
                <![CDATA[public void aut.tests.functionaltests.ClinicalTestCases.QA097_ResidentOrders_CreateAnOrderUsingDetailsTypeTreatmentWithMedication_And_Medication(org.testng.ITestContext)]]>
              </value>
            </param>
          </params>
          <reporter-output>
          </reporter-output>
        </test-method> <!-- beforeMethod -->
        <test-method status="PASS" signature="QA097_ResidentOrders_CreateAnOrderUsingDetailsTypeTreatmentWithMedication_And_Medication(org.testng.ITestContext)[pri:8, instance:aut.tests.functionaltests.ClinicalTestCases@8317c52]" name="QA097_ResidentOrders_CreateAnOrderUsingDetailsTypeTreatmentWithMedication_And_Medication" duration-ms="1758465" started-at="2018-06-12T20:57:05Z" finished-at="2018-06-12T21:26:23Z">
          <params>
            <param index="0">
              <value>
                <![CDATA[org.testng.TestRunner@45007ed7]]>
              </value>
            </param>
          </params>
          <reporter-output>
          </reporter-output>
        </test-method> <!-- QA097_ResidentOrders_CreateAnOrderUsingDetailsTypeTreatmentWithMedication_And_Medication -->
        <test-method status="PASS" signature="afterMethod(org.testng.ITestContext, org.testng.ITestResult, java.lang.reflect.Method)[pri:0, instance:aut.tests.functionaltests.ClinicalTestCases@8317c52]" name="afterMethod" is-config="true" duration-ms="637" started-at="2018-06-12T21:26:23Z" finished-at="2018-06-12T21:26:24Z">
          <params>
            <param index="0">
              <value>
                <![CDATA[org.testng.TestRunner@45007ed7]]>
              </value>
            </param>
            <param index="1">
              <value>
                <![CDATA[[TestResult name=QA097_ResidentOrders_CreateAnOrderUsingDetailsTypeTreatmentWithMedication_And_Medication status=SUCCESS method=ClinicalTestCases.QA097_ResidentOrders_CreateAnOrderUsingDetailsTypeTreatmentWithMedication_And_Medication(org.testng.ITestContext)[pri:8, instance:aut.tests.functionaltests.ClinicalTestCases@8317c52] output={null}]]]>
              </value>
            </param>
            <param index="2">
              <value>
                <![CDATA[public void aut.tests.functionaltests.ClinicalTestCases.QA097_ResidentOrders_CreateAnOrderUsingDetailsTypeTreatmentWithMedication_And_Medication(org.testng.ITestContext)]]>
              </value>
            </param>
          </params>
          <reporter-output>
          </reporter-output>
        </test-method> <!-- afterMethod -->
        <test-method status="PASS" signature="beforeMethod(org.testng.ITestContext, java.lang.reflect.Method)[pri:0, instance:aut.tests.functionaltests.ClinicalTestCases@8317c52]" name="beforeMethod" is-config="true" duration-ms="68119" started-at="2018-06-12T21:26:24Z" finished-at="2018-06-12T21:27:32Z">
          <params>
            <param index="0">
              <value>
                <![CDATA[org.testng.TestRunner@45007ed7]]>
              </value>
            </param>
            <param index="1">
              <value>
                <![CDATA[public void aut.tests.functionaltests.ClinicalTestCases.QA098_ResidentOrders_CreateAnOrderUsingDetailsTypeTreatmentWithMedication_And_Medication_FrequencyTypeRoutine(org.testng.ITestContext)]]>
              </value>
            </param>
          </params>
          <reporter-output>
          </reporter-output>
        </test-method> <!-- beforeMethod -->
        <test-method status="PASS" signature="QA098_ResidentOrders_CreateAnOrderUsingDetailsTypeTreatmentWithMedication_And_Medication_FrequencyTypeRoutine(org.testng.ITestContext)[pri:9, instance:aut.tests.functionaltests.ClinicalTestCases@8317c52]" name="QA098_ResidentOrders_CreateAnOrderUsingDetailsTypeTreatmentWithMedication_And_Medication_FrequencyTypeRoutine" duration-ms="882571" started-at="2018-06-12T21:27:32Z" finished-at="2018-06-12T21:42:15Z">
          <params>
            <param index="0">
              <value>
                <![CDATA[org.testng.TestRunner@45007ed7]]>
              </value>
            </param>
          </params>
          <reporter-output>
          </reporter-output>
        </test-method> <!-- QA098_ResidentOrders_CreateAnOrderUsingDetailsTypeTreatmentWithMedication_And_Medication_FrequencyTypeRoutine -->
        <test-method status="PASS" signature="afterMethod(org.testng.ITestContext, org.testng.ITestResult, java.lang.reflect.Method)[pri:0, instance:aut.tests.functionaltests.ClinicalTestCases@8317c52]" name="afterMethod" is-config="true" duration-ms="644" started-at="2018-06-12T21:42:15Z" finished-at="2018-06-12T21:42:15Z">
          <params>
            <param index="0">
              <value>
                <![CDATA[org.testng.TestRunner@45007ed7]]>
              </value>
            </param>
            <param index="1">
              <value>
                <![CDATA[[TestResult name=QA098_ResidentOrders_CreateAnOrderUsingDetailsTypeTreatmentWithMedication_And_Medication_FrequencyTypeRoutine status=SUCCESS method=ClinicalTestCases.QA098_ResidentOrders_CreateAnOrderUsingDetailsTypeTreatmentWithMedication_And_Medication_FrequencyTypeRoutine(org.testng.ITestContext)[pri:9, instance:aut.tests.functionaltests.ClinicalTestCases@8317c52] output={null}]]]>
              </value>
            </param>
            <param index="2">
              <value>
                <![CDATA[public void aut.tests.functionaltests.ClinicalTestCases.QA098_ResidentOrders_CreateAnOrderUsingDetailsTypeTreatmentWithMedication_And_Medication_FrequencyTypeRoutine(org.testng.ITestContext)]]>
              </value>
            </param>
          </params>
          <reporter-output>
          </reporter-output>
        </test-method> <!-- afterMethod -->
        <test-method status="PASS" signature="beforeMethod(org.testng.ITestContext, java.lang.reflect.Method)[pri:0, instance:aut.tests.functionaltests.ClinicalTestCases@8317c52]" name="beforeMethod" is-config="true" duration-ms="63613" started-at="2018-06-12T21:42:15Z" finished-at="2018-06-12T21:43:19Z">
          <params>
            <param index="0">
              <value>
                <![CDATA[org.testng.TestRunner@45007ed7]]>
              </value>
            </param>
            <param index="1">
              <value>
                <![CDATA[public void aut.tests.functionaltests.ClinicalTestCases.QA099_ResidentOrders_CreateAnOrderUsingDetailsTypeTreatmentWithMedication_And_Medication_WithFrequencyPRNEveryHour(org.testng.ITestContext)]]>
              </value>
            </param>
          </params>
          <reporter-output>
          </reporter-output>
        </test-method> <!-- beforeMethod -->
        <test-method status="PASS" signature="QA099_ResidentOrders_CreateAnOrderUsingDetailsTypeTreatmentWithMedication_And_Medication_WithFrequencyPRNEveryHour(org.testng.ITestContext)[pri:10, instance:aut.tests.functionaltests.ClinicalTestCases@8317c52]" name="QA099_ResidentOrders_CreateAnOrderUsingDetailsTypeTreatmentWithMedication_And_Medication_WithFrequencyPRNEveryHour" duration-ms="612728" started-at="2018-06-12T21:43:19Z" finished-at="2018-06-12T21:53:32Z">
          <params>
            <param index="0">
              <value>
                <![CDATA[org.testng.TestRunner@45007ed7]]>
              </value>
            </param>
          </params>
          <reporter-output>
          </reporter-output>
        </test-method> <!-- QA099_ResidentOrders_CreateAnOrderUsingDetailsTypeTreatmentWithMedication_And_Medication_WithFrequencyPRNEveryHour -->
        <test-method status="PASS" signature="afterMethod(org.testng.ITestContext, org.testng.ITestResult, java.lang.reflect.Method)[pri:0, instance:aut.tests.functionaltests.ClinicalTestCases@8317c52]" name="afterMethod" is-config="true" duration-ms="646" started-at="2018-06-12T21:53:32Z" finished-at="2018-06-12T21:53:32Z">
          <params>
            <param index="0">
              <value>
                <![CDATA[org.testng.TestRunner@45007ed7]]>
              </value>
            </param>
            <param index="1">
              <value>
                <![CDATA[[TestResult name=QA099_ResidentOrders_CreateAnOrderUsingDetailsTypeTreatmentWithMedication_And_Medication_WithFrequencyPRNEveryHour status=SUCCESS method=ClinicalTestCases.QA099_ResidentOrders_CreateAnOrderUsingDetailsTypeTreatmentWithMedication_And_Medication_WithFrequencyPRNEveryHour(org.testng.ITestContext)[pri:10, instance:aut.tests.functionaltests.ClinicalTestCases@8317c52] output={null}]]]>
              </value>
            </param>
            <param index="2">
              <value>
                <![CDATA[public void aut.tests.functionaltests.ClinicalTestCases.QA099_ResidentOrders_CreateAnOrderUsingDetailsTypeTreatmentWithMedication_And_Medication_WithFrequencyPRNEveryHour(org.testng.ITestContext)]]>
              </value>
            </param>
          </params>
          <reporter-output>
          </reporter-output>
        </test-method> <!-- afterMethod -->
        <test-method status="PASS" signature="beforeMethod(org.testng.ITestContext, java.lang.reflect.Method)[pri:0, instance:aut.tests.functionaltests.ClinicalTestCases@8317c52]" name="beforeMethod" is-config="true" duration-ms="83207" started-at="2018-06-12T21:53:32Z" finished-at="2018-06-12T21:54:56Z">
          <params>
            <param index="0">
              <value>
                <![CDATA[org.testng.TestRunner@45007ed7]]>
              </value>
            </param>
            <param index="1">
              <value>
                <![CDATA[public void aut.tests.functionaltests.ClinicalTestCases.QA100_ResidentOrders_CreateAnOrderUsingDetailsTypeTreatmentWithMedication_And_Medication_WithFrequencyPRN(org.testng.ITestContext)]]>
              </value>
            </param>
          </params>
          <reporter-output>
          </reporter-output>
        </test-method> <!-- beforeMethod -->
        <test-method status="PASS" signature="QA100_ResidentOrders_CreateAnOrderUsingDetailsTypeTreatmentWithMedication_And_Medication_WithFrequencyPRN(org.testng.ITestContext)[pri:11, instance:aut.tests.functionaltests.ClinicalTestCases@8317c52]" name="QA100_ResidentOrders_CreateAnOrderUsingDetailsTypeTreatmentWithMedication_And_Medication_WithFrequencyPRN" duration-ms="600908" started-at="2018-06-12T21:54:56Z" finished-at="2018-06-12T22:04:56Z">
          <params>
            <param index="0">
              <value>
                <![CDATA[org.testng.TestRunner@45007ed7]]>
              </value>
            </param>
          </params>
          <reporter-output>
          </reporter-output>
        </test-method> <!-- QA100_ResidentOrders_CreateAnOrderUsingDetailsTypeTreatmentWithMedication_And_Medication_WithFrequencyPRN -->
        <test-method status="PASS" signature="afterMethod(org.testng.ITestContext, org.testng.ITestResult, java.lang.reflect.Method)[pri:0, instance:aut.tests.functionaltests.ClinicalTestCases@8317c52]" name="afterMethod" is-config="true" duration-ms="657" started-at="2018-06-12T22:04:56Z" finished-at="2018-06-12T22:04:57Z">
          <params>
            <param index="0">
              <value>
                <![CDATA[org.testng.TestRunner@45007ed7]]>
              </value>
            </param>
            <param index="1">
              <value>
                <![CDATA[[TestResult name=QA100_ResidentOrders_CreateAnOrderUsingDetailsTypeTreatmentWithMedication_And_Medication_WithFrequencyPRN status=SUCCESS method=ClinicalTestCases.QA100_ResidentOrders_CreateAnOrderUsingDetailsTypeTreatmentWithMedication_And_Medication_WithFrequencyPRN(org.testng.ITestContext)[pri:11, instance:aut.tests.functionaltests.ClinicalTestCases@8317c52] output={null}]]]>
              </value>
            </param>
            <param index="2">
              <value>
                <![CDATA[public void aut.tests.functionaltests.ClinicalTestCases.QA100_ResidentOrders_CreateAnOrderUsingDetailsTypeTreatmentWithMedication_And_Medication_WithFrequencyPRN(org.testng.ITestContext)]]>
              </value>
            </param>
          </params>
          <reporter-output>
          </reporter-output>
        </test-method> <!-- afterMethod -->
        <test-method status="PASS" signature="beforeMethod(org.testng.ITestContext, java.lang.reflect.Method)[pri:0, instance:aut.tests.functionaltests.ClinicalTestCases@8317c52]" name="beforeMethod" is-config="true" duration-ms="75938" started-at="2018-06-12T22:04:57Z" finished-at="2018-06-12T22:06:13Z">
          <params>
            <param index="0">
              <value>
                <![CDATA[org.testng.TestRunner@45007ed7]]>
              </value>
            </param>
            <param index="1">
              <value>
                <![CDATA[public void aut.tests.functionaltests.ClinicalTestCases.QA101_CreateAnOrder_ViaOrderSets(org.testng.ITestContext)]]>
              </value>
            </param>
          </params>
          <reporter-output>
          </reporter-output>
        </test-method> <!-- beforeMethod -->
        <test-method status="PASS" signature="QA101_CreateAnOrder_ViaOrderSets(org.testng.ITestContext)[pri:12, instance:aut.tests.functionaltests.ClinicalTestCases@8317c52]" name="QA101_CreateAnOrder_ViaOrderSets" duration-ms="919688" started-at="2018-06-12T22:06:13Z" finished-at="2018-06-12T22:21:33Z">
          <params>
            <param index="0">
              <value>
                <![CDATA[org.testng.TestRunner@45007ed7]]>
              </value>
            </param>
          </params>
          <reporter-output>
          </reporter-output>
        </test-method> <!-- QA101_CreateAnOrder_ViaOrderSets -->
        <test-method status="PASS" signature="afterMethod(org.testng.ITestContext, org.testng.ITestResult, java.lang.reflect.Method)[pri:0, instance:aut.tests.functionaltests.ClinicalTestCases@8317c52]" name="afterMethod" is-config="true" duration-ms="759" started-at="2018-06-12T22:21:33Z" finished-at="2018-06-12T22:21:34Z">
          <params>
            <param index="0">
              <value>
                <![CDATA[org.testng.TestRunner@45007ed7]]>
              </value>
            </param>
            <param index="1">
              <value>
                <![CDATA[[TestResult name=QA101_CreateAnOrder_ViaOrderSets status=SUCCESS method=ClinicalTestCases.QA101_CreateAnOrder_ViaOrderSets(org.testng.ITestContext)[pri:12, instance:aut.tests.functionaltests.ClinicalTestCases@8317c52] output={null}]]]>
              </value>
            </param>
            <param index="2">
              <value>
                <![CDATA[public void aut.tests.functionaltests.ClinicalTestCases.QA101_CreateAnOrder_ViaOrderSets(org.testng.ITestContext)]]>
              </value>
            </param>
          </params>
          <reporter-output>
          </reporter-output>
        </test-method> <!-- afterMethod -->
        <test-method status="PASS" signature="beforeMethod(org.testng.ITestContext, java.lang.reflect.Method)[pri:0, instance:aut.tests.functionaltests.ClinicalTestCases@8317c52]" name="beforeMethod" is-config="true" duration-ms="70981" started-at="2018-06-12T22:21:34Z" finished-at="2018-06-12T22:22:44Z">
          <params>
            <param index="0">
              <value>
                <![CDATA[org.testng.TestRunner@45007ed7]]>
              </value>
            </param>
            <param index="1">
              <value>
                <![CDATA[public void aut.tests.functionaltests.ClinicalTestCases.QA102_ViewAndModifyAnOrder_ViaOrderSets(org.testng.ITestContext) throws java.awt.AWTException]]>
              </value>
            </param>
          </params>
          <reporter-output>
          </reporter-output>
        </test-method> <!-- beforeMethod -->
        <test-method status="FAIL" signature="QA102_ViewAndModifyAnOrder_ViaOrderSets(org.testng.ITestContext)[pri:13, instance:aut.tests.functionaltests.ClinicalTestCases@8317c52]" name="QA102_ViewAndModifyAnOrder_ViaOrderSets" duration-ms="85609" started-at="2018-06-12T22:22:44Z" finished-at="2018-06-12T22:24:10Z">
          <params>
            <param index="0">
              <value>
                <![CDATA[org.testng.TestRunner@45007ed7]]>
              </value>
            </param>
          </params>
          <exception class="java.lang.NullPointerException">
            <full-stacktrace>
              <![CDATA[java.lang.NullPointerException
	at aut.tests.functionaltests.ClinicalTestCases.QA102_ViewAndModifyAnOrder_ViaOrderSets(ClinicalTestCases.java:1640)
	at sun.reflect.NativeMethodAccessorImpl.invoke0(Native Method)
	at sun.reflect.NativeMethodAccessorImpl.invoke(Unknown Source)
	at sun.reflect.DelegatingMethodAccessorImpl.invoke(Unknown Source)
	at java.lang.reflect.Method.invoke(Unknown Source)
	at org.testng.internal.MethodInvocationHelper.invokeMethod(MethodInvocationHelper.java:108)
	at org.testng.internal.Invoker.invokeMethod(Invoker.java:661)
	at org.testng.internal.Invoker.invokeTestMethod(Invoker.java:869)
	at org.testng.internal.Invoker.invokeTestMethods(Invoker.java:1193)
	at org.testng.internal.TestMethodWorker.invokeTestMethods(TestMethodWorker.java:126)
	at org.testng.internal.TestMethodWorker.run(TestMethodWorker.java:109)
	at org.testng.TestRunner.privateRun(TestRunner.java:744)
	at org.testng.TestRunner.run(TestRunner.java:602)
	at org.testng.SuiteRunner.runTest(SuiteRunner.java:380)
	at org.testng.SuiteRunner.access$000(SuiteRunner.java:39)
	at org.testng.SuiteRunner$SuiteWorker.run(SuiteRunner.java:414)
	at org.testng.internal.thread.ThreadUtil$1.call(ThreadUtil.java:52)
	at java.util.concurrent.FutureTask.run(Unknown Source)
	at java.util.concurrent.ThreadPoolExecutor.runWorker(Unknown Source)
	at java.util.concurrent.ThreadPoolExecutor$Worker.run(Unknown Source)
	at java.lang.Thread.run(Unknown Source)
]]>
            </full-stacktrace>
          </exception> <!-- java.lang.NullPointerException -->
          <reporter-output>
          </reporter-output>
        </test-method> <!-- QA102_ViewAndModifyAnOrder_ViaOrderSets -->
        <test-method status="PASS" signature="afterMethod(org.testng.ITestContext, org.testng.ITestResult, java.lang.reflect.Method)[pri:0, instance:aut.tests.functionaltests.ClinicalTestCases@8317c52]" name="afterMethod" is-config="true" duration-ms="702" started-at="2018-06-12T22:24:10Z" finished-at="2018-06-12T22:24:11Z">
          <params>
            <param index="0">
              <value>
                <![CDATA[org.testng.TestRunner@45007ed7]]>
              </value>
            </param>
            <param index="1">
              <value>
                <![CDATA[[TestResult name=QA102_ViewAndModifyAnOrder_ViaOrderSets status=FAILURE method=ClinicalTestCases.QA102_ViewAndModifyAnOrder_ViaOrderSets(org.testng.ITestContext)[pri:13, instance:aut.tests.functionaltests.ClinicalTestCases@8317c52] output={null}]]]>
              </value>
            </param>
            <param index="2">
              <value>
                <![CDATA[public void aut.tests.functionaltests.ClinicalTestCases.QA102_ViewAndModifyAnOrder_ViaOrderSets(org.testng.ITestContext) throws java.awt.AWTException]]>
              </value>
            </param>
          </params>
          <reporter-output>
          </reporter-output>
        </test-method> <!-- afterMethod -->
        <test-method status="PASS" signature="beforeMethod(org.testng.ITestContext, java.lang.reflect.Method)[pri:0, instance:aut.tests.functionaltests.ClinicalTestCases@8317c52]" name="beforeMethod" is-config="true" duration-ms="77548" started-at="2018-06-12T22:24:11Z" finished-at="2018-06-12T22:25:28Z">
          <params>
            <param index="0">
              <value>
                <![CDATA[org.testng.TestRunner@45007ed7]]>
              </value>
            </param>
            <param index="1">
              <value>
                <![CDATA[public void aut.tests.functionaltests.ClinicalTestCases.QA103_VerifyAnOrder_ViaOrderSetsOrCreateAnOrder(org.testng.ITestContext) throws java.awt.AWTException]]>
              </value>
            </param>
          </params>
          <reporter-output>
          </reporter-output>
        </test-method> <!-- beforeMethod -->
        <test-method status="PASS" signature="QA103_VerifyAnOrder_ViaOrderSetsOrCreateAnOrder(org.testng.ITestContext)[pri:14, instance:aut.tests.functionaltests.ClinicalTestCases@8317c52]" name="QA103_VerifyAnOrder_ViaOrderSetsOrCreateAnOrder" duration-ms="531064" started-at="2018-06-12T22:25:28Z" finished-at="2018-06-12T22:34:19Z">
          <params>
            <param index="0">
              <value>
                <![CDATA[org.testng.TestRunner@45007ed7]]>
              </value>
            </param>
          </params>
          <reporter-output>
          </reporter-output>
        </test-method> <!-- QA103_VerifyAnOrder_ViaOrderSetsOrCreateAnOrder -->
        <test-method status="PASS" signature="afterMethod(org.testng.ITestContext, org.testng.ITestResult, java.lang.reflect.Method)[pri:0, instance:aut.tests.functionaltests.ClinicalTestCases@8317c52]" name="afterMethod" is-config="true" duration-ms="663" started-at="2018-06-12T22:34:19Z" finished-at="2018-06-12T22:34:20Z">
          <params>
            <param index="0">
              <value>
                <![CDATA[org.testng.TestRunner@45007ed7]]>
              </value>
            </param>
            <param index="1">
              <value>
                <![CDATA[[TestResult name=QA103_VerifyAnOrder_ViaOrderSetsOrCreateAnOrder status=SUCCESS method=ClinicalTestCases.QA103_VerifyAnOrder_ViaOrderSetsOrCreateAnOrder(org.testng.ITestContext)[pri:14, instance:aut.tests.functionaltests.ClinicalTestCases@8317c52] output={null}]]]>
              </value>
            </param>
            <param index="2">
              <value>
                <![CDATA[public void aut.tests.functionaltests.ClinicalTestCases.QA103_VerifyAnOrder_ViaOrderSetsOrCreateAnOrder(org.testng.ITestContext) throws java.awt.AWTException]]>
              </value>
            </param>
          </params>
          <reporter-output>
          </reporter-output>
        </test-method> <!-- afterMethod -->
        <test-method status="PASS" signature="beforeMethod(org.testng.ITestContext, java.lang.reflect.Method)[pri:0, instance:aut.tests.functionaltests.ClinicalTestCases@8317c52]" name="beforeMethod" is-config="true" duration-ms="84296" started-at="2018-06-12T22:34:20Z" finished-at="2018-06-12T22:35:44Z">
          <params>
            <param index="0">
              <value>
                <![CDATA[org.testng.TestRunner@45007ed7]]>
              </value>
            </param>
            <param index="1">
              <value>
                <![CDATA[public void aut.tests.functionaltests.ClinicalTestCases.QA104_VerifyAndModifyAnOrder_ViaOrderSetsOrCreateAnOrder(org.testng.ITestContext) throws java.awt.AWTException]]>
              </value>
            </param>
          </params>
          <reporter-output>
          </reporter-output>
        </test-method> <!-- beforeMethod -->
        <test-method status="PASS" signature="QA104_VerifyAndModifyAnOrder_ViaOrderSetsOrCreateAnOrder(org.testng.ITestContext)[pri:15, instance:aut.tests.functionaltests.ClinicalTestCases@8317c52]" name="QA104_VerifyAndModifyAnOrder_ViaOrderSetsOrCreateAnOrder" duration-ms="1730326" started-at="2018-06-12T22:35:44Z" finished-at="2018-06-12T23:04:35Z">
          <params>
            <param index="0">
              <value>
                <![CDATA[org.testng.TestRunner@45007ed7]]>
              </value>
            </param>
          </params>
          <reporter-output>
          </reporter-output>
        </test-method> <!-- QA104_VerifyAndModifyAnOrder_ViaOrderSetsOrCreateAnOrder -->
        <test-method status="PASS" signature="afterMethod(org.testng.ITestContext, org.testng.ITestResult, java.lang.reflect.Method)[pri:0, instance:aut.tests.functionaltests.ClinicalTestCases@8317c52]" name="afterMethod" is-config="true" duration-ms="909" started-at="2018-06-12T23:04:35Z" finished-at="2018-06-12T23:04:36Z">
          <params>
            <param index="0">
              <value>
                <![CDATA[org.testng.TestRunner@45007ed7]]>
              </value>
            </param>
            <param index="1">
              <value>
                <![CDATA[[TestResult name=QA104_VerifyAndModifyAnOrder_ViaOrderSetsOrCreateAnOrder status=SUCCESS method=ClinicalTestCases.QA104_VerifyAndModifyAnOrder_ViaOrderSetsOrCreateAnOrder(org.testng.ITestContext)[pri:15, instance:aut.tests.functionaltests.ClinicalTestCases@8317c52] output={null}]]]>
              </value>
            </param>
            <param index="2">
              <value>
                <![CDATA[public void aut.tests.functionaltests.ClinicalTestCases.QA104_VerifyAndModifyAnOrder_ViaOrderSetsOrCreateAnOrder(org.testng.ITestContext) throws java.awt.AWTException]]>
              </value>
            </param>
          </params>
          <reporter-output>
          </reporter-output>
        </test-method> <!-- afterMethod -->
        <test-method status="PASS" signature="beforeMethod(org.testng.ITestContext, java.lang.reflect.Method)[pri:0, instance:aut.tests.functionaltests.ClinicalTestCases@8317c52]" name="beforeMethod" is-config="true" duration-ms="75138" started-at="2018-06-12T23:04:36Z" finished-at="2018-06-12T23:05:51Z">
          <params>
            <param index="0">
              <value>
                <![CDATA[org.testng.TestRunner@45007ed7]]>
              </value>
            </param>
            <param index="1">
              <value>
                <![CDATA[public void aut.tests.functionaltests.ClinicalTestCases.QA105_SignAnOrder_ViaOrderSetsOrCreateAnOrder(org.testng.ITestContext) throws java.awt.AWTException]]>
              </value>
            </param>
          </params>
          <reporter-output>
          </reporter-output>
        </test-method> <!-- beforeMethod -->
        <test-method status="PASS" signature="QA105_SignAnOrder_ViaOrderSetsOrCreateAnOrder(org.testng.ITestContext)[pri:16, instance:aut.tests.functionaltests.ClinicalTestCases@8317c52]" name="QA105_SignAnOrder_ViaOrderSetsOrCreateAnOrder" duration-ms="671555" started-at="2018-06-12T23:05:51Z" finished-at="2018-06-12T23:17:02Z">
          <params>
            <param index="0">
              <value>
                <![CDATA[org.testng.TestRunner@45007ed7]]>
              </value>
            </param>
          </params>
          <reporter-output>
          </reporter-output>
        </test-method> <!-- QA105_SignAnOrder_ViaOrderSetsOrCreateAnOrder -->
        <test-method status="PASS" signature="afterMethod(org.testng.ITestContext, org.testng.ITestResult, java.lang.reflect.Method)[pri:0, instance:aut.tests.functionaltests.ClinicalTestCases@8317c52]" name="afterMethod" is-config="true" duration-ms="682" started-at="2018-06-12T23:17:02Z" finished-at="2018-06-12T23:17:03Z">
          <params>
            <param index="0">
              <value>
                <![CDATA[org.testng.TestRunner@45007ed7]]>
              </value>
            </param>
            <param index="1">
              <value>
                <![CDATA[[TestResult name=QA105_SignAnOrder_ViaOrderSetsOrCreateAnOrder status=SUCCESS method=ClinicalTestCases.QA105_SignAnOrder_ViaOrderSetsOrCreateAnOrder(org.testng.ITestContext)[pri:16, instance:aut.tests.functionaltests.ClinicalTestCases@8317c52] output={null}]]]>
              </value>
            </param>
            <param index="2">
              <value>
                <![CDATA[public void aut.tests.functionaltests.ClinicalTestCases.QA105_SignAnOrder_ViaOrderSetsOrCreateAnOrder(org.testng.ITestContext) throws java.awt.AWTException]]>
              </value>
            </param>
          </params>
          <reporter-output>
          </reporter-output>
        </test-method> <!-- afterMethod -->
        <test-method status="PASS" signature="beforeMethod(org.testng.ITestContext, java.lang.reflect.Method)[pri:0, instance:aut.tests.functionaltests.ClinicalTestCases@8317c52]" name="beforeMethod" is-config="true" duration-ms="73970" started-at="2018-06-12T23:17:03Z" finished-at="2018-06-12T23:18:17Z">
          <params>
            <param index="0">
              <value>
                <![CDATA[org.testng.TestRunner@45007ed7]]>
              </value>
            </param>
            <param index="1">
              <value>
                <![CDATA[public void aut.tests.functionaltests.ClinicalTestCases.QA106_ViewAndModifyAnOrder_ViaOrderSetsOrCreateAnOrder(org.testng.ITestContext) throws java.awt.AWTException]]>
              </value>
            </param>
          </params>
          <reporter-output>
          </reporter-output>
        </test-method> <!-- beforeMethod -->
        <test-method status="PASS" signature="QA106_ViewAndModifyAnOrder_ViaOrderSetsOrCreateAnOrder(org.testng.ITestContext)[pri:17, instance:aut.tests.functionaltests.ClinicalTestCases@8317c52]" name="QA106_ViewAndModifyAnOrder_ViaOrderSetsOrCreateAnOrder" duration-ms="2453104" started-at="2018-06-12T23:18:17Z" finished-at="2018-06-12T23:59:10Z">
          <params>
            <param index="0">
              <value>
                <![CDATA[org.testng.TestRunner@45007ed7]]>
              </value>
            </param>
          </params>
          <reporter-output>
          </reporter-output>
        </test-method> <!-- QA106_ViewAndModifyAnOrder_ViaOrderSetsOrCreateAnOrder -->
        <test-method status="PASS" signature="afterMethod(org.testng.ITestContext, org.testng.ITestResult, java.lang.reflect.Method)[pri:0, instance:aut.tests.functionaltests.ClinicalTestCases@8317c52]" name="afterMethod" is-config="true" duration-ms="679" started-at="2018-06-12T23:59:10Z" finished-at="2018-06-12T23:59:11Z">
          <params>
            <param index="0">
              <value>
                <![CDATA[org.testng.TestRunner@45007ed7]]>
              </value>
            </param>
            <param index="1">
              <value>
                <![CDATA[[TestResult name=QA106_ViewAndModifyAnOrder_ViaOrderSetsOrCreateAnOrder status=SUCCESS method=ClinicalTestCases.QA106_ViewAndModifyAnOrder_ViaOrderSetsOrCreateAnOrder(org.testng.ITestContext)[pri:17, instance:aut.tests.functionaltests.ClinicalTestCases@8317c52] output={null}]]]>
              </value>
            </param>
            <param index="2">
              <value>
                <![CDATA[public void aut.tests.functionaltests.ClinicalTestCases.QA106_ViewAndModifyAnOrder_ViaOrderSetsOrCreateAnOrder(org.testng.ITestContext) throws java.awt.AWTException]]>
              </value>
            </param>
          </params>
          <reporter-output>
          </reporter-output>
        </test-method> <!-- afterMethod -->
        <test-method status="PASS" signature="beforeMethod(org.testng.ITestContext, java.lang.reflect.Method)[pri:0, instance:aut.tests.functionaltests.ClinicalTestCases@8317c52]" name="beforeMethod" is-config="true" duration-ms="60555" started-at="2018-06-12T23:59:11Z" finished-at="2018-06-13T00:00:11Z">
          <params>
            <param index="0">
              <value>
                <![CDATA[org.testng.TestRunner@45007ed7]]>
              </value>
            </param>
            <param index="1">
              <value>
                <![CDATA[public void aut.tests.functionaltests.ClinicalTestCases.QA107_RecapAnOrder_ViaOrderSetsOrCreateAnOrder(org.testng.ITestContext) throws java.awt.AWTException]]>
              </value>
            </param>
          </params>
          <reporter-output>
          </reporter-output>
        </test-method> <!-- beforeMethod -->
        <test-method status="PASS" signature="QA107_RecapAnOrder_ViaOrderSetsOrCreateAnOrder(org.testng.ITestContext)[pri:18, instance:aut.tests.functionaltests.ClinicalTestCases@8317c52]" name="QA107_RecapAnOrder_ViaOrderSetsOrCreateAnOrder" duration-ms="1857136" started-at="2018-06-13T00:00:11Z" finished-at="2018-06-13T00:31:08Z">
          <params>
            <param index="0">
              <value>
                <![CDATA[org.testng.TestRunner@45007ed7]]>
              </value>
            </param>
          </params>
          <reporter-output>
          </reporter-output>
        </test-method> <!-- QA107_RecapAnOrder_ViaOrderSetsOrCreateAnOrder -->
        <test-method status="PASS" signature="afterMethod(org.testng.ITestContext, org.testng.ITestResult, java.lang.reflect.Method)[pri:0, instance:aut.tests.functionaltests.ClinicalTestCases@8317c52]" name="afterMethod" is-config="true" duration-ms="725" started-at="2018-06-13T00:31:08Z" finished-at="2018-06-13T00:31:09Z">
          <params>
            <param index="0">
              <value>
                <![CDATA[org.testng.TestRunner@45007ed7]]>
              </value>
            </param>
            <param index="1">
              <value>
                <![CDATA[[TestResult name=QA107_RecapAnOrder_ViaOrderSetsOrCreateAnOrder status=SUCCESS method=ClinicalTestCases.QA107_RecapAnOrder_ViaOrderSetsOrCreateAnOrder(org.testng.ITestContext)[pri:18, instance:aut.tests.functionaltests.ClinicalTestCases@8317c52] output={null}]]]>
              </value>
            </param>
            <param index="2">
              <value>
                <![CDATA[public void aut.tests.functionaltests.ClinicalTestCases.QA107_RecapAnOrder_ViaOrderSetsOrCreateAnOrder(org.testng.ITestContext) throws java.awt.AWTException]]>
              </value>
            </param>
          </params>
          <reporter-output>
          </reporter-output>
        </test-method> <!-- afterMethod -->
        <test-method status="PASS" signature="beforeMethod(org.testng.ITestContext, java.lang.reflect.Method)[pri:0, instance:aut.tests.functionaltests.ClinicalTestCases@8317c52]" name="beforeMethod" is-config="true" duration-ms="71958" started-at="2018-06-13T00:31:09Z" finished-at="2018-06-13T00:32:21Z">
          <params>
            <param index="0">
              <value>
                <![CDATA[org.testng.TestRunner@45007ed7]]>
              </value>
            </param>
            <param index="1">
              <value>
                <![CDATA[public void aut.tests.functionaltests.ClinicalTestCases.QA108_SignatureOnRecap_Wheather_OrderCreatedFromOrder_Or_FromSets(org.testng.ITestContext) throws java.awt.AWTException]]>
              </value>
            </param>
          </params>
          <reporter-output>
          </reporter-output>
        </test-method> <!-- beforeMethod -->
        <test-method status="PASS" signature="QA108_SignatureOnRecap_Wheather_OrderCreatedFromOrder_Or_FromSets(org.testng.ITestContext)[pri:19, instance:aut.tests.functionaltests.ClinicalTestCases@8317c52]" name="QA108_SignatureOnRecap_Wheather_OrderCreatedFromOrder_Or_FromSets" duration-ms="779052" started-at="2018-06-13T00:32:21Z" finished-at="2018-06-13T00:45:20Z">
          <params>
            <param index="0">
              <value>
                <![CDATA[org.testng.TestRunner@45007ed7]]>
              </value>
            </param>
          </params>
          <reporter-output>
          </reporter-output>
        </test-method> <!-- QA108_SignatureOnRecap_Wheather_OrderCreatedFromOrder_Or_FromSets -->
        <test-method status="PASS" signature="afterMethod(org.testng.ITestContext, org.testng.ITestResult, java.lang.reflect.Method)[pri:0, instance:aut.tests.functionaltests.ClinicalTestCases@8317c52]" name="afterMethod" is-config="true" duration-ms="693" started-at="2018-06-13T00:45:20Z" finished-at="2018-06-13T00:45:21Z">
          <params>
            <param index="0">
              <value>
                <![CDATA[org.testng.TestRunner@45007ed7]]>
              </value>
            </param>
            <param index="1">
              <value>
                <![CDATA[[TestResult name=QA108_SignatureOnRecap_Wheather_OrderCreatedFromOrder_Or_FromSets status=SUCCESS method=ClinicalTestCases.QA108_SignatureOnRecap_Wheather_OrderCreatedFromOrder_Or_FromSets(org.testng.ITestContext)[pri:19, instance:aut.tests.functionaltests.ClinicalTestCases@8317c52] output={null}]]]>
              </value>
            </param>
            <param index="2">
              <value>
                <![CDATA[public void aut.tests.functionaltests.ClinicalTestCases.QA108_SignatureOnRecap_Wheather_OrderCreatedFromOrder_Or_FromSets(org.testng.ITestContext) throws java.awt.AWTException]]>
              </value>
            </param>
          </params>
          <reporter-output>
          </reporter-output>
        </test-method> <!-- afterMethod -->
        <test-method status="PASS" signature="beforeMethod(org.testng.ITestContext, java.lang.reflect.Method)[pri:0, instance:aut.tests.functionaltests.ClinicalTestCases@8317c52]" name="beforeMethod" is-config="true" duration-ms="66137" started-at="2018-06-13T00:45:21Z" finished-at="2018-06-13T00:46:27Z">
          <params>
            <param index="0">
              <value>
                <![CDATA[org.testng.TestRunner@45007ed7]]>
              </value>
            </param>
            <param index="1">
              <value>
                <![CDATA[public void aut.tests.functionaltests.ClinicalTestCases.QA109_ViewAndModify_Recaps(org.testng.ITestContext) throws java.awt.AWTException]]>
              </value>
            </param>
          </params>
          <reporter-output>
          </reporter-output>
        </test-method> <!-- beforeMethod -->
        <test-method status="PASS" signature="QA109_ViewAndModify_Recaps(org.testng.ITestContext)[pri:20, instance:aut.tests.functionaltests.ClinicalTestCases@8317c52]" name="QA109_ViewAndModify_Recaps" duration-ms="2219497" started-at="2018-06-13T00:46:27Z" finished-at="2018-06-13T01:23:26Z">
          <params>
            <param index="0">
              <value>
                <![CDATA[org.testng.TestRunner@45007ed7]]>
              </value>
            </param>
          </params>
          <reporter-output>
          </reporter-output>
        </test-method> <!-- QA109_ViewAndModify_Recaps -->
        <test-method status="PASS" signature="afterMethod(org.testng.ITestContext, org.testng.ITestResult, java.lang.reflect.Method)[pri:0, instance:aut.tests.functionaltests.ClinicalTestCases@8317c52]" name="afterMethod" is-config="true" duration-ms="697" started-at="2018-06-13T01:23:27Z" finished-at="2018-06-13T01:23:27Z">
          <params>
            <param index="0">
              <value>
                <![CDATA[org.testng.TestRunner@45007ed7]]>
              </value>
            </param>
            <param index="1">
              <value>
                <![CDATA[[TestResult name=QA109_ViewAndModify_Recaps status=SUCCESS method=ClinicalTestCases.QA109_ViewAndModify_Recaps(org.testng.ITestContext)[pri:20, instance:aut.tests.functionaltests.ClinicalTestCases@8317c52] output={null}]]]>
              </value>
            </param>
            <param index="2">
              <value>
                <![CDATA[public void aut.tests.functionaltests.ClinicalTestCases.QA109_ViewAndModify_Recaps(org.testng.ITestContext) throws java.awt.AWTException]]>
              </value>
            </param>
          </params>
          <reporter-output>
          </reporter-output>
        </test-method> <!-- afterMethod -->
        <test-method status="PASS" signature="afterTest(org.testng.ITestContext)[pri:0, instance:aut.tests.functionaltests.ClinicalTestCases@8317c52]" name="afterTest" is-config="true" duration-ms="213" started-at="2018-06-13T01:23:27Z" finished-at="2018-06-13T01:23:27Z">
          <params>
            <param index="0">
              <value>
                <![CDATA[org.testng.TestRunner@45007ed7]]>
              </value>
            </param>
          </params>
          <reporter-output>
          </reporter-output>
        </test-method> <!-- afterTest -->
        <test-method status="PASS" signature="afterSuite(org.testng.ITestContext)[pri:0, instance:aut.tests.functionaltests.ClinicalTestCases@8317c52]" name="afterSuite" is-config="true" duration-ms="175" started-at="2018-06-13T01:23:27Z" finished-at="2018-06-13T01:23:28Z">
          <params>
            <param index="0">
              <value>
                <![CDATA[org.testng.TestRunner@45007ed7]]>
              </value>
            </param>
          </params>
          <reporter-output>
          </reporter-output>
        </test-method> <!-- afterSuite -->
      </class> <!-- aut.tests.functionaltests.ClinicalTestCases -->
    </test> <!-- Test -->
  </suite> <!-- SuiteRegression -->
</testng-results>
