<?xml version="1.0" encoding="UTF-8"?>
<testng-results skipped="0" failed="0" ignored="0" total="6" passed="6">
  <reporter-output>
  </reporter-output>
  <suite name="SuiteRegression" duration-ms="452380" started-at="2018-08-31T12:37:53Z" finished-at="2018-08-31T12:45:25Z">
    <groups>
    </groups>
    <test name="test" duration-ms="452380" started-at="2018-08-31T12:37:53Z" finished-at="2018-08-31T12:45:25Z">
      <class name="aut.tests.functionaltests.FacilityAppTestCases">
        <test-method status="PASS" signature="beforeSuite(org.testng.ITestContext, org.testng.xml.XmlTest)[pri:0, instance:aut.tests.functionaltests.FacilityAppTestCases@7690781]" name="beforeSuite" is-config="true" duration-ms="262" started-at="2018-08-31T18:07:52Z" finished-at="2018-08-31T18:07:53Z">
          <params>
            <param index="0">
              <value>
                <![CDATA[org.testng.TestRunner@947cad]]>
              </value>
            </param>
            <param index="1">
              <value>
                <![CDATA[[Test: "test" verbose:1[parameters:][metagroups:] [included: ][excluded: ]  classes: packages:] ]]>
              </value>
            </param>
          </params>
          <reporter-output>
          </reporter-output>
        </test-method> <!-- beforeSuite -->
        <test-method status="PASS" signature="beforeTest(org.testng.ITestContext)[pri:0, instance:aut.tests.functionaltests.FacilityAppTestCases@7690781]" name="beforeTest" is-config="true" duration-ms="1" started-at="2018-08-31T18:07:53Z" finished-at="2018-08-31T18:07:53Z">
          <params>
            <param index="0">
              <value>
                <![CDATA[org.testng.TestRunner@947cad]]>
              </value>
            </param>
          </params>
          <reporter-output>
          </reporter-output>
        </test-method> <!-- beforeTest -->
        <test-method status="PASS" signature="beforeMethod(org.testng.ITestContext, java.lang.reflect.Method)[pri:0, instance:aut.tests.functionaltests.FacilityAppTestCases@7690781]" name="beforeMethod" is-config="true" duration-ms="43335" started-at="2018-08-31T18:07:53Z" finished-at="2018-08-31T18:08:36Z">
          <params>
            <param index="0">
              <value>
                <![CDATA[org.testng.TestRunner@947cad]]>
              </value>
            </param>
            <param index="1">
              <value>
                <![CDATA[public void aut.tests.functionaltests.FacilityAppTestCases.Gen_QA209_BS_EHR_LoginPage(org.testng.ITestContext) throws java.lang.Throwable]]>
              </value>
            </param>
          </params>
          <reporter-output>
          </reporter-output>
        </test-method> <!-- beforeMethod -->
        <test-method status="PASS" signature="Gen_QA209_BS_EHR_LoginPage(org.testng.ITestContext)[pri:1, instance:aut.tests.functionaltests.FacilityAppTestCases@7690781]" name="Gen_QA209_BS_EHR_LoginPage" duration-ms="6769" started-at="2018-08-31T18:08:36Z" finished-at="2018-08-31T18:08:43Z">
          <params>
            <param index="0">
              <value>
                <![CDATA[org.testng.TestRunner@947cad]]>
              </value>
            </param>
          </params>
          <reporter-output>
          </reporter-output>
        </test-method> <!-- Gen_QA209_BS_EHR_LoginPage -->
        <test-method status="PASS" signature="afterMethod(org.testng.ITestContext, org.testng.ITestResult, java.lang.reflect.Method)[pri:0, instance:aut.tests.functionaltests.FacilityAppTestCases@7690781]" name="afterMethod" is-config="true" duration-ms="5740" started-at="2018-08-31T18:08:43Z" finished-at="2018-08-31T18:08:49Z">
          <params>
            <param index="0">
              <value>
                <![CDATA[org.testng.TestRunner@947cad]]>
              </value>
            </param>
            <param index="1">
              <value>
                <![CDATA[[TestResult name=Gen_QA209_BS_EHR_LoginPage status=SUCCESS method=FacilityAppTestCases.Gen_QA209_BS_EHR_LoginPage(org.testng.ITestContext)[pri:1, instance:aut.tests.functionaltests.FacilityAppTestCases@7690781] output={null}]]]>
              </value>
            </param>
            <param index="2">
              <value>
                <![CDATA[public void aut.tests.functionaltests.FacilityAppTestCases.Gen_QA209_BS_EHR_LoginPage(org.testng.ITestContext) throws java.lang.Throwable]]>
              </value>
            </param>
          </params>
          <reporter-output>
          </reporter-output>
        </test-method> <!-- afterMethod -->
        <test-method status="PASS" signature="beforeMethod(org.testng.ITestContext, java.lang.reflect.Method)[pri:0, instance:aut.tests.functionaltests.FacilityAppTestCases@7690781]" name="beforeMethod" is-config="true" duration-ms="42039" started-at="2018-08-31T18:08:49Z" finished-at="2018-08-31T18:09:31Z">
          <params>
            <param index="0">
              <value>
                <![CDATA[org.testng.TestRunner@947cad]]>
              </value>
            </param>
            <param index="1">
              <value>
                <![CDATA[public void aut.tests.functionaltests.FacilityAppTestCases.Gen_QA210_Login_Credential_Verification(org.testng.ITestContext) throws java.lang.Throwable]]>
              </value>
            </param>
          </params>
          <reporter-output>
          </reporter-output>
        </test-method> <!-- beforeMethod -->
        <test-method status="PASS" signature="Gen_QA210_Login_Credential_Verification(org.testng.ITestContext)[pri:2, instance:aut.tests.functionaltests.FacilityAppTestCases@7690781]" name="Gen_QA210_Login_Credential_Verification" duration-ms="8864" started-at="2018-08-31T18:09:31Z" finished-at="2018-08-31T18:09:40Z">
          <params>
            <param index="0">
              <value>
                <![CDATA[org.testng.TestRunner@947cad]]>
              </value>
            </param>
          </params>
          <reporter-output>
          </reporter-output>
        </test-method> <!-- Gen_QA210_Login_Credential_Verification -->
        <test-method status="PASS" signature="afterMethod(org.testng.ITestContext, org.testng.ITestResult, java.lang.reflect.Method)[pri:0, instance:aut.tests.functionaltests.FacilityAppTestCases@7690781]" name="afterMethod" is-config="true" duration-ms="5568" started-at="2018-08-31T18:09:40Z" finished-at="2018-08-31T18:09:45Z">
          <params>
            <param index="0">
              <value>
                <![CDATA[org.testng.TestRunner@947cad]]>
              </value>
            </param>
            <param index="1">
              <value>
                <![CDATA[[TestResult name=Gen_QA210_Login_Credential_Verification status=SUCCESS method=FacilityAppTestCases.Gen_QA210_Login_Credential_Verification(org.testng.ITestContext)[pri:2, instance:aut.tests.functionaltests.FacilityAppTestCases@7690781] output={null}]]]>
              </value>
            </param>
            <param index="2">
              <value>
                <![CDATA[public void aut.tests.functionaltests.FacilityAppTestCases.Gen_QA210_Login_Credential_Verification(org.testng.ITestContext) throws java.lang.Throwable]]>
              </value>
            </param>
          </params>
          <reporter-output>
          </reporter-output>
        </test-method> <!-- afterMethod -->
        <test-method status="PASS" signature="beforeMethod(org.testng.ITestContext, java.lang.reflect.Method)[pri:0, instance:aut.tests.functionaltests.FacilityAppTestCases@7690781]" name="beforeMethod" is-config="true" duration-ms="41732" started-at="2018-08-31T18:09:45Z" finished-at="2018-08-31T18:10:27Z">
          <params>
            <param index="0">
              <value>
                <![CDATA[org.testng.TestRunner@947cad]]>
              </value>
            </param>
            <param index="1">
              <value>
                <![CDATA[public void aut.tests.functionaltests.FacilityAppTestCases.Gen_QA211_MyDashBoardPage(org.testng.ITestContext) throws java.lang.Throwable]]>
              </value>
            </param>
          </params>
          <reporter-output>
          </reporter-output>
        </test-method> <!-- beforeMethod -->
        <test-method status="PASS" signature="Gen_QA211_MyDashBoardPage(org.testng.ITestContext)[pri:3, instance:aut.tests.functionaltests.FacilityAppTestCases@7690781]" name="Gen_QA211_MyDashBoardPage" duration-ms="55764" started-at="2018-08-31T18:10:27Z" finished-at="2018-08-31T18:11:23Z">
          <params>
            <param index="0">
              <value>
                <![CDATA[org.testng.TestRunner@947cad]]>
              </value>
            </param>
          </params>
          <reporter-output>
          </reporter-output>
        </test-method> <!-- Gen_QA211_MyDashBoardPage -->
        <test-method status="PASS" signature="afterMethod(org.testng.ITestContext, org.testng.ITestResult, java.lang.reflect.Method)[pri:0, instance:aut.tests.functionaltests.FacilityAppTestCases@7690781]" name="afterMethod" is-config="true" duration-ms="5566" started-at="2018-08-31T18:11:23Z" finished-at="2018-08-31T18:11:28Z">
          <params>
            <param index="0">
              <value>
                <![CDATA[org.testng.TestRunner@947cad]]>
              </value>
            </param>
            <param index="1">
              <value>
                <![CDATA[[TestResult name=Gen_QA211_MyDashBoardPage status=SUCCESS method=FacilityAppTestCases.Gen_QA211_MyDashBoardPage(org.testng.ITestContext)[pri:3, instance:aut.tests.functionaltests.FacilityAppTestCases@7690781] output={null}]]]>
              </value>
            </param>
            <param index="2">
              <value>
                <![CDATA[public void aut.tests.functionaltests.FacilityAppTestCases.Gen_QA211_MyDashBoardPage(org.testng.ITestContext) throws java.lang.Throwable]]>
              </value>
            </param>
          </params>
          <reporter-output>
          </reporter-output>
        </test-method> <!-- afterMethod -->
        <test-method status="PASS" signature="beforeMethod(org.testng.ITestContext, java.lang.reflect.Method)[pri:0, instance:aut.tests.functionaltests.FacilityAppTestCases@7690781]" name="beforeMethod" is-config="true" duration-ms="44196" started-at="2018-08-31T18:11:28Z" finished-at="2018-08-31T18:12:12Z">
          <params>
            <param index="0">
              <value>
                <![CDATA[org.testng.TestRunner@947cad]]>
              </value>
            </param>
            <param index="1">
              <value>
                <![CDATA[public void aut.tests.functionaltests.FacilityAppTestCases.Gen_QA212_UserNamePreferences_TopRightOf_ResidentDahsboard_Or_HomePage(org.testng.ITestContext) throws java.lang.Throwable]]>
              </value>
            </param>
          </params>
          <reporter-output>
          </reporter-output>
        </test-method> <!-- beforeMethod -->
        <test-method status="PASS" signature="Gen_QA212_UserNamePreferences_TopRightOf_ResidentDahsboard_Or_HomePage(org.testng.ITestContext)[pri:4, instance:aut.tests.functionaltests.FacilityAppTestCases@7690781]" name="Gen_QA212_UserNamePreferences_TopRightOf_ResidentDahsboard_Or_HomePage" duration-ms="38903" started-at="2018-08-31T18:12:12Z" finished-at="2018-08-31T18:12:51Z">
          <params>
            <param index="0">
              <value>
                <![CDATA[org.testng.TestRunner@947cad]]>
              </value>
            </param>
          </params>
          <reporter-output>
          </reporter-output>
        </test-method> <!-- Gen_QA212_UserNamePreferences_TopRightOf_ResidentDahsboard_Or_HomePage -->
        <test-method status="PASS" signature="afterMethod(org.testng.ITestContext, org.testng.ITestResult, java.lang.reflect.Method)[pri:0, instance:aut.tests.functionaltests.FacilityAppTestCases@7690781]" name="afterMethod" is-config="true" duration-ms="5590" started-at="2018-08-31T18:12:51Z" finished-at="2018-08-31T18:12:57Z">
          <params>
            <param index="0">
              <value>
                <![CDATA[org.testng.TestRunner@947cad]]>
              </value>
            </param>
            <param index="1">
              <value>
                <![CDATA[[TestResult name=Gen_QA212_UserNamePreferences_TopRightOf_ResidentDahsboard_Or_HomePage status=SUCCESS method=FacilityAppTestCases.Gen_QA212_UserNamePreferences_TopRightOf_ResidentDahsboard_Or_HomePage(org.testng.ITestContext)[pri:4, instance:aut.tests.functionaltests.FacilityAppTestCases@7690781] output={null}]]]>
              </value>
            </param>
            <param index="2">
              <value>
                <![CDATA[public void aut.tests.functionaltests.FacilityAppTestCases.Gen_QA212_UserNamePreferences_TopRightOf_ResidentDahsboard_Or_HomePage(org.testng.ITestContext) throws java.lang.Throwable]]>
              </value>
            </param>
          </params>
          <reporter-output>
          </reporter-output>
        </test-method> <!-- afterMethod -->
        <test-method status="PASS" signature="beforeMethod(org.testng.ITestContext, java.lang.reflect.Method)[pri:0, instance:aut.tests.functionaltests.FacilityAppTestCases@7690781]" name="beforeMethod" is-config="true" duration-ms="45641" started-at="2018-08-31T18:12:57Z" finished-at="2018-08-31T18:13:42Z">
          <params>
            <param index="0">
              <value>
                <![CDATA[org.testng.TestRunner@947cad]]>
              </value>
            </param>
            <param index="1">
              <value>
                <![CDATA[public void aut.tests.functionaltests.FacilityAppTestCases.Gen_QA213_HelpMenuWith_HelpSiteAbout(org.testng.ITestContext) throws java.lang.Throwable]]>
              </value>
            </param>
          </params>
          <reporter-output>
          </reporter-output>
        </test-method> <!-- beforeMethod -->
        <test-method status="PASS" signature="Gen_QA213_HelpMenuWith_HelpSiteAbout(org.testng.ITestContext)[pri:5, instance:aut.tests.functionaltests.FacilityAppTestCases@7690781]" name="Gen_QA213_HelpMenuWith_HelpSiteAbout" duration-ms="25702" started-at="2018-08-31T18:13:42Z" finished-at="2018-08-31T18:14:08Z">
          <params>
            <param index="0">
              <value>
                <![CDATA[org.testng.TestRunner@947cad]]>
              </value>
            </param>
          </params>
          <reporter-output>
          </reporter-output>
        </test-method> <!-- Gen_QA213_HelpMenuWith_HelpSiteAbout -->
        <test-method status="PASS" signature="afterMethod(org.testng.ITestContext, org.testng.ITestResult, java.lang.reflect.Method)[pri:0, instance:aut.tests.functionaltests.FacilityAppTestCases@7690781]" name="afterMethod" is-config="true" duration-ms="5564" started-at="2018-08-31T18:14:08Z" finished-at="2018-08-31T18:14:14Z">
          <params>
            <param index="0">
              <value>
                <![CDATA[org.testng.TestRunner@947cad]]>
              </value>
            </param>
            <param index="1">
              <value>
                <![CDATA[[TestResult name=Gen_QA213_HelpMenuWith_HelpSiteAbout status=SUCCESS method=FacilityAppTestCases.Gen_QA213_HelpMenuWith_HelpSiteAbout(org.testng.ITestContext)[pri:5, instance:aut.tests.functionaltests.FacilityAppTestCases@7690781] output={null}]]]>
              </value>
            </param>
            <param index="2">
              <value>
                <![CDATA[public void aut.tests.functionaltests.FacilityAppTestCases.Gen_QA213_HelpMenuWith_HelpSiteAbout(org.testng.ITestContext) throws java.lang.Throwable]]>
              </value>
            </param>
          </params>
          <reporter-output>
          </reporter-output>
        </test-method> <!-- afterMethod -->
        <test-method status="PASS" signature="beforeMethod(org.testng.ITestContext, java.lang.reflect.Method)[pri:0, instance:aut.tests.functionaltests.FacilityAppTestCases@7690781]" name="beforeMethod" is-config="true" duration-ms="47229" started-at="2018-08-31T18:14:14Z" finished-at="2018-08-31T18:15:01Z">
          <params>
            <param index="0">
              <value>
                <![CDATA[org.testng.TestRunner@947cad]]>
              </value>
            </param>
            <param index="1">
              <value>
                <![CDATA[public void aut.tests.functionaltests.FacilityAppTestCases.Gen_QA214_HelpMenuWith_HelpSiteAbout(org.testng.ITestContext) throws java.lang.Throwable]]>
              </value>
            </param>
          </params>
          <reporter-output>
          </reporter-output>
        </test-method> <!-- beforeMethod -->
        <test-method status="PASS" signature="Gen_QA214_HelpMenuWith_HelpSiteAbout(org.testng.ITestContext)[pri:6, instance:aut.tests.functionaltests.FacilityAppTestCases@7690781]" name="Gen_QA214_HelpMenuWith_HelpSiteAbout" duration-ms="18534" started-at="2018-08-31T18:15:01Z" finished-at="2018-08-31T18:15:20Z">
          <params>
            <param index="0">
              <value>
                <![CDATA[org.testng.TestRunner@947cad]]>
              </value>
            </param>
          </params>
          <reporter-output>
          </reporter-output>
        </test-method> <!-- Gen_QA214_HelpMenuWith_HelpSiteAbout -->
        <test-method status="PASS" signature="afterMethod(org.testng.ITestContext, org.testng.ITestResult, java.lang.reflect.Method)[pri:0, instance:aut.tests.functionaltests.FacilityAppTestCases@7690781]" name="afterMethod" is-config="true" duration-ms="5572" started-at="2018-08-31T18:15:20Z" finished-at="2018-08-31T18:15:25Z">
          <params>
            <param index="0">
              <value>
                <![CDATA[org.testng.TestRunner@947cad]]>
              </value>
            </param>
            <param index="1">
              <value>
                <![CDATA[[TestResult name=Gen_QA214_HelpMenuWith_HelpSiteAbout status=SUCCESS method=FacilityAppTestCases.Gen_QA214_HelpMenuWith_HelpSiteAbout(org.testng.ITestContext)[pri:6, instance:aut.tests.functionaltests.FacilityAppTestCases@7690781] output={null}]]]>
              </value>
            </param>
            <param index="2">
              <value>
                <![CDATA[public void aut.tests.functionaltests.FacilityAppTestCases.Gen_QA214_HelpMenuWith_HelpSiteAbout(org.testng.ITestContext) throws java.lang.Throwable]]>
              </value>
            </param>
          </params>
          <reporter-output>
          </reporter-output>
        </test-method> <!-- afterMethod -->
        <test-method status="PASS" signature="afterTest(org.testng.ITestContext)[pri:0, instance:aut.tests.functionaltests.FacilityAppTestCases@7690781]" name="afterTest" is-config="true" duration-ms="47" started-at="2018-08-31T18:15:25Z" finished-at="2018-08-31T18:15:25Z">
          <params>
            <param index="0">
              <value>
                <![CDATA[org.testng.TestRunner@947cad]]>
              </value>
            </param>
          </params>
          <reporter-output>
          </reporter-output>
        </test-method> <!-- afterTest -->
        <test-method status="PASS" signature="afterSuite(org.testng.ITestContext)[pri:0, instance:aut.tests.functionaltests.FacilityAppTestCases@7690781]" name="afterSuite" is-config="true" duration-ms="39" started-at="2018-08-31T18:15:25Z" finished-at="2018-08-31T18:15:25Z">
          <params>
            <param index="0">
              <value>
                <![CDATA[org.testng.TestRunner@947cad]]>
              </value>
            </param>
          </params>
          <reporter-output>
          </reporter-output>
        </test-method> <!-- afterSuite -->
      </class> <!-- aut.tests.functionaltests.FacilityAppTestCases -->
    </test> <!-- test -->
  </suite> <!-- SuiteRegression -->
</testng-results>
