<?xml version="1.0" encoding="UTF-8"?>
<testng-results skipped="0" failed="0" ignored="0" total="1" passed="1">
  <reporter-output>
  </reporter-output>
  <suite name="SuiteRegression" duration-ms="1687982" started-at="2018-10-30T14:32:25Z" finished-at="2018-10-30T15:00:33Z">
    <groups>
    </groups>
    <test name="Orders Test Scripts" duration-ms="1687982" started-at="2018-10-30T14:32:25Z" finished-at="2018-10-30T15:00:33Z">
      <class name="bluestrata.tests.functionalTests.PhysicianPortalTestCases">
        <test-method status="PASS" signature="beforeSuite(org.testng.ITestContext, org.testng.xml.XmlTest)[pri:0, instance:bluestrata.tests.functionalTests.PhysicianPortalTestCases@770d3326]" name="beforeSuite" is-config="true" duration-ms="169" started-at="2018-10-30T20:02:25Z" finished-at="2018-10-30T20:02:25Z">
          <params>
            <param index="0">
              <value>
                <![CDATA[org.testng.TestRunner@574e7360]]>
              </value>
            </param>
            <param index="1">
              <value>
                <![CDATA[[Test: "Orders Test Scripts" verbose:1[parameters:][metagroups:] [included: ][excluded: ]  classes: packages:] ]]>
              </value>
            </param>
          </params>
          <reporter-output>
          </reporter-output>
        </test-method> <!-- beforeSuite -->
        <test-method status="PASS" signature="beforeTest(org.testng.ITestContext)[pri:0, instance:bluestrata.tests.functionalTests.PhysicianPortalTestCases@770d3326]" name="beforeTest" is-config="true" duration-ms="1" started-at="2018-10-30T20:02:25Z" finished-at="2018-10-30T20:02:25Z">
          <params>
            <param index="0">
              <value>
                <![CDATA[org.testng.TestRunner@574e7360]]>
              </value>
            </param>
          </params>
          <reporter-output>
          </reporter-output>
        </test-method> <!-- beforeTest -->
        <test-method status="PASS" signature="beforeMethod(org.testng.ITestContext, java.lang.reflect.Method)[pri:0, instance:bluestrata.tests.functionalTests.PhysicianPortalTestCases@770d3326]" name="beforeMethod" is-config="true" duration-ms="14221" started-at="2018-10-30T20:02:25Z" finished-at="2018-10-30T20:02:39Z">
          <params>
            <param index="0">
              <value>
                <![CDATA[org.testng.TestRunner@574e7360]]>
              </value>
            </param>
            <param index="1">
              <value>
                <![CDATA[public void bluestrata.tests.functionalTests.PhysicianPortalTestCases.QA026_ViewAndModify_Recaps(org.testng.ITestContext) throws java.awt.AWTException,java.lang.InterruptedException]]>
              </value>
            </param>
          </params>
          <reporter-output>
          </reporter-output>
        </test-method> <!-- beforeMethod -->
        <test-method status="PASS" signature="QA026_ViewAndModify_Recaps(org.testng.ITestContext)[pri:0, instance:bluestrata.tests.functionalTests.PhysicianPortalTestCases@770d3326]" name="QA026_ViewAndModify_Recaps" duration-ms="1667641" started-at="2018-10-30T20:02:39Z" finished-at="2018-10-30T20:30:27Z">
          <params>
            <param index="0">
              <value>
                <![CDATA[org.testng.TestRunner@574e7360]]>
              </value>
            </param>
          </params>
          <reporter-output>
          </reporter-output>
        </test-method> <!-- QA026_ViewAndModify_Recaps -->
        <test-method status="PASS" signature="afterMethod(org.testng.ITestContext, org.testng.ITestResult, java.lang.reflect.Method)[pri:0, instance:bluestrata.tests.functionalTests.PhysicianPortalTestCases@770d3326]" name="afterMethod" is-config="true" duration-ms="6042" started-at="2018-10-30T20:30:27Z" finished-at="2018-10-30T20:30:33Z">
          <params>
            <param index="0">
              <value>
                <![CDATA[org.testng.TestRunner@574e7360]]>
              </value>
            </param>
            <param index="1">
              <value>
                <![CDATA[[TestResult name=QA026_ViewAndModify_Recaps status=SUCCESS method=PhysicianPortalTestCases.QA026_ViewAndModify_Recaps(org.testng.ITestContext)[pri:0, instance:bluestrata.tests.functionalTests.PhysicianPortalTestCases@770d3326] output={null}]]]>
              </value>
            </param>
            <param index="2">
              <value>
                <![CDATA[public void bluestrata.tests.functionalTests.PhysicianPortalTestCases.QA026_ViewAndModify_Recaps(org.testng.ITestContext) throws java.awt.AWTException,java.lang.InterruptedException]]>
              </value>
            </param>
          </params>
          <reporter-output>
          </reporter-output>
        </test-method> <!-- afterMethod -->
        <test-method status="PASS" signature="afterTest(org.testng.ITestContext)[pri:0, instance:bluestrata.tests.functionalTests.PhysicianPortalTestCases@770d3326]" name="afterTest" is-config="true" duration-ms="63" started-at="2018-10-30T20:30:33Z" finished-at="2018-10-30T20:30:33Z">
          <params>
            <param index="0">
              <value>
                <![CDATA[org.testng.TestRunner@574e7360]]>
              </value>
            </param>
          </params>
          <reporter-output>
          </reporter-output>
        </test-method> <!-- afterTest -->
        <test-method status="PASS" signature="afterSuite(org.testng.ITestContext)[pri:0, instance:bluestrata.tests.functionalTests.PhysicianPortalTestCases@770d3326]" name="afterSuite" is-config="true" duration-ms="48" started-at="2018-10-30T20:30:33Z" finished-at="2018-10-30T20:30:33Z">
          <params>
            <param index="0">
              <value>
                <![CDATA[org.testng.TestRunner@574e7360]]>
              </value>
            </param>
          </params>
          <reporter-output>
          </reporter-output>
        </test-method> <!-- afterSuite -->
      </class> <!-- bluestrata.tests.functionalTests.PhysicianPortalTestCases -->
    </test> <!-- Orders Test Scripts -->
  </suite> <!-- SuiteRegression -->
</testng-results>
