<?xml version="1.0" encoding="UTF-8"?>
<testng-results skipped="0" failed="0" ignored="3" total="4" passed="1">
  <reporter-output>
  </reporter-output>
  <suite name="SuiteRegression" duration-ms="147588" started-at="2018-06-11T14:01:10Z" finished-at="2018-06-11T14:03:38Z">
    <groups>
    </groups>
    <test name="Test" duration-ms="147588" started-at="2018-06-11T14:01:10Z" finished-at="2018-06-11T14:03:38Z">
      <class name="aut.tests.functionaltests.EmarTestCases">
        <test-method status="PASS" signature="beforeSuite(org.testng.ITestContext, org.testng.xml.XmlTest)[pri:0, instance:aut.tests.functionaltests.EmarTestCases@4a668b6e]" name="beforeSuite" is-config="true" duration-ms="169" started-at="2018-06-11T19:31:10Z" finished-at="2018-06-11T19:31:10Z">
          <params>
            <param index="0">
              <value>
                <![CDATA[org.testng.TestRunner@711cb732]]>
              </value>
            </param>
            <param index="1">
              <value>
                <![CDATA[[Test: "Test" verbose:1[parameters:][metagroups:] [included: ][excluded: ]  classes: packages:] ]]>
              </value>
            </param>
          </params>
          <reporter-output>
          </reporter-output>
        </test-method> <!-- beforeSuite -->
        <test-method status="PASS" signature="beforeTest(org.testng.ITestContext)[pri:0, instance:aut.tests.functionaltests.EmarTestCases@4a668b6e]" name="beforeTest" is-config="true" duration-ms="1" started-at="2018-06-11T19:31:10Z" finished-at="2018-06-11T19:31:10Z">
          <params>
            <param index="0">
              <value>
                <![CDATA[org.testng.TestRunner@711cb732]]>
              </value>
            </param>
          </params>
          <reporter-output>
          </reporter-output>
        </test-method> <!-- beforeTest -->
        <test-method status="PASS" signature="beforeMethod(org.testng.ITestContext, java.lang.reflect.Method)[pri:0, instance:aut.tests.functionaltests.EmarTestCases@4a668b6e]" name="beforeMethod" is-config="true" duration-ms="58776" started-at="2018-06-11T19:31:10Z" finished-at="2018-06-11T19:32:09Z">
          <params>
            <param index="0">
              <value>
                <![CDATA[org.testng.TestRunner@711cb732]]>
              </value>
            </param>
            <param index="1">
              <value>
                <![CDATA[public void aut.tests.functionaltests.EmarTestCases.QA119_ChangeAppWindowThrough_ApplicationMenuButton(org.testng.ITestContext) throws java.lang.Throwable]]>
              </value>
            </param>
          </params>
          <reporter-output>
          </reporter-output>
        </test-method> <!-- beforeMethod -->
        <test-method status="PASS" signature="QA119_ChangeAppWindowThrough_ApplicationMenuButton(org.testng.ITestContext)[pri:0, instance:aut.tests.functionaltests.EmarTestCases@4a668b6e]" name="QA119_ChangeAppWindowThrough_ApplicationMenuButton" duration-ms="88008" started-at="2018-06-11T19:32:09Z" finished-at="2018-06-11T19:33:37Z">
          <params>
            <param index="0">
              <value>
                <![CDATA[org.testng.TestRunner@711cb732]]>
              </value>
            </param>
          </params>
          <reporter-output>
          </reporter-output>
        </test-method> <!-- QA119_ChangeAppWindowThrough_ApplicationMenuButton -->
        <test-method status="PASS" signature="afterMethod(org.testng.ITestContext, org.testng.ITestResult, java.lang.reflect.Method)[pri:0, instance:aut.tests.functionaltests.EmarTestCases@4a668b6e]" name="afterMethod" is-config="true" duration-ms="744" started-at="2018-06-11T19:33:37Z" finished-at="2018-06-11T19:33:38Z">
          <params>
            <param index="0">
              <value>
                <![CDATA[org.testng.TestRunner@711cb732]]>
              </value>
            </param>
            <param index="1">
              <value>
                <![CDATA[[TestResult name=QA119_ChangeAppWindowThrough_ApplicationMenuButton status=SUCCESS method=EmarTestCases.QA119_ChangeAppWindowThrough_ApplicationMenuButton(org.testng.ITestContext)[pri:0, instance:aut.tests.functionaltests.EmarTestCases@4a668b6e] output={null}]]]>
              </value>
            </param>
            <param index="2">
              <value>
                <![CDATA[public void aut.tests.functionaltests.EmarTestCases.QA119_ChangeAppWindowThrough_ApplicationMenuButton(org.testng.ITestContext) throws java.lang.Throwable]]>
              </value>
            </param>
          </params>
          <reporter-output>
          </reporter-output>
        </test-method> <!-- afterMethod -->
        <test-method status="PASS" signature="afterTest(org.testng.ITestContext)[pri:0, instance:aut.tests.functionaltests.EmarTestCases@4a668b6e]" name="afterTest" is-config="true" duration-ms="42" started-at="2018-06-11T19:33:38Z" finished-at="2018-06-11T19:33:38Z">
          <params>
            <param index="0">
              <value>
                <![CDATA[org.testng.TestRunner@711cb732]]>
              </value>
            </param>
          </params>
          <reporter-output>
          </reporter-output>
        </test-method> <!-- afterTest -->
        <test-method status="PASS" signature="afterSuite(org.testng.ITestContext)[pri:0, instance:aut.tests.functionaltests.EmarTestCases@4a668b6e]" name="afterSuite" is-config="true" duration-ms="67" started-at="2018-06-11T19:33:38Z" finished-at="2018-06-11T19:33:38Z">
          <params>
            <param index="0">
              <value>
                <![CDATA[org.testng.TestRunner@711cb732]]>
              </value>
            </param>
          </params>
          <reporter-output>
          </reporter-output>
        </test-method> <!-- afterSuite -->
      </class> <!-- aut.tests.functionaltests.EmarTestCases -->
    </test> <!-- Test -->
  </suite> <!-- SuiteRegression -->
</testng-results>
