<?xml version="1.0" encoding="UTF-8"?>
<testng-results skipped="0" failed="5" ignored="0" total="33" passed="28">
  <reporter-output>
  </reporter-output>
  <suite name="SuiteRegression" duration-ms="10823859" started-at="2018-08-29T14:38:39Z" finished-at="2018-08-29T17:39:03Z">
    <groups>
    </groups>
    <test name="test" duration-ms="10823859" started-at="2018-08-29T14:38:39Z" finished-at="2018-08-29T17:39:03Z">
      <class name="aut.tests.functionaltests.EmarTestCases">
        <test-method status="PASS" signature="beforeSuite(org.testng.ITestContext, org.testng.xml.XmlTest)[pri:0, instance:aut.tests.functionaltests.EmarTestCases@26275bef]" name="beforeSuite" is-config="true" duration-ms="234" started-at="2018-08-29T20:08:39Z" finished-at="2018-08-29T20:08:39Z">
          <params>
            <param index="0">
              <value>
                <![CDATA[org.testng.TestRunner@185592c2]]>
              </value>
            </param>
            <param index="1">
              <value>
                <![CDATA[[Test: "test" verbose:1[parameters:][metagroups:] [included: ][excluded: ]  classes: packages:] ]]>
              </value>
            </param>
          </params>
          <reporter-output>
          </reporter-output>
        </test-method> <!-- beforeSuite -->
        <test-method status="PASS" signature="beforeTest(org.testng.ITestContext)[pri:0, instance:aut.tests.functionaltests.EmarTestCases@26275bef]" name="beforeTest" is-config="true" duration-ms="1" started-at="2018-08-29T20:08:39Z" finished-at="2018-08-29T20:08:39Z">
          <params>
            <param index="0">
              <value>
                <![CDATA[org.testng.TestRunner@185592c2]]>
              </value>
            </param>
          </params>
          <reporter-output>
          </reporter-output>
        </test-method> <!-- beforeTest -->
        <test-method status="PASS" signature="beforeMethod(org.testng.ITestContext, java.lang.reflect.Method)[pri:0, instance:aut.tests.functionaltests.EmarTestCases@26275bef]" name="beforeMethod" is-config="true" duration-ms="40841" started-at="2018-08-29T20:08:39Z" finished-at="2018-08-29T20:09:20Z">
          <params>
            <param index="0">
              <value>
                <![CDATA[org.testng.TestRunner@185592c2]]>
              </value>
            </param>
            <param index="1">
              <value>
                <![CDATA[public void aut.tests.functionaltests.EmarTestCases.QA116_LoginTo_EmarApplication(org.testng.ITestContext) throws java.lang.Throwable]]>
              </value>
            </param>
          </params>
          <reporter-output>
          </reporter-output>
        </test-method> <!-- beforeMethod -->
        <test-method status="PASS" signature="QA116_LoginTo_EmarApplication(org.testng.ITestContext)[pri:0, instance:aut.tests.functionaltests.EmarTestCases@26275bef]" name="QA116_LoginTo_EmarApplication" duration-ms="99767" started-at="2018-08-29T20:09:20Z" finished-at="2018-08-29T20:10:59Z">
          <params>
            <param index="0">
              <value>
                <![CDATA[org.testng.TestRunner@185592c2]]>
              </value>
            </param>
          </params>
          <reporter-output>
          </reporter-output>
        </test-method> <!-- QA116_LoginTo_EmarApplication -->
        <test-method status="PASS" signature="afterMethod(org.testng.ITestContext, org.testng.ITestResult, java.lang.reflect.Method)[pri:0, instance:aut.tests.functionaltests.EmarTestCases@26275bef]" name="afterMethod" is-config="true" duration-ms="5757" started-at="2018-08-29T20:10:59Z" finished-at="2018-08-29T20:11:05Z">
          <params>
            <param index="0">
              <value>
                <![CDATA[org.testng.TestRunner@185592c2]]>
              </value>
            </param>
            <param index="1">
              <value>
                <![CDATA[[TestResult name=QA116_LoginTo_EmarApplication status=SUCCESS method=EmarTestCases.QA116_LoginTo_EmarApplication(org.testng.ITestContext)[pri:0, instance:aut.tests.functionaltests.EmarTestCases@26275bef] output={null}]]]>
              </value>
            </param>
            <param index="2">
              <value>
                <![CDATA[public void aut.tests.functionaltests.EmarTestCases.QA116_LoginTo_EmarApplication(org.testng.ITestContext) throws java.lang.Throwable]]>
              </value>
            </param>
          </params>
          <reporter-output>
          </reporter-output>
        </test-method> <!-- afterMethod -->
        <test-method status="PASS" signature="beforeMethod(org.testng.ITestContext, java.lang.reflect.Method)[pri:0, instance:aut.tests.functionaltests.EmarTestCases@26275bef]" name="beforeMethod" is-config="true" duration-ms="42229" started-at="2018-08-29T20:11:05Z" finished-at="2018-08-29T20:11:47Z">
          <params>
            <param index="0">
              <value>
                <![CDATA[org.testng.TestRunner@185592c2]]>
              </value>
            </param>
            <param index="1">
              <value>
                <![CDATA[public void aut.tests.functionaltests.EmarTestCases.QA117_UserNamePreferences_TopRightOf_ResidentDahsboard_Or_HomePage(org.testng.ITestContext) throws java.lang.Throwable]]>
              </value>
            </param>
          </params>
          <reporter-output>
          </reporter-output>
        </test-method> <!-- beforeMethod -->
        <test-method status="PASS" signature="QA117_UserNamePreferences_TopRightOf_ResidentDahsboard_Or_HomePage(org.testng.ITestContext)[pri:0, instance:aut.tests.functionaltests.EmarTestCases@26275bef]" name="QA117_UserNamePreferences_TopRightOf_ResidentDahsboard_Or_HomePage" duration-ms="107223" started-at="2018-08-29T20:11:47Z" finished-at="2018-08-29T20:13:35Z">
          <params>
            <param index="0">
              <value>
                <![CDATA[org.testng.TestRunner@185592c2]]>
              </value>
            </param>
          </params>
          <reporter-output>
          </reporter-output>
        </test-method> <!-- QA117_UserNamePreferences_TopRightOf_ResidentDahsboard_Or_HomePage -->
        <test-method status="PASS" signature="afterMethod(org.testng.ITestContext, org.testng.ITestResult, java.lang.reflect.Method)[pri:0, instance:aut.tests.functionaltests.EmarTestCases@26275bef]" name="afterMethod" is-config="true" duration-ms="5585" started-at="2018-08-29T20:13:35Z" finished-at="2018-08-29T20:13:40Z">
          <params>
            <param index="0">
              <value>
                <![CDATA[org.testng.TestRunner@185592c2]]>
              </value>
            </param>
            <param index="1">
              <value>
                <![CDATA[[TestResult name=QA117_UserNamePreferences_TopRightOf_ResidentDahsboard_Or_HomePage status=SUCCESS method=EmarTestCases.QA117_UserNamePreferences_TopRightOf_ResidentDahsboard_Or_HomePage(org.testng.ITestContext)[pri:0, instance:aut.tests.functionaltests.EmarTestCases@26275bef] output={null}]]]>
              </value>
            </param>
            <param index="2">
              <value>
                <![CDATA[public void aut.tests.functionaltests.EmarTestCases.QA117_UserNamePreferences_TopRightOf_ResidentDahsboard_Or_HomePage(org.testng.ITestContext) throws java.lang.Throwable]]>
              </value>
            </param>
          </params>
          <reporter-output>
          </reporter-output>
        </test-method> <!-- afterMethod -->
        <test-method status="PASS" signature="beforeMethod(org.testng.ITestContext, java.lang.reflect.Method)[pri:0, instance:aut.tests.functionaltests.EmarTestCases@26275bef]" name="beforeMethod" is-config="true" duration-ms="39352" started-at="2018-08-29T20:13:40Z" finished-at="2018-08-29T20:14:20Z">
          <params>
            <param index="0">
              <value>
                <![CDATA[org.testng.TestRunner@185592c2]]>
              </value>
            </param>
            <param index="1">
              <value>
                <![CDATA[public void aut.tests.functionaltests.EmarTestCases.QA118_HelpMenuWith_HelpSiteAbout(org.testng.ITestContext) throws java.lang.Throwable]]>
              </value>
            </param>
          </params>
          <reporter-output>
          </reporter-output>
        </test-method> <!-- beforeMethod -->
        <test-method status="PASS" signature="QA118_HelpMenuWith_HelpSiteAbout(org.testng.ITestContext)[pri:0, instance:aut.tests.functionaltests.EmarTestCases@26275bef]" name="QA118_HelpMenuWith_HelpSiteAbout" duration-ms="100365" started-at="2018-08-29T20:14:20Z" finished-at="2018-08-29T20:16:00Z">
          <params>
            <param index="0">
              <value>
                <![CDATA[org.testng.TestRunner@185592c2]]>
              </value>
            </param>
          </params>
          <reporter-output>
          </reporter-output>
        </test-method> <!-- QA118_HelpMenuWith_HelpSiteAbout -->
        <test-method status="PASS" signature="afterMethod(org.testng.ITestContext, org.testng.ITestResult, java.lang.reflect.Method)[pri:0, instance:aut.tests.functionaltests.EmarTestCases@26275bef]" name="afterMethod" is-config="true" duration-ms="5584" started-at="2018-08-29T20:16:00Z" finished-at="2018-08-29T20:16:05Z">
          <params>
            <param index="0">
              <value>
                <![CDATA[org.testng.TestRunner@185592c2]]>
              </value>
            </param>
            <param index="1">
              <value>
                <![CDATA[[TestResult name=QA118_HelpMenuWith_HelpSiteAbout status=SUCCESS method=EmarTestCases.QA118_HelpMenuWith_HelpSiteAbout(org.testng.ITestContext)[pri:0, instance:aut.tests.functionaltests.EmarTestCases@26275bef] output={null}]]]>
              </value>
            </param>
            <param index="2">
              <value>
                <![CDATA[public void aut.tests.functionaltests.EmarTestCases.QA118_HelpMenuWith_HelpSiteAbout(org.testng.ITestContext) throws java.lang.Throwable]]>
              </value>
            </param>
          </params>
          <reporter-output>
          </reporter-output>
        </test-method> <!-- afterMethod -->
        <test-method status="PASS" signature="beforeMethod(org.testng.ITestContext, java.lang.reflect.Method)[pri:0, instance:aut.tests.functionaltests.EmarTestCases@26275bef]" name="beforeMethod" is-config="true" duration-ms="40000" started-at="2018-08-29T20:16:05Z" finished-at="2018-08-29T20:16:45Z">
          <params>
            <param index="0">
              <value>
                <![CDATA[org.testng.TestRunner@185592c2]]>
              </value>
            </param>
            <param index="1">
              <value>
                <![CDATA[public void aut.tests.functionaltests.EmarTestCases.QA119_ChangeAppWindowThrough_ApplicationMenuButton(org.testng.ITestContext) throws java.lang.Throwable]]>
              </value>
            </param>
          </params>
          <reporter-output>
          </reporter-output>
        </test-method> <!-- beforeMethod -->
        <test-method status="PASS" signature="QA119_ChangeAppWindowThrough_ApplicationMenuButton(org.testng.ITestContext)[pri:0, instance:aut.tests.functionaltests.EmarTestCases@26275bef]" name="QA119_ChangeAppWindowThrough_ApplicationMenuButton" duration-ms="100665" started-at="2018-08-29T20:16:45Z" finished-at="2018-08-29T20:18:26Z">
          <params>
            <param index="0">
              <value>
                <![CDATA[org.testng.TestRunner@185592c2]]>
              </value>
            </param>
          </params>
          <reporter-output>
          </reporter-output>
        </test-method> <!-- QA119_ChangeAppWindowThrough_ApplicationMenuButton -->
        <test-method status="PASS" signature="afterMethod(org.testng.ITestContext, org.testng.ITestResult, java.lang.reflect.Method)[pri:0, instance:aut.tests.functionaltests.EmarTestCases@26275bef]" name="afterMethod" is-config="true" duration-ms="5623" started-at="2018-08-29T20:18:26Z" finished-at="2018-08-29T20:18:32Z">
          <params>
            <param index="0">
              <value>
                <![CDATA[org.testng.TestRunner@185592c2]]>
              </value>
            </param>
            <param index="1">
              <value>
                <![CDATA[[TestResult name=QA119_ChangeAppWindowThrough_ApplicationMenuButton status=SUCCESS method=EmarTestCases.QA119_ChangeAppWindowThrough_ApplicationMenuButton(org.testng.ITestContext)[pri:0, instance:aut.tests.functionaltests.EmarTestCases@26275bef] output={null}]]]>
              </value>
            </param>
            <param index="2">
              <value>
                <![CDATA[public void aut.tests.functionaltests.EmarTestCases.QA119_ChangeAppWindowThrough_ApplicationMenuButton(org.testng.ITestContext) throws java.lang.Throwable]]>
              </value>
            </param>
          </params>
          <reporter-output>
          </reporter-output>
        </test-method> <!-- afterMethod -->
        <test-method status="PASS" signature="beforeMethod(org.testng.ITestContext, java.lang.reflect.Method)[pri:0, instance:aut.tests.functionaltests.EmarTestCases@26275bef]" name="beforeMethod" is-config="true" duration-ms="39322" started-at="2018-08-29T20:18:32Z" finished-at="2018-08-29T20:19:11Z">
          <params>
            <param index="0">
              <value>
                <![CDATA[org.testng.TestRunner@185592c2]]>
              </value>
            </param>
            <param index="1">
              <value>
                <![CDATA[public void aut.tests.functionaltests.EmarTestCases.QA120_ExploreEmar_DashboardPageUsing_eMARapp(org.testng.ITestContext) throws java.lang.Throwable]]>
              </value>
            </param>
          </params>
          <reporter-output>
          </reporter-output>
        </test-method> <!-- beforeMethod -->
        <test-method status="PASS" signature="QA120_ExploreEmar_DashboardPageUsing_eMARapp(org.testng.ITestContext)[pri:0, instance:aut.tests.functionaltests.EmarTestCases@26275bef]" name="QA120_ExploreEmar_DashboardPageUsing_eMARapp" duration-ms="120984" started-at="2018-08-29T20:19:11Z" finished-at="2018-08-29T20:21:12Z">
          <params>
            <param index="0">
              <value>
                <![CDATA[org.testng.TestRunner@185592c2]]>
              </value>
            </param>
          </params>
          <reporter-output>
          </reporter-output>
        </test-method> <!-- QA120_ExploreEmar_DashboardPageUsing_eMARapp -->
        <test-method status="PASS" signature="afterMethod(org.testng.ITestContext, org.testng.ITestResult, java.lang.reflect.Method)[pri:0, instance:aut.tests.functionaltests.EmarTestCases@26275bef]" name="afterMethod" is-config="true" duration-ms="5557" started-at="2018-08-29T20:21:12Z" finished-at="2018-08-29T20:21:18Z">
          <params>
            <param index="0">
              <value>
                <![CDATA[org.testng.TestRunner@185592c2]]>
              </value>
            </param>
            <param index="1">
              <value>
                <![CDATA[[TestResult name=QA120_ExploreEmar_DashboardPageUsing_eMARapp status=SUCCESS method=EmarTestCases.QA120_ExploreEmar_DashboardPageUsing_eMARapp(org.testng.ITestContext)[pri:0, instance:aut.tests.functionaltests.EmarTestCases@26275bef] output={null}]]]>
              </value>
            </param>
            <param index="2">
              <value>
                <![CDATA[public void aut.tests.functionaltests.EmarTestCases.QA120_ExploreEmar_DashboardPageUsing_eMARapp(org.testng.ITestContext) throws java.lang.Throwable]]>
              </value>
            </param>
          </params>
          <reporter-output>
          </reporter-output>
        </test-method> <!-- afterMethod -->
        <test-method status="PASS" signature="beforeMethod(org.testng.ITestContext, java.lang.reflect.Method)[pri:0, instance:aut.tests.functionaltests.EmarTestCases@26275bef]" name="beforeMethod" is-config="true" duration-ms="39507" started-at="2018-08-29T20:21:18Z" finished-at="2018-08-29T20:21:57Z">
          <params>
            <param index="0">
              <value>
                <![CDATA[org.testng.TestRunner@185592c2]]>
              </value>
            </param>
            <param index="1">
              <value>
                <![CDATA[public void aut.tests.functionaltests.EmarTestCases.QA121_LaunchPage_ViewOrderStatus_OneMARDashboard(org.testng.ITestContext) throws java.lang.Throwable]]>
              </value>
            </param>
          </params>
          <reporter-output>
          </reporter-output>
        </test-method> <!-- beforeMethod -->
        <test-method status="PASS" signature="QA121_LaunchPage_ViewOrderStatus_OneMARDashboard(org.testng.ITestContext)[pri:0, instance:aut.tests.functionaltests.EmarTestCases@26275bef]" name="QA121_LaunchPage_ViewOrderStatus_OneMARDashboard" duration-ms="316877" started-at="2018-08-29T20:21:57Z" finished-at="2018-08-29T20:27:14Z">
          <params>
            <param index="0">
              <value>
                <![CDATA[org.testng.TestRunner@185592c2]]>
              </value>
            </param>
          </params>
          <reporter-output>
          </reporter-output>
        </test-method> <!-- QA121_LaunchPage_ViewOrderStatus_OneMARDashboard -->
        <test-method status="PASS" signature="afterMethod(org.testng.ITestContext, org.testng.ITestResult, java.lang.reflect.Method)[pri:0, instance:aut.tests.functionaltests.EmarTestCases@26275bef]" name="afterMethod" is-config="true" duration-ms="5566" started-at="2018-08-29T20:27:14Z" finished-at="2018-08-29T20:27:20Z">
          <params>
            <param index="0">
              <value>
                <![CDATA[org.testng.TestRunner@185592c2]]>
              </value>
            </param>
            <param index="1">
              <value>
                <![CDATA[[TestResult name=QA121_LaunchPage_ViewOrderStatus_OneMARDashboard status=SUCCESS method=EmarTestCases.QA121_LaunchPage_ViewOrderStatus_OneMARDashboard(org.testng.ITestContext)[pri:0, instance:aut.tests.functionaltests.EmarTestCases@26275bef] output={null}]]]>
              </value>
            </param>
            <param index="2">
              <value>
                <![CDATA[public void aut.tests.functionaltests.EmarTestCases.QA121_LaunchPage_ViewOrderStatus_OneMARDashboard(org.testng.ITestContext) throws java.lang.Throwable]]>
              </value>
            </param>
          </params>
          <reporter-output>
          </reporter-output>
        </test-method> <!-- afterMethod -->
        <test-method status="PASS" signature="beforeMethod(org.testng.ITestContext, java.lang.reflect.Method)[pri:0, instance:aut.tests.functionaltests.EmarTestCases@26275bef]" name="beforeMethod" is-config="true" duration-ms="39548" started-at="2018-08-29T20:27:20Z" finished-at="2018-08-29T20:27:59Z">
          <params>
            <param index="0">
              <value>
                <![CDATA[org.testng.TestRunner@185592c2]]>
              </value>
            </param>
            <param index="1">
              <value>
                <![CDATA[public void aut.tests.functionaltests.EmarTestCases.QA122_EmarDashboard_OrdersWidget(org.testng.ITestContext) throws java.lang.Throwable]]>
              </value>
            </param>
          </params>
          <reporter-output>
          </reporter-output>
        </test-method> <!-- beforeMethod -->
        <test-method status="PASS" signature="QA122_EmarDashboard_OrdersWidget(org.testng.ITestContext)[pri:0, instance:aut.tests.functionaltests.EmarTestCases@26275bef]" name="QA122_EmarDashboard_OrdersWidget" duration-ms="286719" started-at="2018-08-29T20:27:59Z" finished-at="2018-08-29T20:32:46Z">
          <params>
            <param index="0">
              <value>
                <![CDATA[org.testng.TestRunner@185592c2]]>
              </value>
            </param>
          </params>
          <reporter-output>
          </reporter-output>
        </test-method> <!-- QA122_EmarDashboard_OrdersWidget -->
        <test-method status="PASS" signature="afterMethod(org.testng.ITestContext, org.testng.ITestResult, java.lang.reflect.Method)[pri:0, instance:aut.tests.functionaltests.EmarTestCases@26275bef]" name="afterMethod" is-config="true" duration-ms="5558" started-at="2018-08-29T20:32:46Z" finished-at="2018-08-29T20:32:51Z">
          <params>
            <param index="0">
              <value>
                <![CDATA[org.testng.TestRunner@185592c2]]>
              </value>
            </param>
            <param index="1">
              <value>
                <![CDATA[[TestResult name=QA122_EmarDashboard_OrdersWidget status=SUCCESS method=EmarTestCases.QA122_EmarDashboard_OrdersWidget(org.testng.ITestContext)[pri:0, instance:aut.tests.functionaltests.EmarTestCases@26275bef] output={null}]]]>
              </value>
            </param>
            <param index="2">
              <value>
                <![CDATA[public void aut.tests.functionaltests.EmarTestCases.QA122_EmarDashboard_OrdersWidget(org.testng.ITestContext) throws java.lang.Throwable]]>
              </value>
            </param>
          </params>
          <reporter-output>
          </reporter-output>
        </test-method> <!-- afterMethod -->
        <test-method status="PASS" signature="beforeMethod(org.testng.ITestContext, java.lang.reflect.Method)[pri:0, instance:aut.tests.functionaltests.EmarTestCases@26275bef]" name="beforeMethod" is-config="true" duration-ms="40396" started-at="2018-08-29T20:32:51Z" finished-at="2018-08-29T20:33:32Z">
          <params>
            <param index="0">
              <value>
                <![CDATA[org.testng.TestRunner@185592c2]]>
              </value>
            </param>
            <param index="1">
              <value>
                <![CDATA[public void aut.tests.functionaltests.EmarTestCases.QA123_EmarDashboard_ADTChanges(org.testng.ITestContext) throws java.lang.Throwable]]>
              </value>
            </param>
          </params>
          <reporter-output>
          </reporter-output>
        </test-method> <!-- beforeMethod -->
        <test-method status="PASS" signature="QA123_EmarDashboard_ADTChanges(org.testng.ITestContext)[pri:0, instance:aut.tests.functionaltests.EmarTestCases@26275bef]" name="QA123_EmarDashboard_ADTChanges" duration-ms="337611" started-at="2018-08-29T20:33:32Z" finished-at="2018-08-29T20:39:09Z">
          <params>
            <param index="0">
              <value>
                <![CDATA[org.testng.TestRunner@185592c2]]>
              </value>
            </param>
          </params>
          <reporter-output>
          </reporter-output>
        </test-method> <!-- QA123_EmarDashboard_ADTChanges -->
        <test-method status="PASS" signature="afterMethod(org.testng.ITestContext, org.testng.ITestResult, java.lang.reflect.Method)[pri:0, instance:aut.tests.functionaltests.EmarTestCases@26275bef]" name="afterMethod" is-config="true" duration-ms="5572" started-at="2018-08-29T20:39:09Z" finished-at="2018-08-29T20:39:15Z">
          <params>
            <param index="0">
              <value>
                <![CDATA[org.testng.TestRunner@185592c2]]>
              </value>
            </param>
            <param index="1">
              <value>
                <![CDATA[[TestResult name=QA123_EmarDashboard_ADTChanges status=SUCCESS method=EmarTestCases.QA123_EmarDashboard_ADTChanges(org.testng.ITestContext)[pri:0, instance:aut.tests.functionaltests.EmarTestCases@26275bef] output={null}]]]>
              </value>
            </param>
            <param index="2">
              <value>
                <![CDATA[public void aut.tests.functionaltests.EmarTestCases.QA123_EmarDashboard_ADTChanges(org.testng.ITestContext) throws java.lang.Throwable]]>
              </value>
            </param>
          </params>
          <reporter-output>
          </reporter-output>
        </test-method> <!-- afterMethod -->
        <test-method status="PASS" signature="beforeMethod(org.testng.ITestContext, java.lang.reflect.Method)[pri:0, instance:aut.tests.functionaltests.EmarTestCases@26275bef]" name="beforeMethod" is-config="true" duration-ms="39972" started-at="2018-08-29T20:39:15Z" finished-at="2018-08-29T20:39:55Z">
          <params>
            <param index="0">
              <value>
                <![CDATA[org.testng.TestRunner@185592c2]]>
              </value>
            </param>
            <param index="1">
              <value>
                <![CDATA[public void aut.tests.functionaltests.EmarTestCases.QA124_EmarDashboard_LateMedicationsLast24Hours(org.testng.ITestContext) throws java.lang.Throwable]]>
              </value>
            </param>
          </params>
          <reporter-output>
          </reporter-output>
        </test-method> <!-- beforeMethod -->
        <test-method status="PASS" signature="QA124_EmarDashboard_LateMedicationsLast24Hours(org.testng.ITestContext)[pri:0, instance:aut.tests.functionaltests.EmarTestCases@26275bef]" name="QA124_EmarDashboard_LateMedicationsLast24Hours" duration-ms="129454" started-at="2018-08-29T20:39:55Z" finished-at="2018-08-29T20:42:04Z">
          <params>
            <param index="0">
              <value>
                <![CDATA[org.testng.TestRunner@185592c2]]>
              </value>
            </param>
          </params>
          <reporter-output>
          </reporter-output>
        </test-method> <!-- QA124_EmarDashboard_LateMedicationsLast24Hours -->
        <test-method status="PASS" signature="afterMethod(org.testng.ITestContext, org.testng.ITestResult, java.lang.reflect.Method)[pri:0, instance:aut.tests.functionaltests.EmarTestCases@26275bef]" name="afterMethod" is-config="true" duration-ms="5562" started-at="2018-08-29T20:42:04Z" finished-at="2018-08-29T20:42:10Z">
          <params>
            <param index="0">
              <value>
                <![CDATA[org.testng.TestRunner@185592c2]]>
              </value>
            </param>
            <param index="1">
              <value>
                <![CDATA[[TestResult name=QA124_EmarDashboard_LateMedicationsLast24Hours status=SUCCESS method=EmarTestCases.QA124_EmarDashboard_LateMedicationsLast24Hours(org.testng.ITestContext)[pri:0, instance:aut.tests.functionaltests.EmarTestCases@26275bef] output={null}]]]>
              </value>
            </param>
            <param index="2">
              <value>
                <![CDATA[public void aut.tests.functionaltests.EmarTestCases.QA124_EmarDashboard_LateMedicationsLast24Hours(org.testng.ITestContext) throws java.lang.Throwable]]>
              </value>
            </param>
          </params>
          <reporter-output>
          </reporter-output>
        </test-method> <!-- afterMethod -->
        <test-method status="PASS" signature="beforeMethod(org.testng.ITestContext, java.lang.reflect.Method)[pri:0, instance:aut.tests.functionaltests.EmarTestCases@26275bef]" name="beforeMethod" is-config="true" duration-ms="39628" started-at="2018-08-29T20:42:10Z" finished-at="2018-08-29T20:42:50Z">
          <params>
            <param index="0">
              <value>
                <![CDATA[org.testng.TestRunner@185592c2]]>
              </value>
            </param>
            <param index="1">
              <value>
                <![CDATA[public void aut.tests.functionaltests.EmarTestCases.QA125_EmarDashboard_Followups(org.testng.ITestContext) throws java.lang.Throwable]]>
              </value>
            </param>
          </params>
          <reporter-output>
          </reporter-output>
        </test-method> <!-- beforeMethod -->
        <test-method status="PASS" signature="QA125_EmarDashboard_Followups(org.testng.ITestContext)[pri:0, instance:aut.tests.functionaltests.EmarTestCases@26275bef]" name="QA125_EmarDashboard_Followups" duration-ms="139985" started-at="2018-08-29T20:42:50Z" finished-at="2018-08-29T20:45:10Z">
          <params>
            <param index="0">
              <value>
                <![CDATA[org.testng.TestRunner@185592c2]]>
              </value>
            </param>
          </params>
          <reporter-output>
          </reporter-output>
        </test-method> <!-- QA125_EmarDashboard_Followups -->
        <test-method status="PASS" signature="afterMethod(org.testng.ITestContext, org.testng.ITestResult, java.lang.reflect.Method)[pri:0, instance:aut.tests.functionaltests.EmarTestCases@26275bef]" name="afterMethod" is-config="true" duration-ms="5584" started-at="2018-08-29T20:45:10Z" finished-at="2018-08-29T20:45:15Z">
          <params>
            <param index="0">
              <value>
                <![CDATA[org.testng.TestRunner@185592c2]]>
              </value>
            </param>
            <param index="1">
              <value>
                <![CDATA[[TestResult name=QA125_EmarDashboard_Followups status=SUCCESS method=EmarTestCases.QA125_EmarDashboard_Followups(org.testng.ITestContext)[pri:0, instance:aut.tests.functionaltests.EmarTestCases@26275bef] output={null}]]]>
              </value>
            </param>
            <param index="2">
              <value>
                <![CDATA[public void aut.tests.functionaltests.EmarTestCases.QA125_EmarDashboard_Followups(org.testng.ITestContext) throws java.lang.Throwable]]>
              </value>
            </param>
          </params>
          <reporter-output>
          </reporter-output>
        </test-method> <!-- afterMethod -->
        <test-method status="PASS" signature="beforeMethod(org.testng.ITestContext, java.lang.reflect.Method)[pri:0, instance:aut.tests.functionaltests.EmarTestCases@26275bef]" name="beforeMethod" is-config="true" duration-ms="39345" started-at="2018-08-29T20:45:15Z" finished-at="2018-08-29T20:45:55Z">
          <params>
            <param index="0">
              <value>
                <![CDATA[org.testng.TestRunner@185592c2]]>
              </value>
            </param>
            <param index="1">
              <value>
                <![CDATA[public void aut.tests.functionaltests.EmarTestCases.QA126_EmarDashboard_ResidentDashboard(org.testng.ITestContext) throws java.lang.Throwable]]>
              </value>
            </param>
          </params>
          <reporter-output>
          </reporter-output>
        </test-method> <!-- beforeMethod -->
        <test-method status="PASS" signature="QA126_EmarDashboard_ResidentDashboard(org.testng.ITestContext)[pri:0, instance:aut.tests.functionaltests.EmarTestCases@26275bef]" name="QA126_EmarDashboard_ResidentDashboard" duration-ms="631129" started-at="2018-08-29T20:45:55Z" finished-at="2018-08-29T20:56:26Z">
          <params>
            <param index="0">
              <value>
                <![CDATA[org.testng.TestRunner@185592c2]]>
              </value>
            </param>
          </params>
          <reporter-output>
          </reporter-output>
        </test-method> <!-- QA126_EmarDashboard_ResidentDashboard -->
        <test-method status="PASS" signature="afterMethod(org.testng.ITestContext, org.testng.ITestResult, java.lang.reflect.Method)[pri:0, instance:aut.tests.functionaltests.EmarTestCases@26275bef]" name="afterMethod" is-config="true" duration-ms="5567" started-at="2018-08-29T20:56:26Z" finished-at="2018-08-29T20:56:31Z">
          <params>
            <param index="0">
              <value>
                <![CDATA[org.testng.TestRunner@185592c2]]>
              </value>
            </param>
            <param index="1">
              <value>
                <![CDATA[[TestResult name=QA126_EmarDashboard_ResidentDashboard status=SUCCESS method=EmarTestCases.QA126_EmarDashboard_ResidentDashboard(org.testng.ITestContext)[pri:0, instance:aut.tests.functionaltests.EmarTestCases@26275bef] output={null}]]]>
              </value>
            </param>
            <param index="2">
              <value>
                <![CDATA[public void aut.tests.functionaltests.EmarTestCases.QA126_EmarDashboard_ResidentDashboard(org.testng.ITestContext) throws java.lang.Throwable]]>
              </value>
            </param>
          </params>
          <reporter-output>
          </reporter-output>
        </test-method> <!-- afterMethod -->
        <test-method status="PASS" signature="beforeMethod(org.testng.ITestContext, java.lang.reflect.Method)[pri:0, instance:aut.tests.functionaltests.EmarTestCases@26275bef]" name="beforeMethod" is-config="true" duration-ms="41236" started-at="2018-08-29T20:56:31Z" finished-at="2018-08-29T20:57:12Z">
          <params>
            <param index="0">
              <value>
                <![CDATA[org.testng.TestRunner@185592c2]]>
              </value>
            </param>
            <param index="1">
              <value>
                <![CDATA[public void aut.tests.functionaltests.EmarTestCases.QA127_EmarDashboard_ResidentDetails_OnDashboard(org.testng.ITestContext) throws java.lang.Throwable]]>
              </value>
            </param>
          </params>
          <reporter-output>
          </reporter-output>
        </test-method> <!-- beforeMethod -->
        <test-method status="PASS" signature="QA127_EmarDashboard_ResidentDetails_OnDashboard(org.testng.ITestContext)[pri:0, instance:aut.tests.functionaltests.EmarTestCases@26275bef]" name="QA127_EmarDashboard_ResidentDetails_OnDashboard" duration-ms="570330" started-at="2018-08-29T20:57:12Z" finished-at="2018-08-29T21:06:43Z">
          <params>
            <param index="0">
              <value>
                <![CDATA[org.testng.TestRunner@185592c2]]>
              </value>
            </param>
          </params>
          <reporter-output>
          </reporter-output>
        </test-method> <!-- QA127_EmarDashboard_ResidentDetails_OnDashboard -->
        <test-method status="PASS" signature="afterMethod(org.testng.ITestContext, org.testng.ITestResult, java.lang.reflect.Method)[pri:0, instance:aut.tests.functionaltests.EmarTestCases@26275bef]" name="afterMethod" is-config="true" duration-ms="5568" started-at="2018-08-29T21:06:43Z" finished-at="2018-08-29T21:06:48Z">
          <params>
            <param index="0">
              <value>
                <![CDATA[org.testng.TestRunner@185592c2]]>
              </value>
            </param>
            <param index="1">
              <value>
                <![CDATA[[TestResult name=QA127_EmarDashboard_ResidentDetails_OnDashboard status=SUCCESS method=EmarTestCases.QA127_EmarDashboard_ResidentDetails_OnDashboard(org.testng.ITestContext)[pri:0, instance:aut.tests.functionaltests.EmarTestCases@26275bef] output={null}]]]>
              </value>
            </param>
            <param index="2">
              <value>
                <![CDATA[public void aut.tests.functionaltests.EmarTestCases.QA127_EmarDashboard_ResidentDetails_OnDashboard(org.testng.ITestContext) throws java.lang.Throwable]]>
              </value>
            </param>
          </params>
          <reporter-output>
          </reporter-output>
        </test-method> <!-- afterMethod -->
        <test-method status="PASS" signature="beforeMethod(org.testng.ITestContext, java.lang.reflect.Method)[pri:0, instance:aut.tests.functionaltests.EmarTestCases@26275bef]" name="beforeMethod" is-config="true" duration-ms="39673" started-at="2018-08-29T21:06:48Z" finished-at="2018-08-29T21:07:28Z">
          <params>
            <param index="0">
              <value>
                <![CDATA[org.testng.TestRunner@185592c2]]>
              </value>
            </param>
            <param index="1">
              <value>
                <![CDATA[public void aut.tests.functionaltests.EmarTestCases.QA128_AdministrationButtonsAvailable_OnResidentDashboard(org.testng.ITestContext) throws java.lang.Throwable]]>
              </value>
            </param>
          </params>
          <reporter-output>
          </reporter-output>
        </test-method> <!-- beforeMethod -->
        <test-method status="PASS" signature="QA128_AdministrationButtonsAvailable_OnResidentDashboard(org.testng.ITestContext)[pri:0, instance:aut.tests.functionaltests.EmarTestCases@26275bef]" name="QA128_AdministrationButtonsAvailable_OnResidentDashboard" duration-ms="793517" started-at="2018-08-29T21:07:28Z" finished-at="2018-08-29T21:20:42Z">
          <params>
            <param index="0">
              <value>
                <![CDATA[org.testng.TestRunner@185592c2]]>
              </value>
            </param>
          </params>
          <reporter-output>
          </reporter-output>
        </test-method> <!-- QA128_AdministrationButtonsAvailable_OnResidentDashboard -->
        <test-method status="PASS" signature="afterMethod(org.testng.ITestContext, org.testng.ITestResult, java.lang.reflect.Method)[pri:0, instance:aut.tests.functionaltests.EmarTestCases@26275bef]" name="afterMethod" is-config="true" duration-ms="5568" started-at="2018-08-29T21:20:42Z" finished-at="2018-08-29T21:20:47Z">
          <params>
            <param index="0">
              <value>
                <![CDATA[org.testng.TestRunner@185592c2]]>
              </value>
            </param>
            <param index="1">
              <value>
                <![CDATA[[TestResult name=QA128_AdministrationButtonsAvailable_OnResidentDashboard status=SUCCESS method=EmarTestCases.QA128_AdministrationButtonsAvailable_OnResidentDashboard(org.testng.ITestContext)[pri:0, instance:aut.tests.functionaltests.EmarTestCases@26275bef] output={null}]]]>
              </value>
            </param>
            <param index="2">
              <value>
                <![CDATA[public void aut.tests.functionaltests.EmarTestCases.QA128_AdministrationButtonsAvailable_OnResidentDashboard(org.testng.ITestContext) throws java.lang.Throwable]]>
              </value>
            </param>
          </params>
          <reporter-output>
          </reporter-output>
        </test-method> <!-- afterMethod -->
        <test-method status="PASS" signature="beforeMethod(org.testng.ITestContext, java.lang.reflect.Method)[pri:0, instance:aut.tests.functionaltests.EmarTestCases@26275bef]" name="beforeMethod" is-config="true" duration-ms="38670" started-at="2018-08-29T21:20:47Z" finished-at="2018-08-29T21:21:26Z">
          <params>
            <param index="0">
              <value>
                <![CDATA[org.testng.TestRunner@185592c2]]>
              </value>
            </param>
            <param index="1">
              <value>
                <![CDATA[public void aut.tests.functionaltests.EmarTestCases.QA129_VerifyCurrentAdministrationRoutine_OrdersAdministration(org.testng.ITestContext) throws java.lang.Throwable]]>
              </value>
            </param>
          </params>
          <reporter-output>
          </reporter-output>
        </test-method> <!-- beforeMethod -->
        <test-method status="PASS" signature="QA129_VerifyCurrentAdministrationRoutine_OrdersAdministration(org.testng.ITestContext)[pri:0, instance:aut.tests.functionaltests.EmarTestCases@26275bef]" name="QA129_VerifyCurrentAdministrationRoutine_OrdersAdministration" duration-ms="317955" started-at="2018-08-29T21:21:26Z" finished-at="2018-08-29T21:26:44Z">
          <params>
            <param index="0">
              <value>
                <![CDATA[org.testng.TestRunner@185592c2]]>
              </value>
            </param>
          </params>
          <reporter-output>
          </reporter-output>
        </test-method> <!-- QA129_VerifyCurrentAdministrationRoutine_OrdersAdministration -->
        <test-method status="PASS" signature="afterMethod(org.testng.ITestContext, org.testng.ITestResult, java.lang.reflect.Method)[pri:0, instance:aut.tests.functionaltests.EmarTestCases@26275bef]" name="afterMethod" is-config="true" duration-ms="5567" started-at="2018-08-29T21:26:44Z" finished-at="2018-08-29T21:26:49Z">
          <params>
            <param index="0">
              <value>
                <![CDATA[org.testng.TestRunner@185592c2]]>
              </value>
            </param>
            <param index="1">
              <value>
                <![CDATA[[TestResult name=QA129_VerifyCurrentAdministrationRoutine_OrdersAdministration status=SUCCESS method=EmarTestCases.QA129_VerifyCurrentAdministrationRoutine_OrdersAdministration(org.testng.ITestContext)[pri:0, instance:aut.tests.functionaltests.EmarTestCases@26275bef] output={null}]]]>
              </value>
            </param>
            <param index="2">
              <value>
                <![CDATA[public void aut.tests.functionaltests.EmarTestCases.QA129_VerifyCurrentAdministrationRoutine_OrdersAdministration(org.testng.ITestContext) throws java.lang.Throwable]]>
              </value>
            </param>
          </params>
          <reporter-output>
          </reporter-output>
        </test-method> <!-- afterMethod -->
        <test-method status="PASS" signature="beforeMethod(org.testng.ITestContext, java.lang.reflect.Method)[pri:0, instance:aut.tests.functionaltests.EmarTestCases@26275bef]" name="beforeMethod" is-config="true" duration-ms="38711" started-at="2018-08-29T21:26:49Z" finished-at="2018-08-29T21:27:28Z">
          <params>
            <param index="0">
              <value>
                <![CDATA[org.testng.TestRunner@185592c2]]>
              </value>
            </param>
            <param index="1">
              <value>
                <![CDATA[public void aut.tests.functionaltests.EmarTestCases.QA130_VerifyCurrentAdministrationPRN_OrdersAdministration(org.testng.ITestContext) throws java.lang.Throwable]]>
              </value>
            </param>
          </params>
          <reporter-output>
          </reporter-output>
        </test-method> <!-- beforeMethod -->
        <test-method status="PASS" signature="QA130_VerifyCurrentAdministrationPRN_OrdersAdministration(org.testng.ITestContext)[pri:0, instance:aut.tests.functionaltests.EmarTestCases@26275bef]" name="QA130_VerifyCurrentAdministrationPRN_OrdersAdministration" duration-ms="302190" started-at="2018-08-29T21:27:28Z" finished-at="2018-08-29T21:32:30Z">
          <params>
            <param index="0">
              <value>
                <![CDATA[org.testng.TestRunner@185592c2]]>
              </value>
            </param>
          </params>
          <reporter-output>
          </reporter-output>
        </test-method> <!-- QA130_VerifyCurrentAdministrationPRN_OrdersAdministration -->
        <test-method status="PASS" signature="afterMethod(org.testng.ITestContext, org.testng.ITestResult, java.lang.reflect.Method)[pri:0, instance:aut.tests.functionaltests.EmarTestCases@26275bef]" name="afterMethod" is-config="true" duration-ms="5575" started-at="2018-08-29T21:32:30Z" finished-at="2018-08-29T21:32:36Z">
          <params>
            <param index="0">
              <value>
                <![CDATA[org.testng.TestRunner@185592c2]]>
              </value>
            </param>
            <param index="1">
              <value>
                <![CDATA[[TestResult name=QA130_VerifyCurrentAdministrationPRN_OrdersAdministration status=SUCCESS method=EmarTestCases.QA130_VerifyCurrentAdministrationPRN_OrdersAdministration(org.testng.ITestContext)[pri:0, instance:aut.tests.functionaltests.EmarTestCases@26275bef] output={null}]]]>
              </value>
            </param>
            <param index="2">
              <value>
                <![CDATA[public void aut.tests.functionaltests.EmarTestCases.QA130_VerifyCurrentAdministrationPRN_OrdersAdministration(org.testng.ITestContext) throws java.lang.Throwable]]>
              </value>
            </param>
          </params>
          <reporter-output>
          </reporter-output>
        </test-method> <!-- afterMethod -->
        <test-method status="PASS" signature="beforeMethod(org.testng.ITestContext, java.lang.reflect.Method)[pri:0, instance:aut.tests.functionaltests.EmarTestCases@26275bef]" name="beforeMethod" is-config="true" duration-ms="39802" started-at="2018-08-29T21:32:36Z" finished-at="2018-08-29T21:33:16Z">
          <params>
            <param index="0">
              <value>
                <![CDATA[org.testng.TestRunner@185592c2]]>
              </value>
            </param>
            <param index="1">
              <value>
                <![CDATA[public void aut.tests.functionaltests.EmarTestCases.QA131_VerifyCurrentAdministrationFollowUps_OrdersAdministration(org.testng.ITestContext) throws java.lang.Throwable]]>
              </value>
            </param>
          </params>
          <reporter-output>
          </reporter-output>
        </test-method> <!-- beforeMethod -->
        <test-method status="FAIL" signature="QA131_VerifyCurrentAdministrationFollowUps_OrdersAdministration(org.testng.ITestContext)[pri:0, instance:aut.tests.functionaltests.EmarTestCases@26275bef]" name="QA131_VerifyCurrentAdministrationFollowUps_OrdersAdministration" duration-ms="357550" started-at="2018-08-29T21:33:16Z" finished-at="2018-08-29T21:39:13Z">
          <params>
            <param index="0">
              <value>
                <![CDATA[org.testng.TestRunner@185592c2]]>
              </value>
            </param>
          </params>
          <exception class="java.lang.NullPointerException">
            <full-stacktrace>
              <![CDATA[java.lang.NullPointerException
	at aut.bluestrata.pages.EmarPage.DescriptionSelectionFromRoutine(EmarPage.java:1293)
	at aut.bluestrata.pages.EmarPage.AdministrationButtonRoutineTabValidation(EmarPage.java:923)
	at aut.tests.functionaltests.EmarTestCases.QA131_VerifyCurrentAdministrationFollowUps_OrdersAdministration(EmarTestCases.java:434)
	at sun.reflect.NativeMethodAccessorImpl.invoke0(Native Method)
	at sun.reflect.NativeMethodAccessorImpl.invoke(NativeMethodAccessorImpl.java:62)
	at sun.reflect.DelegatingMethodAccessorImpl.invoke(DelegatingMethodAccessorImpl.java:43)
	at java.lang.reflect.Method.invoke(Method.java:498)
	at org.testng.internal.MethodInvocationHelper.invokeMethod(MethodInvocationHelper.java:108)
	at org.testng.internal.Invoker.invokeMethod(Invoker.java:661)
	at org.testng.internal.Invoker.invokeTestMethod(Invoker.java:869)
	at org.testng.internal.Invoker.invokeTestMethods(Invoker.java:1193)
	at org.testng.internal.TestMethodWorker.invokeTestMethods(TestMethodWorker.java:126)
	at org.testng.internal.TestMethodWorker.run(TestMethodWorker.java:109)
	at org.testng.TestRunner.privateRun(TestRunner.java:744)
	at org.testng.TestRunner.run(TestRunner.java:602)
	at org.testng.SuiteRunner.runTest(SuiteRunner.java:380)
	at org.testng.SuiteRunner.access$000(SuiteRunner.java:39)
	at org.testng.SuiteRunner$SuiteWorker.run(SuiteRunner.java:414)
	at org.testng.internal.thread.ThreadUtil$1.call(ThreadUtil.java:52)
	at java.util.concurrent.FutureTask.run(FutureTask.java:266)
	at java.util.concurrent.ThreadPoolExecutor.runWorker(ThreadPoolExecutor.java:1142)
	at java.util.concurrent.ThreadPoolExecutor$Worker.run(ThreadPoolExecutor.java:617)
	at java.lang.Thread.run(Thread.java:745)
]]>
            </full-stacktrace>
          </exception> <!-- java.lang.NullPointerException -->
          <reporter-output>
          </reporter-output>
        </test-method> <!-- QA131_VerifyCurrentAdministrationFollowUps_OrdersAdministration -->
        <test-method status="PASS" signature="afterMethod(org.testng.ITestContext, org.testng.ITestResult, java.lang.reflect.Method)[pri:0, instance:aut.tests.functionaltests.EmarTestCases@26275bef]" name="afterMethod" is-config="true" duration-ms="6966" started-at="2018-08-29T21:39:13Z" finished-at="2018-08-29T21:39:20Z">
          <params>
            <param index="0">
              <value>
                <![CDATA[org.testng.TestRunner@185592c2]]>
              </value>
            </param>
            <param index="1">
              <value>
                <![CDATA[[TestResult name=QA131_VerifyCurrentAdministrationFollowUps_OrdersAdministration status=FAILURE method=EmarTestCases.QA131_VerifyCurrentAdministrationFollowUps_OrdersAdministration(org.testng.ITestContext)[pri:0, instance:aut.tests.functionaltests.EmarTestCases@26275bef] output={null}]]]>
              </value>
            </param>
            <param index="2">
              <value>
                <![CDATA[public void aut.tests.functionaltests.EmarTestCases.QA131_VerifyCurrentAdministrationFollowUps_OrdersAdministration(org.testng.ITestContext) throws java.lang.Throwable]]>
              </value>
            </param>
          </params>
          <reporter-output>
          </reporter-output>
        </test-method> <!-- afterMethod -->
        <test-method status="PASS" signature="beforeMethod(org.testng.ITestContext, java.lang.reflect.Method)[pri:0, instance:aut.tests.functionaltests.EmarTestCases@26275bef]" name="beforeMethod" is-config="true" duration-ms="40146" started-at="2018-08-29T21:39:20Z" finished-at="2018-08-29T21:40:00Z">
          <params>
            <param index="0">
              <value>
                <![CDATA[org.testng.TestRunner@185592c2]]>
              </value>
            </param>
            <param index="1">
              <value>
                <![CDATA[public void aut.tests.functionaltests.EmarTestCases.QA132_AdministeringShowFutureRecord_EMAR(org.testng.ITestContext) throws java.lang.Throwable]]>
              </value>
            </param>
          </params>
          <reporter-output>
          </reporter-output>
        </test-method> <!-- beforeMethod -->
        <test-method status="PASS" signature="QA132_AdministeringShowFutureRecord_EMAR(org.testng.ITestContext)[pri:0, instance:aut.tests.functionaltests.EmarTestCases@26275bef]" name="QA132_AdministeringShowFutureRecord_EMAR" duration-ms="173238" started-at="2018-08-29T21:40:00Z" finished-at="2018-08-29T21:42:53Z">
          <params>
            <param index="0">
              <value>
                <![CDATA[org.testng.TestRunner@185592c2]]>
              </value>
            </param>
          </params>
          <reporter-output>
          </reporter-output>
        </test-method> <!-- QA132_AdministeringShowFutureRecord_EMAR -->
        <test-method status="PASS" signature="afterMethod(org.testng.ITestContext, org.testng.ITestResult, java.lang.reflect.Method)[pri:0, instance:aut.tests.functionaltests.EmarTestCases@26275bef]" name="afterMethod" is-config="true" duration-ms="5567" started-at="2018-08-29T21:42:53Z" finished-at="2018-08-29T21:42:59Z">
          <params>
            <param index="0">
              <value>
                <![CDATA[org.testng.TestRunner@185592c2]]>
              </value>
            </param>
            <param index="1">
              <value>
                <![CDATA[[TestResult name=QA132_AdministeringShowFutureRecord_EMAR status=SUCCESS method=EmarTestCases.QA132_AdministeringShowFutureRecord_EMAR(org.testng.ITestContext)[pri:0, instance:aut.tests.functionaltests.EmarTestCases@26275bef] output={null}]]]>
              </value>
            </param>
            <param index="2">
              <value>
                <![CDATA[public void aut.tests.functionaltests.EmarTestCases.QA132_AdministeringShowFutureRecord_EMAR(org.testng.ITestContext) throws java.lang.Throwable]]>
              </value>
            </param>
          </params>
          <reporter-output>
          </reporter-output>
        </test-method> <!-- afterMethod -->
        <test-method status="PASS" signature="beforeMethod(org.testng.ITestContext, java.lang.reflect.Method)[pri:0, instance:aut.tests.functionaltests.EmarTestCases@26275bef]" name="beforeMethod" is-config="true" duration-ms="39228" started-at="2018-08-29T21:42:59Z" finished-at="2018-08-29T21:43:38Z">
          <params>
            <param index="0">
              <value>
                <![CDATA[org.testng.TestRunner@185592c2]]>
              </value>
            </param>
            <param index="1">
              <value>
                <![CDATA[public void aut.tests.functionaltests.EmarTestCases.QA133_Edit_And_Undo_on_Today_administered_Orders_on_eMAR(org.testng.ITestContext) throws java.lang.Throwable]]>
              </value>
            </param>
          </params>
          <reporter-output>
          </reporter-output>
        </test-method> <!-- beforeMethod -->
        <test-method status="PASS" signature="QA133_Edit_And_Undo_on_Today_administered_Orders_on_eMAR(org.testng.ITestContext)[pri:0, instance:aut.tests.functionaltests.EmarTestCases@26275bef]" name="QA133_Edit_And_Undo_on_Today_administered_Orders_on_eMAR" duration-ms="240070" started-at="2018-08-29T21:43:38Z" finished-at="2018-08-29T21:47:38Z">
          <params>
            <param index="0">
              <value>
                <![CDATA[org.testng.TestRunner@185592c2]]>
              </value>
            </param>
          </params>
          <reporter-output>
          </reporter-output>
        </test-method> <!-- QA133_Edit_And_Undo_on_Today_administered_Orders_on_eMAR -->
        <test-method status="PASS" signature="afterMethod(org.testng.ITestContext, org.testng.ITestResult, java.lang.reflect.Method)[pri:0, instance:aut.tests.functionaltests.EmarTestCases@26275bef]" name="afterMethod" is-config="true" duration-ms="6293" started-at="2018-08-29T21:47:38Z" finished-at="2018-08-29T21:47:45Z">
          <params>
            <param index="0">
              <value>
                <![CDATA[org.testng.TestRunner@185592c2]]>
              </value>
            </param>
            <param index="1">
              <value>
                <![CDATA[[TestResult name=QA133_Edit_And_Undo_on_Today_administered_Orders_on_eMAR status=SUCCESS method=EmarTestCases.QA133_Edit_And_Undo_on_Today_administered_Orders_on_eMAR(org.testng.ITestContext)[pri:0, instance:aut.tests.functionaltests.EmarTestCases@26275bef] output={null}]]]>
              </value>
            </param>
            <param index="2">
              <value>
                <![CDATA[public void aut.tests.functionaltests.EmarTestCases.QA133_Edit_And_Undo_on_Today_administered_Orders_on_eMAR(org.testng.ITestContext) throws java.lang.Throwable]]>
              </value>
            </param>
          </params>
          <reporter-output>
          </reporter-output>
        </test-method> <!-- afterMethod -->
        <test-method status="PASS" signature="beforeMethod(org.testng.ITestContext, java.lang.reflect.Method)[pri:0, instance:aut.tests.functionaltests.EmarTestCases@26275bef]" name="beforeMethod" is-config="true" duration-ms="39680" started-at="2018-08-29T21:47:45Z" finished-at="2018-08-29T21:48:24Z">
          <params>
            <param index="0">
              <value>
                <![CDATA[org.testng.TestRunner@185592c2]]>
              </value>
            </param>
            <param index="1">
              <value>
                <![CDATA[public void aut.tests.functionaltests.EmarTestCases.QA134_InteractionsButton_ResidentDashoard_EMAR(org.testng.ITestContext) throws java.lang.Throwable]]>
              </value>
            </param>
          </params>
          <reporter-output>
          </reporter-output>
        </test-method> <!-- beforeMethod -->
        <test-method status="PASS" signature="QA134_InteractionsButton_ResidentDashoard_EMAR(org.testng.ITestContext)[pri:0, instance:aut.tests.functionaltests.EmarTestCases@26275bef]" name="QA134_InteractionsButton_ResidentDashoard_EMAR" duration-ms="238868" started-at="2018-08-29T21:48:24Z" finished-at="2018-08-29T21:52:23Z">
          <params>
            <param index="0">
              <value>
                <![CDATA[org.testng.TestRunner@185592c2]]>
              </value>
            </param>
          </params>
          <reporter-output>
          </reporter-output>
        </test-method> <!-- QA134_InteractionsButton_ResidentDashoard_EMAR -->
        <test-method status="PASS" signature="afterMethod(org.testng.ITestContext, org.testng.ITestResult, java.lang.reflect.Method)[pri:0, instance:aut.tests.functionaltests.EmarTestCases@26275bef]" name="afterMethod" is-config="true" duration-ms="5571" started-at="2018-08-29T21:52:23Z" finished-at="2018-08-29T21:52:29Z">
          <params>
            <param index="0">
              <value>
                <![CDATA[org.testng.TestRunner@185592c2]]>
              </value>
            </param>
            <param index="1">
              <value>
                <![CDATA[[TestResult name=QA134_InteractionsButton_ResidentDashoard_EMAR status=SUCCESS method=EmarTestCases.QA134_InteractionsButton_ResidentDashoard_EMAR(org.testng.ITestContext)[pri:0, instance:aut.tests.functionaltests.EmarTestCases@26275bef] output={null}]]]>
              </value>
            </param>
            <param index="2">
              <value>
                <![CDATA[public void aut.tests.functionaltests.EmarTestCases.QA134_InteractionsButton_ResidentDashoard_EMAR(org.testng.ITestContext) throws java.lang.Throwable]]>
              </value>
            </param>
          </params>
          <reporter-output>
          </reporter-output>
        </test-method> <!-- afterMethod -->
        <test-method status="PASS" signature="beforeMethod(org.testng.ITestContext, java.lang.reflect.Method)[pri:0, instance:aut.tests.functionaltests.EmarTestCases@26275bef]" name="beforeMethod" is-config="true" duration-ms="39973" started-at="2018-08-29T21:52:29Z" finished-at="2018-08-29T21:53:09Z">
          <params>
            <param index="0">
              <value>
                <![CDATA[org.testng.TestRunner@185592c2]]>
              </value>
            </param>
            <param index="1">
              <value>
                <![CDATA[public void aut.tests.functionaltests.EmarTestCases.QA135_LostOrDisposedMedication_ResidentDashoard_EMAR(org.testng.ITestContext) throws java.lang.Throwable]]>
              </value>
            </param>
          </params>
          <reporter-output>
          </reporter-output>
        </test-method> <!-- beforeMethod -->
        <test-method status="PASS" signature="QA135_LostOrDisposedMedication_ResidentDashoard_EMAR(org.testng.ITestContext)[pri:0, instance:aut.tests.functionaltests.EmarTestCases@26275bef]" name="QA135_LostOrDisposedMedication_ResidentDashoard_EMAR" duration-ms="235680" started-at="2018-08-29T21:53:09Z" finished-at="2018-08-29T21:57:04Z">
          <params>
            <param index="0">
              <value>
                <![CDATA[org.testng.TestRunner@185592c2]]>
              </value>
            </param>
          </params>
          <reporter-output>
          </reporter-output>
        </test-method> <!-- QA135_LostOrDisposedMedication_ResidentDashoard_EMAR -->
        <test-method status="PASS" signature="afterMethod(org.testng.ITestContext, org.testng.ITestResult, java.lang.reflect.Method)[pri:0, instance:aut.tests.functionaltests.EmarTestCases@26275bef]" name="afterMethod" is-config="true" duration-ms="5580" started-at="2018-08-29T21:57:04Z" finished-at="2018-08-29T21:57:10Z">
          <params>
            <param index="0">
              <value>
                <![CDATA[org.testng.TestRunner@185592c2]]>
              </value>
            </param>
            <param index="1">
              <value>
                <![CDATA[[TestResult name=QA135_LostOrDisposedMedication_ResidentDashoard_EMAR status=SUCCESS method=EmarTestCases.QA135_LostOrDisposedMedication_ResidentDashoard_EMAR(org.testng.ITestContext)[pri:0, instance:aut.tests.functionaltests.EmarTestCases@26275bef] output={null}]]]>
              </value>
            </param>
            <param index="2">
              <value>
                <![CDATA[public void aut.tests.functionaltests.EmarTestCases.QA135_LostOrDisposedMedication_ResidentDashoard_EMAR(org.testng.ITestContext) throws java.lang.Throwable]]>
              </value>
            </param>
          </params>
          <reporter-output>
          </reporter-output>
        </test-method> <!-- afterMethod -->
        <test-method status="PASS" signature="beforeMethod(org.testng.ITestContext, java.lang.reflect.Method)[pri:0, instance:aut.tests.functionaltests.EmarTestCases@26275bef]" name="beforeMethod" is-config="true" duration-ms="39326" started-at="2018-08-29T21:57:10Z" finished-at="2018-08-29T21:57:49Z">
          <params>
            <param index="0">
              <value>
                <![CDATA[org.testng.TestRunner@185592c2]]>
              </value>
            </param>
            <param index="1">
              <value>
                <![CDATA[public void aut.tests.functionaltests.EmarTestCases.QA136_PastAdministrationRoutine_ResidentDashoard_EMAR(org.testng.ITestContext) throws java.lang.Throwable]]>
              </value>
            </param>
          </params>
          <reporter-output>
          </reporter-output>
        </test-method> <!-- beforeMethod -->
        <test-method status="PASS" signature="QA136_PastAdministrationRoutine_ResidentDashoard_EMAR(org.testng.ITestContext)[pri:0, instance:aut.tests.functionaltests.EmarTestCases@26275bef]" name="QA136_PastAdministrationRoutine_ResidentDashoard_EMAR" duration-ms="294209" started-at="2018-08-29T21:57:49Z" finished-at="2018-08-29T22:02:44Z">
          <params>
            <param index="0">
              <value>
                <![CDATA[org.testng.TestRunner@185592c2]]>
              </value>
            </param>
          </params>
          <reporter-output>
          </reporter-output>
        </test-method> <!-- QA136_PastAdministrationRoutine_ResidentDashoard_EMAR -->
        <test-method status="PASS" signature="afterMethod(org.testng.ITestContext, org.testng.ITestResult, java.lang.reflect.Method)[pri:0, instance:aut.tests.functionaltests.EmarTestCases@26275bef]" name="afterMethod" is-config="true" duration-ms="5573" started-at="2018-08-29T22:02:44Z" finished-at="2018-08-29T22:02:49Z">
          <params>
            <param index="0">
              <value>
                <![CDATA[org.testng.TestRunner@185592c2]]>
              </value>
            </param>
            <param index="1">
              <value>
                <![CDATA[[TestResult name=QA136_PastAdministrationRoutine_ResidentDashoard_EMAR status=SUCCESS method=EmarTestCases.QA136_PastAdministrationRoutine_ResidentDashoard_EMAR(org.testng.ITestContext)[pri:0, instance:aut.tests.functionaltests.EmarTestCases@26275bef] output={null}]]]>
              </value>
            </param>
            <param index="2">
              <value>
                <![CDATA[public void aut.tests.functionaltests.EmarTestCases.QA136_PastAdministrationRoutine_ResidentDashoard_EMAR(org.testng.ITestContext) throws java.lang.Throwable]]>
              </value>
            </param>
          </params>
          <reporter-output>
          </reporter-output>
        </test-method> <!-- afterMethod -->
        <test-method status="PASS" signature="beforeMethod(org.testng.ITestContext, java.lang.reflect.Method)[pri:0, instance:aut.tests.functionaltests.EmarTestCases@26275bef]" name="beforeMethod" is-config="true" duration-ms="39359" started-at="2018-08-29T22:02:49Z" finished-at="2018-08-29T22:03:28Z">
          <params>
            <param index="0">
              <value>
                <![CDATA[org.testng.TestRunner@185592c2]]>
              </value>
            </param>
            <param index="1">
              <value>
                <![CDATA[public void aut.tests.functionaltests.EmarTestCases.QA137_PastAdministrationPRN_ResidentDashoard_EMAR(org.testng.ITestContext) throws java.lang.Throwable]]>
              </value>
            </param>
          </params>
          <reporter-output>
          </reporter-output>
        </test-method> <!-- beforeMethod -->
        <test-method status="PASS" signature="QA137_PastAdministrationPRN_ResidentDashoard_EMAR(org.testng.ITestContext)[pri:0, instance:aut.tests.functionaltests.EmarTestCases@26275bef]" name="QA137_PastAdministrationPRN_ResidentDashoard_EMAR" duration-ms="257585" started-at="2018-08-29T22:03:28Z" finished-at="2018-08-29T22:07:46Z">
          <params>
            <param index="0">
              <value>
                <![CDATA[org.testng.TestRunner@185592c2]]>
              </value>
            </param>
          </params>
          <reporter-output>
          </reporter-output>
        </test-method> <!-- QA137_PastAdministrationPRN_ResidentDashoard_EMAR -->
        <test-method status="PASS" signature="afterMethod(org.testng.ITestContext, org.testng.ITestResult, java.lang.reflect.Method)[pri:0, instance:aut.tests.functionaltests.EmarTestCases@26275bef]" name="afterMethod" is-config="true" duration-ms="5571" started-at="2018-08-29T22:07:46Z" finished-at="2018-08-29T22:07:52Z">
          <params>
            <param index="0">
              <value>
                <![CDATA[org.testng.TestRunner@185592c2]]>
              </value>
            </param>
            <param index="1">
              <value>
                <![CDATA[[TestResult name=QA137_PastAdministrationPRN_ResidentDashoard_EMAR status=SUCCESS method=EmarTestCases.QA137_PastAdministrationPRN_ResidentDashoard_EMAR(org.testng.ITestContext)[pri:0, instance:aut.tests.functionaltests.EmarTestCases@26275bef] output={null}]]]>
              </value>
            </param>
            <param index="2">
              <value>
                <![CDATA[public void aut.tests.functionaltests.EmarTestCases.QA137_PastAdministrationPRN_ResidentDashoard_EMAR(org.testng.ITestContext) throws java.lang.Throwable]]>
              </value>
            </param>
          </params>
          <reporter-output>
          </reporter-output>
        </test-method> <!-- afterMethod -->
        <test-method status="PASS" signature="beforeMethod(org.testng.ITestContext, java.lang.reflect.Method)[pri:0, instance:aut.tests.functionaltests.EmarTestCases@26275bef]" name="beforeMethod" is-config="true" duration-ms="39000" started-at="2018-08-29T22:07:52Z" finished-at="2018-08-29T22:08:31Z">
          <params>
            <param index="0">
              <value>
                <![CDATA[org.testng.TestRunner@185592c2]]>
              </value>
            </param>
            <param index="1">
              <value>
                <![CDATA[public void aut.tests.functionaltests.EmarTestCases.QA138_PastAdministrationFollowUps_ResidentDashoard_EMAR(org.testng.ITestContext) throws java.lang.Throwable]]>
              </value>
            </param>
          </params>
          <reporter-output>
          </reporter-output>
        </test-method> <!-- beforeMethod -->
        <test-method status="FAIL" signature="QA138_PastAdministrationFollowUps_ResidentDashoard_EMAR(org.testng.ITestContext)[pri:0, instance:aut.tests.functionaltests.EmarTestCases@26275bef]" name="QA138_PastAdministrationFollowUps_ResidentDashoard_EMAR" duration-ms="357178" started-at="2018-08-29T22:08:31Z" finished-at="2018-08-29T22:14:28Z">
          <params>
            <param index="0">
              <value>
                <![CDATA[org.testng.TestRunner@185592c2]]>
              </value>
            </param>
          </params>
          <exception class="java.lang.NullPointerException">
            <full-stacktrace>
              <![CDATA[java.lang.NullPointerException
	at aut.bluestrata.pages.EmarPage.DescriptionSelectionFromRoutine(EmarPage.java:1293)
	at aut.bluestrata.pages.EmarPage.AdministrationButtonRoutineTabValidation(EmarPage.java:923)
	at aut.tests.functionaltests.EmarTestCases.QA138_PastAdministrationFollowUps_ResidentDashoard_EMAR(EmarTestCases.java:639)
	at sun.reflect.NativeMethodAccessorImpl.invoke0(Native Method)
	at sun.reflect.NativeMethodAccessorImpl.invoke(NativeMethodAccessorImpl.java:62)
	at sun.reflect.DelegatingMethodAccessorImpl.invoke(DelegatingMethodAccessorImpl.java:43)
	at java.lang.reflect.Method.invoke(Method.java:498)
	at org.testng.internal.MethodInvocationHelper.invokeMethod(MethodInvocationHelper.java:108)
	at org.testng.internal.Invoker.invokeMethod(Invoker.java:661)
	at org.testng.internal.Invoker.invokeTestMethod(Invoker.java:869)
	at org.testng.internal.Invoker.invokeTestMethods(Invoker.java:1193)
	at org.testng.internal.TestMethodWorker.invokeTestMethods(TestMethodWorker.java:126)
	at org.testng.internal.TestMethodWorker.run(TestMethodWorker.java:109)
	at org.testng.TestRunner.privateRun(TestRunner.java:744)
	at org.testng.TestRunner.run(TestRunner.java:602)
	at org.testng.SuiteRunner.runTest(SuiteRunner.java:380)
	at org.testng.SuiteRunner.access$000(SuiteRunner.java:39)
	at org.testng.SuiteRunner$SuiteWorker.run(SuiteRunner.java:414)
	at org.testng.internal.thread.ThreadUtil$1.call(ThreadUtil.java:52)
	at java.util.concurrent.FutureTask.run(FutureTask.java:266)
	at java.util.concurrent.ThreadPoolExecutor.runWorker(ThreadPoolExecutor.java:1142)
	at java.util.concurrent.ThreadPoolExecutor$Worker.run(ThreadPoolExecutor.java:617)
	at java.lang.Thread.run(Thread.java:745)
]]>
            </full-stacktrace>
          </exception> <!-- java.lang.NullPointerException -->
          <reporter-output>
          </reporter-output>
        </test-method> <!-- QA138_PastAdministrationFollowUps_ResidentDashoard_EMAR -->
        <test-method status="PASS" signature="afterMethod(org.testng.ITestContext, org.testng.ITestResult, java.lang.reflect.Method)[pri:0, instance:aut.tests.functionaltests.EmarTestCases@26275bef]" name="afterMethod" is-config="true" duration-ms="5773" started-at="2018-08-29T22:14:28Z" finished-at="2018-08-29T22:14:34Z">
          <params>
            <param index="0">
              <value>
                <![CDATA[org.testng.TestRunner@185592c2]]>
              </value>
            </param>
            <param index="1">
              <value>
                <![CDATA[[TestResult name=QA138_PastAdministrationFollowUps_ResidentDashoard_EMAR status=FAILURE method=EmarTestCases.QA138_PastAdministrationFollowUps_ResidentDashoard_EMAR(org.testng.ITestContext)[pri:0, instance:aut.tests.functionaltests.EmarTestCases@26275bef] output={null}]]]>
              </value>
            </param>
            <param index="2">
              <value>
                <![CDATA[public void aut.tests.functionaltests.EmarTestCases.QA138_PastAdministrationFollowUps_ResidentDashoard_EMAR(org.testng.ITestContext) throws java.lang.Throwable]]>
              </value>
            </param>
          </params>
          <reporter-output>
          </reporter-output>
        </test-method> <!-- afterMethod -->
        <test-method status="PASS" signature="beforeMethod(org.testng.ITestContext, java.lang.reflect.Method)[pri:0, instance:aut.tests.functionaltests.EmarTestCases@26275bef]" name="beforeMethod" is-config="true" duration-ms="39351" started-at="2018-08-29T22:14:34Z" finished-at="2018-08-29T22:15:13Z">
          <params>
            <param index="0">
              <value>
                <![CDATA[org.testng.TestRunner@185592c2]]>
              </value>
            </param>
            <param index="1">
              <value>
                <![CDATA[public void aut.tests.functionaltests.EmarTestCases.QA139_MissedAdministrationOn_ResidentDashboard_EMAR(org.testng.ITestContext) throws java.lang.Throwable]]>
              </value>
            </param>
          </params>
          <reporter-output>
          </reporter-output>
        </test-method> <!-- beforeMethod -->
        <test-method status="FAIL" signature="QA139_MissedAdministrationOn_ResidentDashboard_EMAR(org.testng.ITestContext)[pri:0, instance:aut.tests.functionaltests.EmarTestCases@26275bef]" name="QA139_MissedAdministrationOn_ResidentDashboard_EMAR" duration-ms="559397" started-at="2018-08-29T22:15:13Z" finished-at="2018-08-29T22:24:32Z">
          <params>
            <param index="0">
              <value>
                <![CDATA[org.testng.TestRunner@185592c2]]>
              </value>
            </param>
          </params>
          <exception class="java.lang.NullPointerException">
            <full-stacktrace>
              <![CDATA[java.lang.NullPointerException
	at aut.bluestrata.pages.EmarPage.DescriptionSelectionFromRoutine(EmarPage.java:1293)
	at aut.bluestrata.pages.EmarPage.AdministrationButtonRoutineTabValidation(EmarPage.java:923)
	at aut.tests.functionaltests.EmarTestCases.QA139_MissedAdministrationOn_ResidentDashboard_EMAR(EmarTestCases.java:672)
	at sun.reflect.NativeMethodAccessorImpl.invoke0(Native Method)
	at sun.reflect.NativeMethodAccessorImpl.invoke(NativeMethodAccessorImpl.java:62)
	at sun.reflect.DelegatingMethodAccessorImpl.invoke(DelegatingMethodAccessorImpl.java:43)
	at java.lang.reflect.Method.invoke(Method.java:498)
	at org.testng.internal.MethodInvocationHelper.invokeMethod(MethodInvocationHelper.java:108)
	at org.testng.internal.Invoker.invokeMethod(Invoker.java:661)
	at org.testng.internal.Invoker.invokeTestMethod(Invoker.java:869)
	at org.testng.internal.Invoker.invokeTestMethods(Invoker.java:1193)
	at org.testng.internal.TestMethodWorker.invokeTestMethods(TestMethodWorker.java:126)
	at org.testng.internal.TestMethodWorker.run(TestMethodWorker.java:109)
	at org.testng.TestRunner.privateRun(TestRunner.java:744)
	at org.testng.TestRunner.run(TestRunner.java:602)
	at org.testng.SuiteRunner.runTest(SuiteRunner.java:380)
	at org.testng.SuiteRunner.access$000(SuiteRunner.java:39)
	at org.testng.SuiteRunner$SuiteWorker.run(SuiteRunner.java:414)
	at org.testng.internal.thread.ThreadUtil$1.call(ThreadUtil.java:52)
	at java.util.concurrent.FutureTask.run(FutureTask.java:266)
	at java.util.concurrent.ThreadPoolExecutor.runWorker(ThreadPoolExecutor.java:1142)
	at java.util.concurrent.ThreadPoolExecutor$Worker.run(ThreadPoolExecutor.java:617)
	at java.lang.Thread.run(Thread.java:745)
]]>
            </full-stacktrace>
          </exception> <!-- java.lang.NullPointerException -->
          <reporter-output>
          </reporter-output>
        </test-method> <!-- QA139_MissedAdministrationOn_ResidentDashboard_EMAR -->
        <test-method status="PASS" signature="afterMethod(org.testng.ITestContext, org.testng.ITestResult, java.lang.reflect.Method)[pri:0, instance:aut.tests.functionaltests.EmarTestCases@26275bef]" name="afterMethod" is-config="true" duration-ms="5747" started-at="2018-08-29T22:24:32Z" finished-at="2018-08-29T22:24:38Z">
          <params>
            <param index="0">
              <value>
                <![CDATA[org.testng.TestRunner@185592c2]]>
              </value>
            </param>
            <param index="1">
              <value>
                <![CDATA[[TestResult name=QA139_MissedAdministrationOn_ResidentDashboard_EMAR status=FAILURE method=EmarTestCases.QA139_MissedAdministrationOn_ResidentDashboard_EMAR(org.testng.ITestContext)[pri:0, instance:aut.tests.functionaltests.EmarTestCases@26275bef] output={null}]]]>
              </value>
            </param>
            <param index="2">
              <value>
                <![CDATA[public void aut.tests.functionaltests.EmarTestCases.QA139_MissedAdministrationOn_ResidentDashboard_EMAR(org.testng.ITestContext) throws java.lang.Throwable]]>
              </value>
            </param>
          </params>
          <reporter-output>
          </reporter-output>
        </test-method> <!-- afterMethod -->
        <test-method status="PASS" signature="beforeMethod(org.testng.ITestContext, java.lang.reflect.Method)[pri:0, instance:aut.tests.functionaltests.EmarTestCases@26275bef]" name="beforeMethod" is-config="true" duration-ms="40138" started-at="2018-08-29T22:24:38Z" finished-at="2018-08-29T22:25:18Z">
          <params>
            <param index="0">
              <value>
                <![CDATA[org.testng.TestRunner@185592c2]]>
              </value>
            </param>
            <param index="1">
              <value>
                <![CDATA[public void aut.tests.functionaltests.EmarTestCases.QA140_MissedAdministration_RoutionOrders_ResidentDashboard_EMAR(org.testng.ITestContext) throws java.lang.Throwable]]>
              </value>
            </param>
          </params>
          <reporter-output>
          </reporter-output>
        </test-method> <!-- beforeMethod -->
        <test-method status="PASS" signature="QA140_MissedAdministration_RoutionOrders_ResidentDashboard_EMAR(org.testng.ITestContext)[pri:0, instance:aut.tests.functionaltests.EmarTestCases@26275bef]" name="QA140_MissedAdministration_RoutionOrders_ResidentDashboard_EMAR" duration-ms="252809" started-at="2018-08-29T22:25:18Z" finished-at="2018-08-29T22:29:31Z">
          <params>
            <param index="0">
              <value>
                <![CDATA[org.testng.TestRunner@185592c2]]>
              </value>
            </param>
          </params>
          <reporter-output>
          </reporter-output>
        </test-method> <!-- QA140_MissedAdministration_RoutionOrders_ResidentDashboard_EMAR -->
        <test-method status="PASS" signature="afterMethod(org.testng.ITestContext, org.testng.ITestResult, java.lang.reflect.Method)[pri:0, instance:aut.tests.functionaltests.EmarTestCases@26275bef]" name="afterMethod" is-config="true" duration-ms="5573" started-at="2018-08-29T22:29:31Z" finished-at="2018-08-29T22:29:37Z">
          <params>
            <param index="0">
              <value>
                <![CDATA[org.testng.TestRunner@185592c2]]>
              </value>
            </param>
            <param index="1">
              <value>
                <![CDATA[[TestResult name=QA140_MissedAdministration_RoutionOrders_ResidentDashboard_EMAR status=SUCCESS method=EmarTestCases.QA140_MissedAdministration_RoutionOrders_ResidentDashboard_EMAR(org.testng.ITestContext)[pri:0, instance:aut.tests.functionaltests.EmarTestCases@26275bef] output={null}]]]>
              </value>
            </param>
            <param index="2">
              <value>
                <![CDATA[public void aut.tests.functionaltests.EmarTestCases.QA140_MissedAdministration_RoutionOrders_ResidentDashboard_EMAR(org.testng.ITestContext) throws java.lang.Throwable]]>
              </value>
            </param>
          </params>
          <reporter-output>
          </reporter-output>
        </test-method> <!-- afterMethod -->
        <test-method status="PASS" signature="beforeMethod(org.testng.ITestContext, java.lang.reflect.Method)[pri:0, instance:aut.tests.functionaltests.EmarTestCases@26275bef]" name="beforeMethod" is-config="true" duration-ms="39745" started-at="2018-08-29T22:29:37Z" finished-at="2018-08-29T22:30:16Z">
          <params>
            <param index="0">
              <value>
                <![CDATA[org.testng.TestRunner@185592c2]]>
              </value>
            </param>
            <param index="1">
              <value>
[...]
              </value>
            </param>
            <param index="2">
              <value>
                <![CDATA[public void aut.tests.functionaltests.EmarTestCases.QA143_MissedAdministration_PRNOrders_PreAdministrationAction_EMAR(org.testng.ITestContext) throws java.lang.Throwable]]>
              </value>
            </param>
          </params>
          <reporter-output>
          </reporter-output>
        </test-method> <!-- afterMethod -->
        <test-method status="PASS" signature="beforeMethod(org.testng.ITestContext, java.lang.reflect.Method)[pri:0, instance:aut.tests.functionaltests.EmarTestCases@26275bef]" name="beforeMethod" is-config="true" duration-ms="39612" started-at="2018-08-29T22:44:18Z" finished-at="2018-08-29T22:44:57Z">
          <params>
            <param index="0">
              <value>
                <![CDATA[org.testng.TestRunner@185592c2]]>
              </value>
            </param>
            <param index="1">
              <value>
                <![CDATA[public void aut.tests.functionaltests.EmarTestCases.QA144_MissedAdministration_PRNOrders_PostAdministrationAction_EMAR(org.testng.ITestContext) throws java.lang.Throwable]]>
              </value>
            </param>
          </params>
          <reporter-output>
          </reporter-output>
        </test-method> <!-- beforeMethod -->
        <test-method status="PASS" signature="QA144_MissedAdministration_PRNOrders_PostAdministrationAction_EMAR(org.testng.ITestContext)[pri:0, instance:aut.tests.functionaltests.EmarTestCases@26275bef]" name="QA144_MissedAdministration_PRNOrders_PostAdministrationAction_EMAR" duration-ms="259747" started-at="2018-08-29T22:44:57Z" finished-at="2018-08-29T22:49:17Z">
          <params>
            <param index="0">
              <value>
                <![CDATA[org.testng.TestRunner@185592c2]]>
              </value>
            </param>
          </params>
          <reporter-output>
          </reporter-output>
        </test-method> <!-- QA144_MissedAdministration_PRNOrders_PostAdministrationAction_EMAR -->
        <test-method status="PASS" signature="afterMethod(org.testng.ITestContext, org.testng.ITestResult, java.lang.reflect.Method)[pri:0, instance:aut.tests.functionaltests.EmarTestCases@26275bef]" name="afterMethod" is-config="true" duration-ms="5576" started-at="2018-08-29T22:49:17Z" finished-at="2018-08-29T22:49:23Z">
          <params>
            <param index="0">
              <value>
                <![CDATA[org.testng.TestRunner@185592c2]]>
              </value>
            </param>
            <param index="1">
              <value>
                <![CDATA[[TestResult name=QA144_MissedAdministration_PRNOrders_PostAdministrationAction_EMAR status=SUCCESS method=EmarTestCases.QA144_MissedAdministration_PRNOrders_PostAdministrationAction_EMAR(org.testng.ITestContext)[pri:0, instance:aut.tests.functionaltests.EmarTestCases@26275bef] output={null}]]]>
              </value>
            </param>
            <param index="2">
              <value>
                <![CDATA[public void aut.tests.functionaltests.EmarTestCases.QA144_MissedAdministration_PRNOrders_PostAdministrationAction_EMAR(org.testng.ITestContext) throws java.lang.Throwable]]>
              </value>
            </param>
          </params>
          <reporter-output>
          </reporter-output>
        </test-method> <!-- afterMethod -->
        <test-method status="PASS" signature="beforeMethod(org.testng.ITestContext, java.lang.reflect.Method)[pri:0, instance:aut.tests.functionaltests.EmarTestCases@26275bef]" name="beforeMethod" is-config="true" duration-ms="39278" started-at="2018-08-29T22:49:23Z" finished-at="2018-08-29T22:50:02Z">
          <params>
            <param index="0">
              <value>
                <![CDATA[org.testng.TestRunner@185592c2]]>
              </value>
            </param>
            <param index="1">
              <value>
                <![CDATA[public void aut.tests.functionaltests.EmarTestCases.QA145_MissedAdministration_AdministeringFollowupsOrders_EMAR(org.testng.ITestContext) throws java.lang.Throwable]]>
              </value>
            </param>
          </params>
          <reporter-output>
          </reporter-output>
        </test-method> <!-- beforeMethod -->
        <test-method status="FAIL" signature="QA145_MissedAdministration_AdministeringFollowupsOrders_EMAR(org.testng.ITestContext)[pri:0, instance:aut.tests.functionaltests.EmarTestCases@26275bef]" name="QA145_MissedAdministration_AdministeringFollowupsOrders_EMAR" duration-ms="398595" started-at="2018-08-29T22:50:02Z" finished-at="2018-08-29T22:56:41Z">
          <params>
            <param index="0">
              <value>
                <![CDATA[org.testng.TestRunner@185592c2]]>
              </value>
            </param>
          </params>
          <exception class="java.lang.NullPointerException">
            <full-stacktrace>
              <![CDATA[java.lang.NullPointerException
	at aut.bluestrata.pages.EmarPage.DescriptionSelectionFromRoutine(EmarPage.java:1293)
	at aut.bluestrata.pages.EmarPage.AdministrationButtonRoutineTabValidation(EmarPage.java:923)
	at aut.tests.functionaltests.EmarTestCases.QA145_MissedAdministration_AdministeringFollowupsOrders_EMAR(EmarTestCases.java:840)
	at sun.reflect.NativeMethodAccessorImpl.invoke0(Native Method)
	at sun.reflect.NativeMethodAccessorImpl.invoke(NativeMethodAccessorImpl.java:62)
	at sun.reflect.DelegatingMethodAccessorImpl.invoke(DelegatingMethodAccessorImpl.java:43)
	at java.lang.reflect.Method.invoke(Method.java:498)
	at org.testng.internal.MethodInvocationHelper.invokeMethod(MethodInvocationHelper.java:108)
	at org.testng.internal.Invoker.invokeMethod(Invoker.java:661)
	at org.testng.internal.Invoker.invokeTestMethod(Invoker.java:869)
	at org.testng.internal.Invoker.invokeTestMethods(Invoker.java:1193)
	at org.testng.internal.TestMethodWorker.invokeTestMethods(TestMethodWorker.java:126)
	at org.testng.internal.TestMethodWorker.run(TestMethodWorker.java:109)
	at org.testng.TestRunner.privateRun(TestRunner.java:744)
	at org.testng.TestRunner.run(TestRunner.java:602)
	at org.testng.SuiteRunner.runTest(SuiteRunner.java:380)
	at org.testng.SuiteRunner.access$000(SuiteRunner.java:39)
	at org.testng.SuiteRunner$SuiteWorker.run(SuiteRunner.java:414)
	at org.testng.internal.thread.ThreadUtil$1.call(ThreadUtil.java:52)
	at java.util.concurrent.FutureTask.run(FutureTask.java:266)
	at java.util.concurrent.ThreadPoolExecutor.runWorker(ThreadPoolExecutor.java:1142)
	at java.util.concurrent.ThreadPoolExecutor$Worker.run(ThreadPoolExecutor.java:617)
	at java.lang.Thread.run(Thread.java:745)
]]>
            </full-stacktrace>
          </exception> <!-- java.lang.NullPointerException -->
          <reporter-output>
          </reporter-output>
        </test-method> <!-- QA145_MissedAdministration_AdministeringFollowupsOrders_EMAR -->
        <test-method status="PASS" signature="afterMethod(org.testng.ITestContext, org.testng.ITestResult, java.lang.reflect.Method)[pri:0, instance:aut.tests.functionaltests.EmarTestCases@26275bef]" name="afterMethod" is-config="true" duration-ms="5747" started-at="2018-08-29T22:56:41Z" finished-at="2018-08-29T22:56:46Z">
          <params>
            <param index="0">
              <value>
                <![CDATA[org.testng.TestRunner@185592c2]]>
              </value>
            </param>
            <param index="1">
              <value>
                <![CDATA[[TestResult name=QA145_MissedAdministration_AdministeringFollowupsOrders_EMAR status=FAILURE method=EmarTestCases.QA145_MissedAdministration_AdministeringFollowupsOrders_EMAR(org.testng.ITestContext)[pri:0, instance:aut.tests.functionaltests.EmarTestCases@26275bef] output={null}]]]>
              </value>
            </param>
            <param index="2">
              <value>
                <![CDATA[public void aut.tests.functionaltests.EmarTestCases.QA145_MissedAdministration_AdministeringFollowupsOrders_EMAR(org.testng.ITestContext) throws java.lang.Throwable]]>
              </value>
            </param>
          </params>
          <reporter-output>
          </reporter-output>
        </test-method> <!-- afterMethod -->
        <test-method status="PASS" signature="beforeMethod(org.testng.ITestContext, java.lang.reflect.Method)[pri:0, instance:aut.tests.functionaltests.EmarTestCases@26275bef]" name="beforeMethod" is-config="true" duration-ms="38961" started-at="2018-08-29T22:56:46Z" finished-at="2018-08-29T22:57:25Z">
          <params>
            <param index="0">
              <value>
                <![CDATA[org.testng.TestRunner@185592c2]]>
              </value>
            </param>
            <param index="1">
              <value>
                <![CDATA[public void aut.tests.functionaltests.EmarTestCases.QA147_VitalSigns_ResidentDashboard_eMAR(org.testng.ITestContext) throws java.lang.Throwable]]>
              </value>
            </param>
          </params>
          <reporter-output>
          </reporter-output>
        </test-method> <!-- beforeMethod -->
        <test-method status="FAIL" signature="QA147_VitalSigns_ResidentDashboard_eMAR(org.testng.ITestContext)[pri:0, instance:aut.tests.functionaltests.EmarTestCases@26275bef]" name="QA147_VitalSigns_ResidentDashboard_eMAR" duration-ms="197595" started-at="2018-08-29T22:57:25Z" finished-at="2018-08-29T23:00:43Z">
          <params>
            <param index="0">
              <value>
                <![CDATA[org.testng.TestRunner@185592c2]]>
              </value>
            </param>
          </params>
          <exception class="java.lang.NullPointerException">
            <full-stacktrace>
              <![CDATA[java.lang.NullPointerException
	at aut.bluestrata.pages.EmarPage.BooleanTasks(EmarPage.java:997)
	at aut.bluestrata.pages.EmarPage.UpdateNewVitalSign(EmarPage.java:2294)
	at aut.tests.functionaltests.EmarTestCases.QA147_VitalSigns_ResidentDashboard_eMAR(EmarTestCases.java:880)
	at sun.reflect.NativeMethodAccessorImpl.invoke0(Native Method)
	at sun.reflect.NativeMethodAccessorImpl.invoke(NativeMethodAccessorImpl.java:62)
	at sun.reflect.DelegatingMethodAccessorImpl.invoke(DelegatingMethodAccessorImpl.java:43)
	at java.lang.reflect.Method.invoke(Method.java:498)
	at org.testng.internal.MethodInvocationHelper.invokeMethod(MethodInvocationHelper.java:108)
	at org.testng.internal.Invoker.invokeMethod(Invoker.java:661)
	at org.testng.internal.Invoker.invokeTestMethod(Invoker.java:869)
	at org.testng.internal.Invoker.invokeTestMethods(Invoker.java:1193)
	at org.testng.internal.TestMethodWorker.invokeTestMethods(TestMethodWorker.java:126)
	at org.testng.internal.TestMethodWorker.run(TestMethodWorker.java:109)
	at org.testng.TestRunner.privateRun(TestRunner.java:744)
	at org.testng.TestRunner.run(TestRunner.java:602)
	at org.testng.SuiteRunner.runTest(SuiteRunner.java:380)
	at org.testng.SuiteRunner.access$000(SuiteRunner.java:39)
	at org.testng.SuiteRunner$SuiteWorker.run(SuiteRunner.java:414)
	at org.testng.internal.thread.ThreadUtil$1.call(ThreadUtil.java:52)
	at java.util.concurrent.FutureTask.run(FutureTask.java:266)
	at java.util.concurrent.ThreadPoolExecutor.runWorker(ThreadPoolExecutor.java:1142)
	at java.util.concurrent.ThreadPoolExecutor$Worker.run(ThreadPoolExecutor.java:617)
	at java.lang.Thread.run(Thread.java:745)
]]>
            </full-stacktrace>
          </exception> <!-- java.lang.NullPointerException -->
          <reporter-output>
          </reporter-output>
        </test-method> <!-- QA147_VitalSigns_ResidentDashboard_eMAR -->
        <test-method status="PASS" signature="afterMethod(org.testng.ITestContext, org.testng.ITestResult, java.lang.reflect.Method)[pri:0, instance:aut.tests.functionaltests.EmarTestCases@26275bef]" name="afterMethod" is-config="true" duration-ms="5716" started-at="2018-08-29T23:00:43Z" finished-at="2018-08-29T23:00:49Z">
          <params>
            <param index="0">
              <value>
                <![CDATA[org.testng.TestRunner@185592c2]]>
              </value>
            </param>
            <param index="1">
              <value>
                <![CDATA[[TestResult name=QA147_VitalSigns_ResidentDashboard_eMAR status=FAILURE method=EmarTestCases.QA147_VitalSigns_ResidentDashboard_eMAR(org.testng.ITestContext)[pri:0, instance:aut.tests.functionaltests.EmarTestCases@26275bef] output={null}]]]>
              </value>
            </param>
            <param index="2">
              <value>
                <![CDATA[public void aut.tests.functionaltests.EmarTestCases.QA147_VitalSigns_ResidentDashboard_eMAR(org.testng.ITestContext) throws java.lang.Throwable]]>
              </value>
            </param>
          </params>
          <reporter-output>
          </reporter-output>
        </test-method> <!-- afterMethod -->
        <test-method status="PASS" signature="beforeMethod(org.testng.ITestContext, java.lang.reflect.Method)[pri:0, instance:aut.tests.functionaltests.EmarTestCases@26275bef]" name="beforeMethod" is-config="true" duration-ms="38944" started-at="2018-08-29T23:00:49Z" finished-at="2018-08-29T23:01:27Z">
          <params>
            <param index="0">
              <value>
                <![CDATA[org.testng.TestRunner@185592c2]]>
              </value>
            </param>
            <param index="1">
              <value>
                <![CDATA[public void aut.tests.functionaltests.EmarTestCases.QA151_Behavior_Monitoring_on_eMAR(org.testng.ITestContext) throws java.lang.Throwable]]>
              </value>
            </param>
          </params>
          <reporter-output>
          </reporter-output>
        </test-method> <!-- beforeMethod -->
        <test-method status="PASS" signature="QA151_Behavior_Monitoring_on_eMAR(org.testng.ITestContext)[pri:0, instance:aut.tests.functionaltests.EmarTestCases@26275bef]" name="QA151_Behavior_Monitoring_on_eMAR" duration-ms="173897" started-at="2018-08-29T23:01:27Z" finished-at="2018-08-29T23:04:21Z">
          <params>
            <param index="0">
              <value>
                <![CDATA[org.testng.TestRunner@185592c2]]>
              </value>
            </param>
          </params>
          <reporter-output>
          </reporter-output>
        </test-method> <!-- QA151_Behavior_Monitoring_on_eMAR -->
        <test-method status="PASS" signature="afterMethod(org.testng.ITestContext, org.testng.ITestResult, java.lang.reflect.Method)[pri:0, instance:aut.tests.functionaltests.EmarTestCases@26275bef]" name="afterMethod" is-config="true" duration-ms="5591" started-at="2018-08-29T23:04:21Z" finished-at="2018-08-29T23:04:27Z">
          <params>
            <param index="0">
              <value>
                <![CDATA[org.testng.TestRunner@185592c2]]>
              </value>
            </param>
            <param index="1">
              <value>
                <![CDATA[[TestResult name=QA151_Behavior_Monitoring_on_eMAR status=SUCCESS method=EmarTestCases.QA151_Behavior_Monitoring_on_eMAR(org.testng.ITestContext)[pri:0, instance:aut.tests.functionaltests.EmarTestCases@26275bef] output={null}]]]>
              </value>
            </param>
            <param index="2">
              <value>
                <![CDATA[public void aut.tests.functionaltests.EmarTestCases.QA151_Behavior_Monitoring_on_eMAR(org.testng.ITestContext) throws java.lang.Throwable]]>
              </value>
            </param>
          </params>
          <reporter-output>
          </reporter-output>
        </test-method> <!-- afterMethod -->
        <test-method status="PASS" signature="beforeMethod(org.testng.ITestContext, java.lang.reflect.Method)[pri:0, instance:aut.tests.functionaltests.EmarTestCases@26275bef]" name="beforeMethod" is-config="true" duration-ms="41916" started-at="2018-08-29T23:04:27Z" finished-at="2018-08-29T23:05:09Z">
          <params>
            <param index="0">
              <value>
                <![CDATA[org.testng.TestRunner@185592c2]]>
              </value>
            </param>
            <param index="1">
              <value>
                <![CDATA[public void aut.tests.functionaltests.EmarTestCases.QA173_Creation_Of_Med_Inventory(org.testng.ITestContext) throws java.lang.Throwable]]>
              </value>
            </param>
          </params>
          <reporter-output>
          </reporter-output>
        </test-method> <!-- beforeMethod -->
        <test-method status="PASS" signature="QA173_Creation_Of_Med_Inventory(org.testng.ITestContext)[pri:0, instance:aut.tests.functionaltests.EmarTestCases@26275bef]" name="QA173_Creation_Of_Med_Inventory" duration-ms="228081" started-at="2018-08-29T23:05:09Z" finished-at="2018-08-29T23:08:57Z">
          <params>
            <param index="0">
              <value>
                <![CDATA[org.testng.TestRunner@185592c2]]>
              </value>
            </param>
          </params>
          <reporter-output>
          </reporter-output>
        </test-method> <!-- QA173_Creation_Of_Med_Inventory -->
        <test-method status="PASS" signature="afterMethod(org.testng.ITestContext, org.testng.ITestResult, java.lang.reflect.Method)[pri:0, instance:aut.tests.functionaltests.EmarTestCases@26275bef]" name="afterMethod" is-config="true" duration-ms="5588" started-at="2018-08-29T23:08:57Z" finished-at="2018-08-29T23:09:03Z">
          <params>
            <param index="0">
              <value>
                <![CDATA[org.testng.TestRunner@185592c2]]>
              </value>
            </param>
            <param index="1">
              <value>
                <![CDATA[[TestResult name=QA173_Creation_Of_Med_Inventory status=SUCCESS method=EmarTestCases.QA173_Creation_Of_Med_Inventory(org.testng.ITestContext)[pri:0, instance:aut.tests.functionaltests.EmarTestCases@26275bef] output={null}]]]>
              </value>
            </param>
            <param index="2">
              <value>
                <![CDATA[public void aut.tests.functionaltests.EmarTestCases.QA173_Creation_Of_Med_Inventory(org.testng.ITestContext) throws java.lang.Throwable]]>
              </value>
            </param>
          </params>
          <reporter-output>
          </reporter-output>
        </test-method> <!-- afterMethod -->
        <test-method status="PASS" signature="afterTest(org.testng.ITestContext)[pri:0, instance:aut.tests.functionaltests.EmarTestCases@26275bef]" name="afterTest" is-config="true" duration-ms="52" started-at="2018-08-29T23:09:03Z" finished-at="2018-08-29T23:09:03Z">
          <params>
            <param index="0">
              <value>
                <![CDATA[org.testng.TestRunner@185592c2]]>
              </value>
            </param>
          </params>
          <reporter-output>
          </reporter-output>
        </test-method> <!-- afterTest -->
        <test-method status="PASS" signature="afterSuite(org.testng.ITestContext)[pri:0, instance:aut.tests.functionaltests.EmarTestCases@26275bef]" name="afterSuite" is-config="true" duration-ms="61" started-at="2018-08-29T23:09:03Z" finished-at="2018-08-29T23:09:03Z">
          <params>
            <param index="0">
              <value>
                <![CDATA[org.testng.TestRunner@185592c2]]>
              </value>
            </param>
          </params>
          <reporter-output>
          </reporter-output>
        </test-method> <!-- afterSuite -->
      </class> <!-- aut.tests.functionaltests.EmarTestCases -->
    </test> <!-- test -->
  </suite> <!-- SuiteRegression -->
</testng-results>
