<?xml version="1.0" encoding="UTF-8"?>
<!-- Generated by org.testng.reporters.JUnitXMLReporter -->
<testsuite hostname="HW1562" ignored="0" name="test" tests="3" failures="0" timestamp="29 Nov 2018 14:04:52 GMT" time="310.863" errors="0">
  <testcase name="POC_QA298_Verify_Hydration__Meal_And_Snack_For_Resident" time="68.386" classname="POC.tests.functionalTests.CarePlan_MealAndSnack_TestCases"/>
  <testcase name="POC_QA299_Verify_Lunch__Meal_And_Snack_For_Resident" time="80.981" classname="POC.tests.functionalTests.CarePlan_MealAndSnack_TestCases"/>
  <testcase name="POC_QA300_Verify_Test2__Meal_And_Snack_For_Resident" time="83.807" classname="POC.tests.functionalTests.CarePlan_MealAndSnack_TestCases"/>
</testsuite> <!-- test -->
